Task ID: 11
Generated Code: ['def remove_Occ(str,char):\r\n  str = str.replace(char, "")\r\n  str = str.replace(char, "")\r\n  return (str)']
Test passed: assert remove_Occ("hello","l") == "heo"
Test passed: assert remove_Occ("abcda","a") == "bcd"
Test passed: assert remove_Occ("PHP","P") == "H"
Task ID: 12
Generated Code: ['def sort_matrix(matrix):\r\n    matrix.sort(key = sum)\r\n    return matrix']
Test passed: assert sort_matrix([[1, 2, 3], [2, 4, 5], [1, 1, 1]])==[[1, 1, 1], [1, 2, 3], [2, 4, 5]]
Test passed: assert sort_matrix([[1, 2, 3], [-2, 4, -5], [1, -1, 1]])==[[-2, 4, -5], [1, -1, 1], [1, 2, 3]]
Test passed: assert sort_matrix([[5,8,9],[6,4,3],[2,1,4]])==[[2, 1, 4], [6, 4, 3], [5, 8, 9]]
Task ID: 13
Generated Code: ['def count_common(dict):\r\n    res = dict.most_common(4)\r\n    return (res)']
Test raised an exception: assert count_common(['red','green','black','pink','black','white','black','eyes','white','black','orange','pink','pink','red','red','white','orange','white',"black",'pink','green','green','pink','green','pink','white','orange',"orange",'red']) == [('pink', 6), ('black', 5), ('white', 5), ('red', 4)]
Exception: 'list' object has no attribute 'most_common'
Test raised an exception: assert count_common(['one', 'two', 'three', 'four', 'five', 'one', 'two', 'one', 'three', 'one']) == [('one', 4), ('two', 2), ('three', 2), ('four', 1)]
Exception: 'list' object has no attribute 'most_common'
Test raised an exception: assert count_common(['Facebook', 'Apple', 'Amazon', 'Netflix', 'Google', 'Apple', 'Netflix', 'Amazon']) == [('Apple', 2), ('Amazon', 2), ('Netflix', 2), ('Facebook', 1)]
Exception: 'list' object has no attribute 'most_common'
Task ID: 14
Generated Code: ['def find_Volume(b,h,l):\r\n  return (b*h*l)']
Test failed: assert find_Volume(10,8,6) == 240
Test failed: assert find_Volume(3,2,2) == 6
Test failed: assert find_Volume(1,2,1) == 1
Task ID: 15
Generated Code: ['def split_lowerstring(string):\r\n  res = [string[i:i+2] for i in range(len(string)) if string[i].islower()]\r\n  return (res)']
Test passed: assert split_lowerstring("AbCd")==['bC','d']
Test failed: assert split_lowerstring("Python")==['y', 't', 'h', 'o', 'n']
Test failed: assert split_lowerstring("Programming")==['r', 'o', 'g', 'r', 'a', 'm', 'm', 'i', 'n', 'g']
Task ID: 16
Generated Code: ["import re\r\ndef text_lowercase_underscore(text):\r\n  pattern = '[a-z]+_[a-z]+'\r\n  if re.search(pattern,  text):\r\n    return ('Found a match!')\r\n  else:\r\n    return ('No match!')"]
Test passed: assert text_lowercase_underscore("aab_cbbbc")==('Found a match!')
Test failed: assert text_lowercase_underscore("aab_Abbbc")==('Not matched!')
Test failed: assert text_lowercase_underscore("Aaab_abbbc")==('Not matched!')
Task ID: 17
Generated Code: ['def square_perimeter(side):\r\n  perimeter = side * 4\r\n  return perimeter']
Test passed: assert square_perimeter(10)==40
Test passed: assert square_perimeter(5)==20
Test passed: assert square_perimeter(4)==16
Task ID: 18
Generated Code: ["def remove_dirty_chars(str1, str2):\r\n  res = [ele for ele in str1 if ele not in str2]\r\n  return ''.join(res)"]
Test passed: assert remove_dirty_chars("probasscurve", "pros") == 'bacuve'
Test passed: assert remove_dirty_chars("digitalindia", "talent") == 'digiidi'
Test passed: assert remove_dirty_chars("exoticmiles", "toxic") == 'emles' 
Task ID: 19
Generated Code: ['def test_duplicate(arr):\r\n    res = set(arr)\r\n    if len(res) == len(arr):\r\n        return False\r\n    else:\r\n        return True']
Test passed: assert test_duplicate(([1,2,3,4,5]))==False
Test passed: assert test_duplicate(([1,2,3,4, 4]))==True
Test passed: assert test_duplicate([1,1,2,2,3,3,4,4,5])==True
Task ID: 20
Generated Code: ['def is_woodall(n): \r\n    if (n % 3 == 0 and n % 5 == 0): \r\n        return True\r\n    else: \r\n        return False']
Test failed: assert is_woodall(383) == True
Test passed: assert is_woodall(254) == False
Test passed: assert is_woodall(200) == False
Task ID: 21
Generated Code: ['def multiples_of_num(n,m):\r\n  return [n*i for i in range(1,m+1)]']
Test failed: assert multiples_of_num(4,3)== [3,6,9,12]
Test failed: assert multiples_of_num(2,5)== [5,10]
Test failed: assert multiples_of_num(9,2)== [2,4,6,8,10,12,14,16,18]
Task ID: 22
Generated Code: ['def find_first_duplicate(arr): \r\n    for i in range(len(arr)): \r\n        for j in range(i + 1, len(arr)): \r\n            if arr[i] == arr[j]: \r\n                return arr[i] \r\n    return -1']
Test passed: assert find_first_duplicate(([1, 2, 3, 4, 4, 5]))==4
Test passed: assert find_first_duplicate([1, 2, 3, 4])==-1
Test passed: assert find_first_duplicate([1, 1, 2, 3, 3, 2, 2])==1
Task ID: 23
Generated Code: ['def maximum_Sum(lists):\r\n    max_sum = 0\r\n    for sublist in lists:\r\n        max_sum = max(max_sum, sum(sublist))\r\n    return max_sum']
Test passed: assert maximum_Sum([[1,2,3],[4,5,6],[10,11,12],[7,8,9]]) == 33
Test passed: assert maximum_Sum([[0,1,1],[1,1,2],[3,2,1]]) == 6
Test passed: assert maximum_Sum([[0,1,3],[1,2,1],[9,8,2],[0,1,0],[6,4,8]]) == 19
Task ID: 24
Generated Code: ['def binary_to_decimal(n): \r\n    n = str(n) \r\n    n = n[::-1] \r\n    dec = 0\r\n    for i in range(len(n)): \r\n        dec += int(n[i]) * (2**i) \r\n    return dec']
Test passed: assert binary_to_decimal(100) == 4
Test passed: assert binary_to_decimal(1011) == 11
Test passed: assert binary_to_decimal(1101101) == 109
Task ID: 25
Generated Code: ['def find_Product(arr,n): \r\n    res = 1\r\n    for i in range(n): \r\n        res *= arr[i] \r\n    return res']
Test passed: assert find_Product([1,1,2,3],4) == 6
Test passed: assert find_Product([1,2,3,1,1],5) == 6
Test passed: assert find_Product([1,1,4,5,6],5) == 120
Task ID: 26
Generated Code: ['def check_k_elements(test_list, k):\r\n  res = all(map(lambda x: len(x) == k, test_list))\r\n  return (res)']
Test failed: assert check_k_elements([(4, 4), (4, 4, 4), (4, 4), (4, 4, 4, 4), (4, )], 4) == True
Test failed: assert check_k_elements([(7, 7, 7), (7, 7)], 7) == True
Test passed: assert check_k_elements([(9, 9), (9, 9, 9, 9)], 7) == False
Task ID: 27
Generated Code: ['def remove(list1):\r\n  res = [ele for ele in list1 if not ele.isdigit()]\r\n  return (res)']
Test failed: assert remove(['4words', '3letters', '4digits']) == ['words', 'letters', 'digits']
Test failed: assert remove(['28Jan','12Jan','11Jan']) == ['Jan','Jan','Jan']
Test failed: assert remove(['wonder1','wonder2','wonder3']) == ['wonder','wonder','wonder']
Task ID: 28
Generated Code: ['def binomial_Coeff(n,k): \r\n    if (k == 0 or k == n): \r\n        return 1; \r\n    return binomial_Coeff(n - 1, k - 1) + binomial_Coeff(n - 1, k);']
Test passed: assert binomial_Coeff(5,2) == 10
Test passed: assert binomial_Coeff(4,3) == 4
Test passed: assert binomial_Coeff(3,2) == 3
Task ID: 29
Generated Code: ['def get_Odd_Occurrence(arr,n): \r\n    res = arr[0] \r\n    for i in range(1,n): \r\n        if (arr[i] == res): \r\n            res = -1 * res \r\n        else: \r\n            res = res + arr[i] \r\n    if (res == 0): \r\n        return -1\r\n    else: \r\n        return res']
Test failed: assert get_Odd_Occurrence([1,2,3,1,2,3,1],7) == 1
Test failed: assert get_Odd_Occurrence([1,2,3,2,3,1,3],7) == 3
Test failed: assert get_Odd_Occurrence([2,3,5,4,5,2,4,3,5,2,4,4,2],13) == 5
Task ID: 30
Generated Code: ['def count_Substring_With_Equal_Ends(str): \r\n    count = 0\r\n    for i in range(len(str)): \r\n        for j in range(i, len(str)): \r\n            if (str[i] == str[j]): \r\n                count += 1\r\n    return count']
Test passed: assert count_Substring_With_Equal_Ends("abc") == 3
Test passed: assert count_Substring_With_Equal_Ends("abcda") == 6
Test passed: assert count_Substring_With_Equal_Ends("ab") == 2
Task ID: 31
Generated Code: ['from heapq import nlargest\r\ndef func(lists,k):\r\n    res = nlargest(k, set(x for l in lists for x in l))\r\n    return (res)']
Test failed: assert func([[1, 2, 6], [1, 3, 4, 5, 7, 8], [1, 3, 5, 6, 8, 9], [2, 5, 7, 11], [1, 4, 7, 8, 12]],3)==[5, 7, 1]
Test failed: assert func([[1, 2, 6], [1, 3, 4, 5, 7, 8], [1, 3, 5, 6, 8, 9], [2, 5, 7, 11], [1, 4, 7, 8, 12]],1)==[1]
Test failed: assert func([[1, 2, 6], [1, 3, 4, 5, 7, 8], [1, 3, 5, 6, 8, 9], [2, 5, 7, 11], [1, 4, 7, 8, 12]],5)==[6, 5, 7, 8, 1]
Task ID: 32
Generated Code: ['def max_Prime_Factors(n): \r\n    i = 2\r\n    while i * i <= n: \r\n        if n % i == 0: \r\n            n = n // i \r\n        else: \r\n            i += 1\r\n    return n']
Test passed: assert max_Prime_Factors(15) == 5
Test passed: assert max_Prime_Factors(6) == 3
Test passed: assert max_Prime_Factors(2) == 2
Task ID: 33
Generated Code: ['def decimal_To_Binary(n): \r\n    if (n == 0): \r\n        return 0\r\n    return (n % 2) + decimal_To_Binary(int(n / 2))']
Test failed: assert decimal_To_Binary(10) == 1010
Test passed: assert decimal_To_Binary(1) == 1
Test failed: assert decimal_To_Binary(20) == 10100
Task ID: 34
Generated Code: ['def find_missing(arr,n): \r\n    for i in range(1,n): \r\n        if (arr[i] != arr[i-1] + 1): \r\n            return arr[i-1] + 1\r\n    return arr[n-1] + 1']
Test passed: assert find_missing([1,2,3,5],4) == 4
Test passed: assert find_missing([1,3,4,5],4) == 2
Test passed: assert find_missing([1,2,3,5,6,7],5) == 4
Task ID: 35
Generated Code: ['def find_rect_num(n): \r\n    return n * (n + 1)']
Test passed: assert find_rect_num(4) == 20
Test passed: assert find_rect_num(5) == 30
Test passed: assert find_rect_num(6) == 42
Task ID: 36
Generated Code: ['No code block found.']
Task ID: 37
Generated Code: ['def sort_mixed_list(mixed_list):\r\n  return sorted(mixed_list)']
Test raised an exception: assert sort_mixed_list([19,'red',12,'green','blue', 10,'white','green',1])==[1, 10, 12, 19, 'blue', 'green', 'green', 'red', 'white']
Exception: '<' not supported between instances of 'str' and 'int'
Test raised an exception: assert sort_mixed_list([19,'red',12,'green','blue', 10,'white','green',1])==[1, 10, 12, 19, 'blue', 'green', 'green', 'red', 'white']
Exception: '<' not supported between instances of 'str' and 'int'
Test raised an exception: assert sort_mixed_list([19,'red',12,'green','blue', 10,'white','green',1])==[1, 10, 12, 19, 'blue', 'green', 'green', 'red', 'white']
Exception: '<' not supported between instances of 'str' and 'int'
Task ID: 38
Generated Code: ['def div_even_odd(list1):\r\n  for i in range(len(list1)):\r\n    if list1[i]%2==0:\r\n      even=list1[i]\r\n    else:\r\n      odd=list1[i]\r\n  return even/odd']
Test failed: assert div_even_odd([1,3,5,7,4,1,6,8])==4
Test failed: assert div_even_odd([1,2,3,4,5,6,7,8,9,10])==2
Test failed: assert div_even_odd([1,5,7,9,10])==10
Task ID: 39
Generated Code: ["def rearange_string(str1): \r\n    str1 = sorted(str1) \r\n    for i in range(len(str1)-1): \r\n        if str1[i] == str1[i+1]: \r\n            return ('Not Possible') \r\n    return (str1)"]
Test failed: assert rearange_string("aab")==('aba')
Test failed: assert rearange_string("aabb")==('abab')
Test failed: assert rearange_string("abccdd")==('cdabcd')
Task ID: 40
Generated Code: ['from collections import Counter\r\ndef freq_element(test_list):\r\n  res = Counter(ele for sublist in test_list for ele in sublist)\r\n  return (res)']
Test passed: assert freq_element([[1, 2, 3, 2], [4, 5, 6, 2], [7, 1, 9, 5]])==({2: 3, 1: 2, 5: 2, 3: 1, 4: 1, 6: 1, 7: 1, 9: 1})
Test passed: assert freq_element([[1,2,3,4],[5,6,7,8],[9,10,11,12]])==({1: 1, 2: 1, 3: 1, 4: 1, 5: 1, 6: 1, 7: 1, 8: 1, 9: 1, 10: 1, 11: 1, 12: 1})
Test passed: assert freq_element([[15,20,30,40],[80,90,100,110],[30,30,80,90]])==({30: 3, 80: 2, 90: 2, 15: 1, 20: 1, 40: 1, 100: 1, 110: 1})
Task ID: 41
Generated Code: ['def filter_evennumbers(nums):\r\n  return list(filter(lambda x: x % 2 == 0, nums))']
Test passed: assert filter_evennumbers([1, 2, 3, 4, 5, 6, 7, 8, 9, 10])==[2, 4, 6, 8, 10]
Test passed: assert filter_evennumbers([10,20,45,67,84,93])==[10,20,84]
Test passed: assert filter_evennumbers([5,7,9,8,6,4,3])==[8,6,4]
Task ID: 42
Generated Code: ['def find_Sum(arr,n): \r\n    res = 0\r\n    for i in range(n): \r\n        res += arr[i] \r\n    return (res)']
Test failed: assert find_Sum([1,2,3,1,1,4,5,6],8) == 3
Test failed: assert find_Sum([1,2,3,1,1],5) == 3
Test failed: assert find_Sum([1,1,2],3) == 2
Task ID: 43
Generated Code: ["import re\r\ndef text_match(text):\r\n  pattern = '[a-z]+_[a-z]+'\r\n  if re.search(pattern,  text):\r\n    return ('Found a match!')\r\n  else:\r\n    return('No match!')"]
Test passed: assert text_match("aab_cbbbc") == 'Found a match!'
Test failed: assert text_match("aab_Abbbc") == 'Not matched!'
Test failed: assert text_match("Aaab_abbbc") == 'Not matched!'
Task ID: 44
Generated Code: ["import re\r\ndef text_match_string(text):\r\n  pattern = '^python'\r\n  if re.search(pattern,  text):\r\n    return ('Matched!')\r\n  else:\r\n    return ('Not matched!')"]
Test passed: assert text_match_string(" python")==('Not matched!')
Test failed: assert text_match_string("python")==('Found a match!')
Test passed: assert text_match_string("  lang")==('Not matched!')
Task ID: 45
Generated Code: ['def get_gcd(arr): \r\n    res = arr[0] \r\n    for i in range(1, len(arr)): \r\n        res = gcd(res, arr[i]) \r\n    return res']
Test raised an exception: assert get_gcd([2, 4, 6, 8, 16]) == 2
Exception: name 'gcd' is not defined
Test raised an exception: assert get_gcd([1, 2, 3]) == 1
Exception: name 'gcd' is not defined
Test raised an exception: assert get_gcd([2, 4, 6, 8]) == 2 
Exception: name 'gcd' is not defined
Task ID: 46
Generated Code: ['def test_distinct(nums):\r\n    return len(nums) == len(set(nums))']
Test passed: assert test_distinct([1,5,7,9]) == True
Test passed: assert test_distinct([2,4,5,5,7,9]) == False
Test passed: assert test_distinct([1,2,3]) == True
Task ID: 47
Generated Code: ['def compute_Last_Digit(n,m): \r\n    if (n == m): \r\n        return 1\r\n    if (n > m): \r\n        return 0\r\n    return (compute_Last_Digit(n,m - 1) * compute_Last_Digit(n - 1,m)) % 10']
Test raised an exception: assert compute_Last_Digit(2,4) == 2
Exception: maximum recursion depth exceeded in comparison
Test raised an exception: assert compute_Last_Digit(6,8) == 6
Exception: maximum recursion depth exceeded in comparison
Test raised an exception: assert compute_Last_Digit(1,2) == 2
Exception: maximum recursion depth exceeded in comparison
Task ID: 48
Generated Code: ['def odd_bit_set_number(n): \r\n    n = n | (n + 1) \r\n    return n']
Test failed: assert odd_bit_set_number(10) == 15
Test passed: assert odd_bit_set_number(20) == 21
Test passed: assert odd_bit_set_number(30) == 31
Task ID: 49
Generated Code: ['def specified_element(test_list,specified_element):\r\n  res = [ele[specified_element] for ele in test_list]\r\n  return (res)']
Test passed: assert specified_element([[1, 2, 3, 2], [4, 5, 6, 2], [7, 1, 9, 5]],0)==[1, 4, 7]
Test passed: assert specified_element([[1, 2, 3, 2], [4, 5, 6, 2], [7, 1, 9, 5]],2)==[3, 6, 9]
Test passed: assert specified_element([[1, 2, 3, 2], [4, 5, 6, 2], [7, 1, 9, 5]],1)==[2,5,1]
Task ID: 50
Generated Code: ['def min_length_list(test_list):\r\n  res = min(test_list, key = len)\r\n  return (len(res), res)']
Test passed: assert min_length_list([[0], [1, 3], [5, 7], [9, 11], [13, 15, 17]])==(1, [0])
Test passed: assert min_length_list([[1,2,3,4,5],[1,2,3,4],[1,2,3],[1,2],[1]])==(1,[1])
Test passed: assert min_length_list([[3,4,5],[6,7,8,9],[10,11,12],[1,2]])==(2,[1,2])
Task ID: 51
Generated Code: ['def check_equilateral(a,b,c): \r\n    if (a == b == c): \r\n        return True\r\n    else: \r\n        return False']
Test passed: assert check_equilateral(6,8,12)==False 
Test passed: assert check_equilateral(6,6,12)==False
Test passed: assert check_equilateral(6,6,6)==True
Task ID: 52
Generated Code: ['def parallelogram_area(base,height):\r\n  area=base*height\r\n  return area']
Test passed: assert parallelogram_area(10,20)==200
Test passed: assert parallelogram_area(15,20)==300
Test passed: assert parallelogram_area(8,9)==72
Task ID: 53
Generated Code: ['def check_Equality(string):\r\n  if (string[0] == string[-1]):\r\n    return "Equal"\r\n  else:\r\n    return "Not Equal"']
Test passed: assert check_Equality("abcda") == "Equal"
Test passed: assert check_Equality("ab") == "Not Equal"
Test passed: assert check_Equality("mad") == "Not Equal"
Task ID: 54
Generated Code: ['def counting_sort(arr): \r\n    max_val = max(arr) \r\n    min_val = min(arr) \r\n    range_of_arr = max_val - min_val + 1\r\n    count_arr = [0 for i in range(range_of_arr)] \r\n    for i in range(0, len(arr)): \r\n        count_arr[arr[i] - min_val] += 1\r\n    for i in range(1, len(count_arr)): \r\n        count_arr[i] += count_arr[i - 1] \r\n    output_arr = [0 for i in range(len(arr))] \r\n    for i in range(len(arr)-1, -1, -1): \r\n        output_arr[count_arr[arr[i] - min_val] - 1] = arr[i] \r\n        count_arr[arr[i] - min_val] -= 1\r\n    return output_arr']
Test passed: assert counting_sort([1,23,4,5,6,7,8]) == [1, 4, 5, 6, 7, 8, 23]
Test passed: assert counting_sort([12, 9, 28, 33, 69, 45]) == [9, 12, 28, 33, 45, 69]
Test passed: assert counting_sort([8, 4, 14, 3, 2, 1]) == [1, 2, 3, 4, 8, 14]
Task ID: 55
Generated Code: ['def tn_gp(a,r,n): \r\n    return a * (pow(r,n) - 1)']
Test failed: assert tn_gp(1,5,2)==16
Test failed: assert tn_gp(1,5,4)==256
Test failed: assert tn_gp(2,6,3)==486
Task ID: 56
Generated Code: ['def check(n): \r\n    rev = 0\r\n    while (n > 0): \r\n        rev = rev * 10 + n % 10\r\n        n = n // 10\r\n    if (n == 2 * rev - 1): \r\n        return True\r\n    return False']
Test passed: assert check(70) == False
Test passed: assert check(23) == False
Test failed: assert check(73) == True
Task ID: 57
Generated Code: ['def find_Max_Num(arr,n): \r\n    arr.sort(reverse = True) \r\n    res = "" \r\n    for i in range(n): \r\n        res += str(arr[i]) \r\n    return int(res)']
Test passed: assert find_Max_Num([1,2,3],3) == 321
Test passed: assert find_Max_Num([4,5,6,1],4) == 6541
Test passed: assert find_Max_Num([1,2,3,9],4) == 9321
Task ID: 58
Generated Code: ['def opposite_Signs(x,y): \r\n    if (x*y < 0): \r\n        return True\r\n    else: \r\n        return False']
Test passed: assert opposite_Signs(1,-2) == True
Test passed: assert opposite_Signs(3,2) == False
Test passed: assert opposite_Signs(-10,-10) == False
Task ID: 59
Generated Code: ['def is_octagonal(n): \r\n    return n * (3 * n - 2)']
Test passed: assert is_octagonal(5) == 65
Test passed: assert is_octagonal(10) == 280
Test passed: assert is_octagonal(15) == 645
Task ID: 60
Generated Code: ['def max_len_sub(arr, n): \r\n    res = 0\r\n    for i in range(n): \r\n        for j in range(i + 1, n): \r\n            if abs(arr[i] - arr[j]) == 1: \r\n                res = max(res, j - i + 1) \r\n    return res']
Test passed: assert max_len_sub([2, 5, 6, 3, 7, 6, 5, 8], 8) == 5
Test failed: assert max_len_sub([-2, -1, 5, -1, 4, 0, 3], 7) == 4
Test failed: assert max_len_sub([9, 11, 13, 15, 18], 5) == 1
Task ID: 61
Generated Code: ['def count_Substrings(s,n): \r\n    count = 0\r\n    for i in range(n): \r\n        for j in range(i,n): \r\n            if (sum(map(int,s[i:j+1])) == len(s[i:j+1])): \r\n                count += 1\r\n    return count']
Test passed: assert count_Substrings('112112',6) == 6
Test passed: assert count_Substrings('111',3) == 6
Test passed: assert count_Substrings('1101112',7) == 12
Task ID: 62
Generated Code: ['def smallest_num(list): \r\n    return min(list)']
Test passed: assert smallest_num([10, 20, 1, 45, 99]) == 1
Test passed: assert smallest_num([1, 2, 3]) == 1
Test passed: assert smallest_num([45, 46, 50, 60]) == 45
Task ID: 63
Generated Code: ['def max_difference(test_list):\r\n  res = max(test_list, key=lambda x: x[1] - x[0])\r\n  return (res[1] - res[0])']
Test failed: assert max_difference([(3, 5), (1, 7), (10, 3), (1, 2)]) == 7
Test passed: assert max_difference([(4, 6), (2, 17), (9, 13), (11, 12)]) == 15
Test passed: assert max_difference([(12, 35), (21, 27), (13, 23), (41, 22)]) == 23
Task ID: 64
Generated Code: ['def subject_marks(test_list):\r\n  test_list.sort(key = lambda x: x[1])\r\n  return (test_list)']
Test passed: assert subject_marks([('English', 88), ('Science', 90), ('Maths', 97), ('Social sciences', 82)])==[('Social sciences', 82), ('English', 88), ('Science', 90), ('Maths', 97)]
Test passed: assert subject_marks([('Telugu',49),('Hindhi',54),('Social',33)])==([('Social',33),('Telugu',49),('Hindhi',54)])
Test passed: assert subject_marks([('Physics',96),('Chemistry',97),('Biology',45)])==([('Biology',45),('Physics',96),('Chemistry',97)])
Task ID: 65
Generated Code: ['def recursive_list_sum(test_list):\r\n  res = 0\r\n  for i in test_list:\r\n    if type(i) == list:\r\n      res += recursive_list_sum(i)\r\n    else:\r\n      res += i\r\n  return res']
Test passed: assert recursive_list_sum(([1, 2, [3,4],[5,6]]))==21
Test passed: assert recursive_list_sum(([7, 10, [15,14],[19,41]]))==106
Test passed: assert recursive_list_sum(([10, 20, [30,40],[50,60]]))==210
Task ID: 66
Generated Code: ['def pos_count(list1):\r\n    count = 0\r\n    for i in list1:\r\n        if i > 0:\r\n            count += 1\r\n    return count']
Test passed: assert pos_count([1,-2,3,-4]) == 2
Test passed: assert pos_count([3,4,5,-1]) == 3
Test passed: assert pos_count([1,2,3,4]) == 4
Task ID: 67
Generated Code: ['def bell_number(n): \r\n    bell = [[0 for i in range(n + 1)] for j in range(n + 1)] \r\n    bell[0][0] = 1\r\n    for i in range(1, n + 1): \r\n        bell[i][0] = bell[i - 1][i - 1] \r\n        for j in range(1, i + 1): \r\n            bell[i][j] = bell[i - 1][j - 1] + bell[i][j - 1] \r\n    return bell[n][0]']
Test passed: assert bell_number(2)==2
Test passed: assert bell_number(10)==115975
Test passed: assert bell_number(56)==6775685320645824322581483068371419745979053216268760300
Task ID: 68
Generated Code: ['def is_Monotonic(arr):\r\n    if len(arr) < 2:\r\n        return True\r\n    inc = True\r\n    dec = True\r\n    for i in range(len(arr)-1):\r\n        if arr[i] > arr[i+1]:\r\n            inc = False\r\n        if arr[i] < arr[i+1]:\r\n            dec = False\r\n    return inc or dec']
Test passed: assert is_Monotonic([6, 5, 4, 4]) == True
Test passed: assert is_Monotonic([1, 2, 2, 3]) == True
Test passed: assert is_Monotonic([1, 3, 2]) == False
Task ID: 69
Generated Code: ['def is_sublist(list1,list2):\r\n    for i in range(len(list1)):\r\n        for j in range(len(list2)):\r\n            if list1[i] == list2[j]:\r\n                return True\r\n    return False']
Test failed: assert is_sublist([2,4,3,5,7],[3,7])==False
Test passed: assert is_sublist([2,4,3,5,7],[4,3])==True
Test passed: assert is_sublist([2,4,3,5,7],[1,6])==False
Task ID: 70
Generated Code: ["def get_equal(test_list):\r\n  res = all(map(lambda x: len(x) == len(test_list[0]), test_list))\r\n  if (res):\r\n    return ('All tuples have same length')\r\n  else:\r\n    return ('All tuples do not have same length')"]
Test raised an exception: assert get_equal([(11, 22, 33), (44, 55, 66)], 3) == 'All tuples have same length'
Exception: get_equal() takes 1 positional argument but 2 were given
Test raised an exception: assert get_equal([(1, 2, 3), (4, 5, 6, 7)], 3) == 'All tuples do not have same length'
Exception: get_equal() takes 1 positional argument but 2 were given
Test raised an exception: assert get_equal([(1, 2), (3, 4)], 2) == 'All tuples have same length'
Exception: get_equal() takes 1 positional argument but 2 were given
Task ID: 71
Generated Code: ['def comb_sort(list): \r\n    gap = len(list) \r\n    swaps = True\r\n    while (gap > 1 or swaps): \r\n        gap = int(gap / 1.3) \r\n        swaps = False\r\n        for i in range(len(list) - gap): \r\n            if list[i] > list[i + gap]: \r\n                list[i], list[i + gap] = list[i + gap], list[i] \r\n                swaps = True\r\n    return list']
Test passed: assert comb_sort([5, 15, 37, 25, 79]) == [5, 15, 25, 37, 79]
Test passed: assert comb_sort([41, 32, 15, 19, 22]) == [15, 19, 22, 32, 41]
Test passed: assert comb_sort([99, 15, 13, 47]) == [13, 15, 47, 99]
Task ID: 72
Generated Code: ['def dif_Square(n): \r\n    for i in range(1, n): \r\n        if (n - i*i == i*i): \r\n            return True\r\n    return False']
Test failed: assert dif_Square(5) == True
Test passed: assert dif_Square(10) == False
Test failed: assert dif_Square(15) == True
Task ID: 73
Generated Code: ["import re\r\ndef multiple_split(text):\r\n  return (re.split('[*]|[ ]', text))"]
Test failed: assert multiple_split('Forces of the \ndarkness*are coming into the play.') == ['Forces of the ', 'darkness', 'are coming into the play.']
Test failed: assert multiple_split('Mi Box runs on the \n Latest android*which has google assistance and chromecast.') == ['Mi Box runs on the ', ' Latest android', 'which has google assistance and chromecast.']
Test failed: assert multiple_split('Certain services\nare subjected to change*over the seperate subscriptions.') == ['Certain services', 'are subjected to change', 'over the seperate subscriptions.']
Task ID: 74
Generated Code: ['def is_samepatterns(patterns, test_case):\r\n  for i in range(len(patterns)):\r\n    if patterns[i] != test_case[i]:\r\n      return False\r\n  return True']
Test failed: assert is_samepatterns(["red","green","green"], ["a", "b", "b"])==True 
Test passed: assert is_samepatterns(["red","green","greenn"], ["a","b","b"])==False 
Test passed: assert is_samepatterns(["red","green","greenn"], ["a","b"])==False 
Task ID: 75
Generated Code: ['def find_tuples(test_list, k):\r\n  res = [ele for ele in test_list if all(ele[i] % k == 0 for i in range(len(ele)))]\r\n  return (str(res))']
Test passed: assert find_tuples([(6, 24, 12), (7, 9, 6), (12, 18, 21)], 6) == '[(6, 24, 12)]'
Test passed: assert find_tuples([(5, 25, 30), (4, 2, 3), (7, 8, 9)], 5) == '[(5, 25, 30)]'
Test passed: assert find_tuples([(7, 9, 16), (8, 16, 4), (19, 17, 18)], 4) == '[(8, 16, 4)]'
Task ID: 76
Generated Code: ['def count_Squares(m,n): \r\n    count = 0\r\n    for i in range(1,m+1): \r\n        for j in range(1,n+1): \r\n            count += (m-i+1)*(n-j+1) \r\n    return count']
Test failed: assert count_Squares(4,3) == 20
Test failed: assert count_Squares(2,2) == 5
Test passed: assert count_Squares(1,1) == 1
Task ID: 77
Generated Code: ['def is_Diff (n) : \r\n    sum_even = 0\r\n    sum_odd = 0\r\n    while (n > 0) : \r\n        if (n % 2 == 0) : \r\n            sum_even += n % 10\r\n            n = n // 10\r\n        else : \r\n            sum_odd += n % 10\r\n            n = n // 10\r\n    if (sum_even == sum_odd) : \r\n        return False\r\n    else : \r\n        return True']
Test failed: assert is_Diff (12345) == False
Test passed: assert is_Diff(1212112) == True
Test failed: assert is_Diff(1212) == False
Task ID: 78
Generated Code: ["def count_With_Odd_SetBits(n) : \r\n    count = 0\r\n    for i in range(1,n+1) : \r\n        if (bin(i).count('1') % 2 == 1) : \r\n            count += 1\r\n    return count"]
Test passed: assert count_With_Odd_SetBits(5) == 3
Test passed: assert count_With_Odd_SetBits(10) == 5
Test passed: assert count_With_Odd_SetBits(15) == 8
Task ID: 79
Generated Code: ['def word_len(word):\r\n  if len(word) % 2 == 0:\r\n    return True\r\n  else:\r\n    return False']
Test failed: assert word_len("Hadoop") == False
Test failed: assert word_len("great") == True
Test failed: assert word_len("structure") == True
Task ID: 80
Generated Code: ['def tetrahedral_number(n): \r\n    return (n * (n + 1) * (n + 2)) / 6']
Test passed: assert tetrahedral_number(5) == 35.0
Test passed: assert tetrahedral_number(6) == 56.0
Test passed: assert tetrahedral_number(7) == 84.0
Task ID: 81
Generated Code: ['def zip_tuples(test_tup1, test_tup2):\r\n  res = list(zip(test_tup1, test_tup2))\r\n  return (res)']
Test failed: assert zip_tuples((7, 8, 4, 5, 9, 10),(1, 5, 6) ) == [(7, 1), (8, 5), (4, 6), (5, 1), (9, 5), (10, 6)]
Test failed: assert zip_tuples((8, 9, 5, 6, 10, 11),(2, 6, 7) ) == [(8, 2), (9, 6), (5, 7), (6, 2), (10, 6), (11, 7)]
Test failed: assert zip_tuples((9, 10, 6, 7, 11, 12),(3, 7, 8) ) == [(9, 3), (10, 7), (6, 8), (7, 3), (11, 7), (12, 8)]
Task ID: 82
Generated Code: ['import math\r\ndef volume_sphere(r):\r\n  return (4/3)*math.pi*r**3']
Test passed: assert volume_sphere(10)==4188.790204786391
Test passed: assert volume_sphere(25)==65449.84694978735
Test passed: assert volume_sphere(20)==33510.32163829113
Task ID: 83
Generated Code: ['def get_Char(str1): \r\n    res = "" \r\n    for i in range(len(str1)): \r\n        res += chr(ord(str1[i]) + i) \r\n    return (res)']
Test failed: assert get_Char("abc") == "f"
Test failed: assert get_Char("gfg") == "t"
Test failed: assert get_Char("ab") == "c"
Task ID: 84
Generated Code: ['def sequence(n): \r\n    if (n == 1): \r\n        return 1\r\n    if (n == 2): \r\n        return 2\r\n    if (n == 3): \r\n        return 3\r\n    return sequence(sequence(sequence(n - 1) - sequence(sequence(n - 2))))']
Test raised an exception: assert sequence(10) == 6
Exception: maximum recursion depth exceeded in comparison
Test failed: assert sequence(2) == 1
Test failed: assert sequence(3) == 2
Task ID: 85
Generated Code: ['import math\r\ndef surfacearea_sphere(r):\r\n    return 4*math.pi*r*r']
Test passed: assert surfacearea_sphere(10)==1256.6370614359173
Test passed: assert surfacearea_sphere(15)==2827.4333882308138
Test passed: assert surfacearea_sphere(20)==5026.548245743669
Task ID: 86
Generated Code: ['def centered_hexagonal_number(n): \r\n    return n * (2*n - 1)']
Test failed: assert centered_hexagonal_number(10) == 271
Test failed: assert centered_hexagonal_number(2) == 7
Test failed: assert centered_hexagonal_number(9) == 217
Task ID: 87
Generated Code: ['def merge_dictionaries_three(dict1, dict2, dict3):\r\n  res = {**dict1, **dict2, **dict3}\r\n  return (res)']
Test passed: assert merge_dictionaries_three({ "R": "Red", "B": "Black", "P": "Pink" }, { "G": "Green", "W": "White" },{ "O": "Orange", "W": "White", "B": "Black" })=={'B': 'Black', 'R': 'Red', 'P': 'Pink', 'G': 'Green', 'W': 'White', 'O': 'Orange'}
Test failed: assert merge_dictionaries_three({ "R": "Red", "B": "Black", "P": "Pink" }, { "G": "Green", "W": "White" },{"L":"lavender","B":"Blue"})=={'W': 'White', 'P': 'Pink', 'B': 'Black', 'R': 'Red', 'G': 'Green', 'L': 'lavender'}
Test failed: assert merge_dictionaries_three({ "R": "Red", "B": "Black", "P": "Pink" },{"L":"lavender","B":"Blue"},{ "G": "Green", "W": "White" })=={'B': 'Black', 'P': 'Pink', 'R': 'Red', 'G': 'Green', 'L': 'lavender', 'W': 'White'}
Task ID: 88
Generated Code: ['def freq_count(list1):\r\n  res = dict()\r\n  for i in list1:\r\n    if i in res:\r\n      res[i] += 1\r\n    else:\r\n      res[i] = 1\r\n  return (res)']
Test passed: assert freq_count([10,10,10,10,20,20,20,20,40,40,50,50,30])==({10: 4, 20: 4, 40: 2, 50: 2, 30: 1}) 
Test passed: assert freq_count([1,2,3,4,3,2,4,1,3,1,4])==({1:3, 2:2,3:3,4:3}) 
Test passed: assert freq_count([5,6,7,4,9,10,4,5,6,7,9,5])==({10:1,5:3,6:2,7:2,4:2,9:2}) 
Task ID: 89
Generated Code: ['def closest_num(n): \r\n    return n - 1']
Test passed: assert closest_num(11) == 10
Test passed: assert closest_num(7) == 6
Test passed: assert closest_num(12) == 11
Task ID: 90
Generated Code: ['def len_log(list1):\r\n  max_len = 0\r\n  for i in list1:\r\n    if len(i) > max_len:\r\n      max_len = len(i)\r\n  return max_len']
Test passed: assert len_log(["python","PHP","bigdata"]) == 7
Test passed: assert len_log(["a","ab","abc"]) == 3
Test passed: assert len_log(["small","big","tall"]) == 5
Task ID: 91
Generated Code: ['def find_substring(list1,sub):\r\n  for i in list1:\r\n    if (sub in i):\r\n      return True\r\n  return False']
Test passed: assert find_substring(["red", "black", "white", "green", "orange"],"ack")==True
Test passed: assert find_substring(["red", "black", "white", "green", "orange"],"abc")==False
Test passed: assert find_substring(["red", "black", "white", "green", "orange"],"ange")==True
Task ID: 92
Generated Code: ['def is_undulating(num):\r\n    res = True\r\n    for i in range(len(num)-1):\r\n        if num[i] == num[i+1]:\r\n            res = False\r\n            break\r\n    return (res)']
Test passed: assert is_undulating("1212121") == True
Test passed: assert is_undulating("1991") == False
Test passed: assert is_undulating("121") == True
Task ID: 93
Generated Code: ['def power(a,b):\r\n  return a**b']
Test passed: assert power(3,4) == 81
Test passed: assert power(2,3) == 8
Test passed: assert power(5,5) == 3125
Task ID: 94
Generated Code: ['def index_minimum(test_list):\r\n  res = min(test_list, key=lambda x: x[1])\r\n  return (res[0])']
Test passed: assert index_minimum([('Rash', 143), ('Manjeet', 200), ('Varsha', 100)]) == 'Varsha'
Test passed: assert index_minimum([('Yash', 185), ('Dawood', 125), ('Sanya', 175)]) == 'Dawood'
Test passed: assert index_minimum([('Sai', 345), ('Salman', 145), ('Ayesha', 96)]) == 'Ayesha'
Task ID: 95
Generated Code: ['def Find_Min_Length(test_list):\r\n  res = min(map(len, test_list))\r\n  return (res)']
Test passed: assert Find_Min_Length([[1],[1,2]]) == 1
Test passed: assert Find_Min_Length([[1,2],[1,2,3],[1,2,3,4]]) == 2
Test passed: assert Find_Min_Length([[3,3,3],[4,4,4,4]]) == 3
Task ID: 96
Generated Code: ['def divisor(n): \r\n    count = 0\r\n    for i in range(1, n + 1): \r\n        if (n % i == 0): \r\n            count += 1\r\n    return count']
Test passed: assert divisor(15) == 4 
Test passed: assert divisor(12) == 6
Test passed: assert divisor(9) == 3
Task ID: 97
Generated Code: ['def frequency_lists(lists):\r\n    freq = {}\r\n    for sublist in lists:\r\n        for item in sublist:\r\n            if item in freq:\r\n                freq[item] += 1\r\n            else:\r\n                freq[item] = 1\r\n    return freq']
Test passed: assert frequency_lists([[1, 2, 3, 2], [4, 5, 6, 2], [7, 8, 9, 5]])=={1: 1, 2: 3, 3: 1, 4: 1, 5: 2, 6: 1, 7: 1, 8: 1, 9: 1}
Test passed: assert frequency_lists([[1,2,3,4],[5,6,7,8],[9,10,11,12]])=={1: 1, 2: 1, 3: 1, 4: 1, 5: 1, 6: 1, 7: 1, 8: 1, 9: 1,10:1,11:1,12:1}
Test passed: assert frequency_lists([[20,30,40,17],[18,16,14,13],[10,20,30,40]])=={20:2,30:2,40:2,17: 1,18:1, 16: 1,14: 1,13: 1, 10: 1}
Task ID: 98
Generated Code: ['def multiply_num(nums):\r\n  res = 1\r\n  for i in nums:\r\n    res *= i\r\n  return res/len(nums)']
Test passed: assert multiply_num((8, 2, 3, -1, 7))==-67.2
Test passed: assert multiply_num((-10,-20,-30))==-2000.0
Test passed: assert multiply_num((19,15,18))==1710.0
Task ID: 99
Generated Code: ['def decimal_to_binary(n): \r\n    return bin(n).replace("0b", "")']
Test passed: assert decimal_to_binary(8) == '1000'
Test passed: assert decimal_to_binary(18) == '10010'
Test passed: assert decimal_to_binary(7) == '111' 
Task ID: 100
Generated Code: ['def next_smallest_palindrome(n): \r\n    while True: \r\n        n -= 1\r\n        if str(n) == str(n)[::-1]: \r\n            return n\r\n        else: \r\n            continue']
Test failed: assert next_smallest_palindrome(99)==101
Test failed: assert next_smallest_palindrome(1221)==1331
Test failed: assert next_smallest_palindrome(120)==121
Task ID: 101
Generated Code: ['def kth_element(arr, n, k): \r\n    arr.sort() \r\n    return arr[k-1]']
Test failed: assert kth_element([12,3,5,7,19], 5, 2) == 3
Test failed: assert kth_element([17,24,8,23], 4, 3) == 8
Test failed: assert kth_element([16,21,25,36,4], 5, 4) == 36
Task ID: 102
Generated Code: ["def snake_to_camel(snake_str):\r\n    return ''.join(x.title() for x in snake_str.split('_'))"]
Test passed: assert snake_to_camel('python_program')=='PythonProgram'
Test passed: assert snake_to_camel('python_language')==('PythonLanguage')
Test passed: assert snake_to_camel('programming_language')==('ProgrammingLanguage')
Task ID: 103
Generated Code: ['def eulerian_num(n, m): \r\n    if (m == 0): \r\n        return 1\r\n    if (m == 1): \r\n        return n \r\n    return (eulerian_num(n - 1, m - 1) + eulerian_num(n - 1, m))']
Test failed: assert eulerian_num(3, 1) == 4
Test failed: assert eulerian_num(4, 1) == 11
Test raised an exception: assert eulerian_num(5, 3) == 26
Exception: maximum recursion depth exceeded in comparison
Task ID: 104
Generated Code: ['def sort_sublists(test_list):\r\n  res = [sorted(sublist) for sublist in test_list]\r\n  return (res)']
Test passed: assert sort_sublists((["green", "orange"], ["black", "white"], ["white", "black", "orange"]))==[['green', 'orange'], ['black', 'white'], ['black', 'orange', 'white']]
Test passed: assert sort_sublists(([" red ","green" ],["blue "," black"],[" orange","brown"]))==[[' red ', 'green'], [' black', 'blue '], [' orange', 'brown']]
Test passed: assert sort_sublists((["zilver","gold"], ["magnesium","aluminium"], ["steel", "bronze"]))==[['gold', 'zilver'],['aluminium', 'magnesium'], ['bronze', 'steel']]
Task ID: 105
Generated Code: ['def count(list): \r\n    count = 0\r\n    for i in list: \r\n        if i == True: \r\n            count += 1\r\n    return count']
Test passed: assert count([True,False,True]) == 2
Test passed: assert count([False,False]) == 0
Test passed: assert count([True,True,True]) == 3
Task ID: 106
Generated Code: ['def add_lists(test_list, test_tuple):\r\n  res = test_tuple + test_list\r\n  return (res)']
Test raised an exception: assert add_lists([5, 6, 7], (9, 10)) == (9, 10, 5, 6, 7)
Exception: can only concatenate tuple (not "list") to tuple
Test raised an exception: assert add_lists([6, 7, 8], (10, 11)) == (10, 11, 6, 7, 8)
Exception: can only concatenate tuple (not "list") to tuple
Test raised an exception: assert add_lists([7, 8, 9], (11, 12)) == (11, 12, 7, 8, 9)
Exception: can only concatenate tuple (not "list") to tuple
Task ID: 107
Generated Code: ['def count_Hexadecimal(start,end): \r\n    count = 0\r\n    for i in range(start,end+1): \r\n        if (i >= 0 and i <= 15): \r\n            count += 1\r\n    return count']
Test passed: assert count_Hexadecimal(10,15) == 6
Test failed: assert count_Hexadecimal(2,4) == 0
Test passed: assert count_Hexadecimal(15,16) == 1
Task ID: 108
Generated Code: ['from heapq import heapify, heappop, heapreplace\r\ndef merge_sorted_list(lists):\r\n    heap = []\r\n    for i, lst in enumerate(lists):\r\n        heapify(lst)\r\n        heap = heap + lst\r\n    return heap']
Test raised an exception: assert merge_sorted_list([25, 24, 15, 4, 5, 29, 110],[19, 20, 11, 56, 25, 233, 154],[24, 26, 54, 48])==[4, 5, 11, 15, 19, 20, 24, 24, 25, 25, 26, 29, 48, 54, 56, 110, 154, 233]
Exception: merge_sorted_list() takes 1 positional argument but 3 were given
Test raised an exception: assert merge_sorted_list([1, 3, 5, 6, 8, 9], [2, 5, 7, 11], [1, 4, 7, 8, 12])==[1, 1, 2, 3, 4, 5, 5, 6, 7, 7, 8, 8, 9, 11, 12]
Exception: merge_sorted_list() takes 1 positional argument but 3 were given
Test raised an exception: assert merge_sorted_list([18, 14, 10, 9, 8, 7, 9, 3, 2, 4, 1],[25, 35, 22, 85, 14, 65, 75, 25, 58],[12, 74, 9, 50, 61, 41])==[1, 2, 3, 4, 7, 8, 9, 9, 9, 10, 12, 14, 14, 18, 22, 25, 25, 35, 41, 50, 58, 61, 65, 74, 75, 85]
Exception: merge_sorted_list() takes 1 positional argument but 3 were given
Task ID: 109
Generated Code: ["def odd_Equivalent(s,n): \r\n    count = 0\r\n    for i in range(n): \r\n        if (s[i] == '1'): \r\n            count += 1\r\n    return count"]
Test passed: assert odd_Equivalent("011001",6) == 3
Test passed: assert odd_Equivalent("11011",5) == 4
Test passed: assert odd_Equivalent("1010",4) == 2
Task ID: 110
Generated Code: ['def extract_missing(test_list, start, end):\r\n  res = []\r\n  for i in range(start, end):\r\n    if not any(i in range(x[0], x[1]) for x in test_list):\r\n      res.append((i, i))\r\n  for i in range(start, end):\r\n    if any(i in range(x[0], x[1]) for x in test_list):\r\n      continue\r\n    res.append((i, end))\r\n  return (res)']
Test failed: assert extract_missing([(6, 9), (15, 34), (48, 70)], 2, 100) == [(2, 6), (9, 100), (9, 15), (34, 100), (34, 48), (70, 100)]
Test failed: assert extract_missing([(7, 2), (15, 19), (38, 50)], 5, 60) == [(5, 7), (2, 60), (2, 15), (19, 60), (19, 38), (50, 60)]
Test failed: assert extract_missing([(7, 2), (15, 19), (38, 50)], 1, 52) == [(1, 7), (2, 52), (2, 15), (19, 52), (19, 38), (50, 52)]
Task ID: 111
Generated Code: ['def common_in_nested_lists(lists):\r\n    res = set(lists[0])\r\n    for i in lists[1:]:\r\n        res = res.intersection(i)\r\n    return list(res)']
Test passed: assert common_in_nested_lists([[12, 18, 23, 25, 45], [7, 12, 18, 24, 28], [1, 5, 8, 12, 15, 16, 18]])==[18, 12]
Test passed: assert common_in_nested_lists([[12, 5, 23, 25, 45], [7, 11, 5, 23, 28], [1, 5, 8, 18, 23, 16]])==[5,23]
Test passed: assert common_in_nested_lists([[2, 3,4, 1], [4, 5], [6,4, 8],[4, 5], [6, 8,4]])==[4]
Task ID: 112
Generated Code: ['def perimeter(r,h):\r\n  perimeter = 2 * (2 * 3.14 * r) + 2 * (3.14 * r * h)\r\n  return perimeter']
Test failed: assert perimeter(2,4) == 12
Test failed: assert perimeter(1,2) == 6
Test failed: assert perimeter(3,1) == 8
Task ID: 113
Generated Code: ['def check_integer(string):\r\n  try:\r\n    int(string)\r\n    return True\r\n  except ValueError:\r\n    return False']
Test passed: assert check_integer("python")==False
Test passed: assert check_integer("1")==True
Test passed: assert check_integer("12345")==True
Task ID: 114
Generated Code: ['def assign_freq(test_list):\r\n  res = []\r\n  for i in test_list:\r\n    res.append(tuple(map(lambda x: i.count(x), i)))\r\n  return (str(res))']
Test failed: assert assign_freq([(6, 5, 8), (2, 7), (6, 5, 8), (6, 5, 8), (9, ), (2, 7)] ) == '[(6, 5, 8, 3), (2, 7, 2), (9, 1)]'
Test failed: assert assign_freq([(4, 2, 4), (7, 1), (4, 8), (4, 2, 4), (9, 2), (7, 1)] ) == '[(4, 2, 4, 2), (7, 1, 2), (4, 8, 1), (9, 2, 1)]'
Test failed: assert assign_freq([(11, 13, 10), (17, 21), (4, 2, 3), (17, 21), (9, 2), (4, 2, 3)] ) == '[(11, 13, 10, 1), (17, 21, 2), (4, 2, 3, 2), (9, 2, 1)]'
Task ID: 115
Generated Code: ['def empty_dit(list1):\r\n  for i in list1:\r\n    if i:\r\n      return False\r\n  return True']
Test passed: assert empty_dit([{},{},{}])==True
Test passed: assert empty_dit([{1,2},{},{}])==False
Test passed: assert empty_dit({})==True
Task ID: 116
Generated Code: ["def tuple_to_int(test_tup):\r\n  res = int(''.join(map(str, test_tup)))\r\n  return (res)"]
Test passed: assert tuple_to_int((1,2,3))==123
Test passed: assert tuple_to_int((4,5,6))==456
Test passed: assert tuple_to_int((5,6,7))==567
Task ID: 117
Generated Code: ['def list_to_float(test_list):\r\n  res = [tuple(map(float, ele)) for ele in test_list]\r\n  return (str(res))']
Test passed: assert list_to_float( [("3", "4"), ("1", "26.45"), ("7.32", "8"), ("4", "8")] ) == '[(3.0, 4.0), (1.0, 26.45), (7.32, 8.0), (4.0, 8.0)]'
Test passed: assert list_to_float( [("4", "4"), ("2", "27"), ("4.12", "9"), ("7", "11")] ) == '[(4.0, 4.0), (2.0, 27.0), (4.12, 9.0), (7.0, 11.0)]'
Test passed: assert list_to_float( [("6", "78"), ("5", "26.45"), ("1.33", "4"), ("82", "13")] ) == '[(6.0, 78.0), (5.0, 26.45), (1.33, 4.0), (82.0, 13.0)]'
Task ID: 118
Generated Code: ['def string_to_list(string):\r\n  return (list(string.split(" ")))']
Test passed: assert string_to_list("python programming")==['python','programming']
Test passed: assert string_to_list("lists tuples strings")==['lists','tuples','strings']
Test passed: assert string_to_list("write a program")==['write','a','program']
Task ID: 119
Generated Code: ['def search(arr,n): \r\n    res = arr[0] \r\n    for i in range(1,n): \r\n        if (arr[i] != arr[i-1]): \r\n            res = arr[i] \r\n            break\r\n    return res']
Test failed: assert search([1,1,2,2,3],5) == 3
Test failed: assert search([1,1,3,3,4,4,5,5,7,7,8],11) == 8
Test failed: assert search([1,2,2,3,3,4,4],7) == 1
Task ID: 120
Generated Code: ['def max_product_tuple(test_list):\r\n  res = max([i[0]*i[1] for i in test_list])\r\n  return (res)']
Test passed: assert max_product_tuple([(2, 7), (2, 6), (1, 8), (4, 9)] )==36
Test passed: assert max_product_tuple([(10,20), (15,2), (5,10)] )==200
Test passed: assert max_product_tuple([(11,44), (10,15), (20,5), (12, 9)] )==484
Task ID: 121
Generated Code: ['def check_triplet(arr, n, x, y):\r\n    for i in range(0, n - 2):\r\n        for j in range(i + 1, n - 1):\r\n            for k in range(j + 1, n):\r\n                if (arr[i] + arr[j] + arr[k] == x + y):\r\n                    return True\r\n    return False']
Test passed: assert check_triplet([2, 7, 4, 0, 9, 5, 1, 3], 8, 6, 0) == True
Test passed: assert check_triplet([1, 4, 5, 6, 7, 8, 5, 9], 8, 6, 0) == False
Test passed: assert check_triplet([10, 4, 2, 3, 5], 5, 15, 0) == True
Task ID: 122
Generated Code: ['def smartNumber(n): \r\n    if (n == 1): \r\n        return 30\r\n    else: \r\n        return (n * smartNumber(n - 1))']
Test passed: assert smartNumber(1) == 30
Test failed: assert smartNumber(50) == 273
Test raised an exception: assert smartNumber(1000) == 2664
Exception: maximum recursion depth exceeded in comparison
Task ID: 123
Generated Code: ['def amicable_numbers_sum(n): \r\n    amicable_numbers = [] \r\n    for i in range(1,n+1): \r\n        sum1 = sum(divisors(i)) \r\n        if sum1 != i: \r\n            sum2 = sum(divisors(sum1)) \r\n            if sum2 == i: \r\n                amicable_numbers.append(i) \r\n    return sum(amicable_numbers)']
Test raised an exception: assert amicable_numbers_sum(999)==504
Exception: name 'divisors' is not defined
Test raised an exception: assert amicable_numbers_sum(9999)==31626
Exception: name 'divisors' is not defined
Test raised an exception: assert amicable_numbers_sum(99)==0
Exception: name 'divisors' is not defined
Task ID: 124
Generated Code: ['import cmath\r\ndef angle_complex(x,y):\r\n  return cmath.phase(complex(x,y))']
Test failed: assert angle_complex(0,1j)==1.5707963267948966 
Test failed: assert angle_complex(2,1j)==0.4636476090008061
Test failed: assert angle_complex(0,2j)==1.5707963267948966
Task ID: 125
Generated Code: ["def find_length(str, n): \r\n    max_diff = 0\r\n    curr_diff = 0\r\n    for i in range(n): \r\n        if str[i] == '0': \r\n            curr_diff += 1\r\n        else: \r\n            curr_diff -= 1\r\n        max_diff = max(max_diff, curr_diff)\r\n    return max_diff"]
Test failed: assert find_length("11000010001", 11) == 6
Test failed: assert find_length("10111", 5) == 1
Test failed: assert find_length("11011101100101", 14) == 2 
Task ID: 126
Generated Code: ['def sum(a,b): \r\n    sum = 0\r\n    for i in range(1,min(a,b)+1): \r\n        if a % i == 0 and b % i == 0: \r\n            sum += i \r\n    return sum']
Test passed: assert sum(10,15) == 6
Test passed: assert sum(100,150) == 93
Test passed: assert sum(4,6) == 3
Task ID: 127
Generated Code: ['def multiply_int(x,y): \r\n    if (x == 0 or y == 0): \r\n        return 0\r\n    if (x == 1): \r\n        return y\r\n    if (y == 1): \r\n        return x\r\n    return multiply_int(x-1,y) + y']
Test passed: assert multiply_int(10,20)==200
Test passed: assert multiply_int(5,10)==50
Test passed: assert multiply_int(4,8)==32
Task ID: 128
Generated Code: ["def long_words(n,text):\r\n  words = text.split(' ')\r\n  res = [word for word in words if len(word) > n]\r\n  return (res)"]
Test passed: assert long_words(3,"python is a programming language")==['python','programming','language']
Test passed: assert long_words(2,"writing a program")==['writing','program']
Test passed: assert long_words(5,"sorting list")==['sorting']
Task ID: 129
Generated Code: ['def magic_square_test(test_list):\r\n  for row in test_list:\r\n    if sorted(row) != sorted(test_list[0]):\r\n      return False\r\n  for col in range(len(test_list)):\r\n    if sorted([row[col] for row in test_list]) != sorted(test_list[0][col]):\r\n      return False\r\n  if sorted([test_list[i][i] for i in range(len(test_list))]) != sorted(test_list[0][0]):\r\n    return False\r\n  if sorted([test_list[i][len(test_list)-i-1] for i in range(len(test_list))]) != sorted(test_list[0][len(test_list)-1]):\r\n    return False\r\n  return True']
Test failed: assert magic_square_test([[7, 12, 1, 14], [2, 13, 8, 11], [16, 3, 10, 5], [9, 6, 15, 4]])==True
Test failed: assert magic_square_test([[2, 7, 6], [9, 5, 1], [4, 3, 8]])==True
Test passed: assert magic_square_test([[2, 7, 6], [9, 5, 1], [4, 3, 7]])==False
Task ID: 130
Generated Code: ['def max_occurrences(nums):\r\n    nums.sort()\r\n    max_count = 0\r\n    max_num = 0\r\n    count = 1\r\n    for i in range(1, len(nums)):\r\n        if nums[i] == nums[i - 1]:\r\n            count += 1\r\n        else:\r\n            if count > max_count:\r\n                max_count = count\r\n                max_num = nums[i - 1]\r\n            count = 1\r\n    if count > max_count:\r\n        max_count = count\r\n        max_num = nums[-1]\r\n    return (max_num, max_count)']
Test passed: assert max_occurrences([2,3,8,4,7,9,8,2,6,5,1,6,1,2,3,2,4,6,9,1,2])==(2, 5)
Test failed: assert max_occurrences([2,3,8,4,7,9,8,7,9,15,14,10,12,13,16,16,18])==(8, 2)
Test passed: assert max_occurrences([10,20,20,30,40,90,80,50,30,20,50,10])==(20, 3)
Task ID: 131
Generated Code: ['def reverse_vowels(s):\r\n    vowels = "aeiouAEIOU"\r\n    s = list(s)\r\n    i = 0\r\n    j = len(s) - 1\r\n    while i < j:\r\n        if s[i] in vowels:\r\n            s[i], s[j] = s[j], s[i]\r\n            i += 1\r\n            j -= 1\r\n        i += 1\r\n    return \'\'.join(s)']
Test failed: assert reverse_vowels("Python") == "Python"
Test passed: assert reverse_vowels("USA") == "ASU"
Test failed: assert reverse_vowels("ab") == "ab"
Task ID: 132
Generated Code: ["def tup_string(tup):\r\n  return (''.join(tup))"]
Test passed: assert tup_string(('e', 'x', 'e', 'r', 'c', 'i', 's', 'e', 's'))==("exercises")
Test passed: assert tup_string(('p','y','t','h','o','n'))==("python")
Test passed: assert tup_string(('p','r','o','g','r','a','m'))==("program")
Task ID: 133
Generated Code: ['def sum_negativenum(nums):\r\n  return sum(filter(lambda x: x < 0, nums))']
Test passed: assert sum_negativenum([2, 4, -6, -9, 11, -12, 14, -5, 17])==-32
Test passed: assert sum_negativenum([10,15,-14,13,-18,12,-20])==-52
Test passed: assert sum_negativenum([19, -65, 57, 39, 152,-639, 121, 44, 90, -190])==-894
Task ID: 134
Generated Code: ['def check_last(arr,p,x): \r\n    for i in range(p): \r\n        arr.append(arr[-1] + x) \r\n    if (arr[-1] % 2 == 0): \r\n        return "EVEN" \r\n    else: \r\n        return "ODD"']
Test passed: assert check_last([5,7,10],3,1) == "ODD"
Test failed: assert check_last([2,3],2,3) == "EVEN"
Test failed: assert check_last([1,2,3],3,1) == "ODD"
Task ID: 135
Generated Code: ['def hexagonal_num(n): \r\n    return n * (2 * n - 1)']
Test passed: assert hexagonal_num(10) == 190
Test passed: assert hexagonal_num(5) == 45
Test passed: assert hexagonal_num(7) == 91
Task ID: 136
Generated Code: ['def cal_electbill(amount):\r\n    return amount*0.01*100']
Test failed: assert cal_electbill(75)==246.25
Test failed: assert cal_electbill(265)==1442.75
Test failed: assert cal_electbill(100)==327.5
Task ID: 137
Generated Code: ['def zero_count(arr): \r\n    count = 0\r\n    for i in arr: \r\n        if i == 0: \r\n            count += 1\r\n    return count / len(arr)']
Test failed: assert zero_count([0, 1, 2, -1, -5, 6, 0, -3, -2, 3, 4, 6, 8])==0.15
Test passed: assert zero_count([2, 1, 2, -1, -5, 6, 4, -3, -2, 3, 4, 6, 8])==0.00
Test passed: assert zero_count([2, 4, -6, -9, 11, -12, 14, -5, 17])==0.00
Task ID: 138
Generated Code: ['def is_Sum_Of_Powers_Of_Two(n) : \r\n    i = 0\r\n    while (n > 0) : \r\n        n = n & (n - 1) \r\n        i = i + 1\r\n    return (i == 1)']
Test failed: assert is_Sum_Of_Powers_Of_Two(10) == True
Test passed: assert is_Sum_Of_Powers_Of_Two(7) == False
Test failed: assert is_Sum_Of_Powers_Of_Two(14) == True
Task ID: 139
Generated Code: ['import math\r\ndef circle_circumference(r):\r\n    return 2 * math.pi * r']
Test failed: assert circle_circumference(10)==62.830000000000005
Test failed: assert circle_circumference(5)==31.415000000000003
Test failed: assert circle_circumference(4)==25.132
Task ID: 140
Generated Code: ['def extract_singly(test_list):\r\n  res = [ele for sub in test_list for ele in sub if test_list.count(ele) == 1]\r\n  return (res)']
Test failed: assert extract_singly([(3, 4, 5), (4, 5, 7), (1, 4)]) == [3, 4, 5, 7, 1]
Test failed: assert extract_singly([(1, 2, 3), (4, 2, 3), (7, 8)]) == [1, 2, 3, 4, 7, 8]
Test failed: assert extract_singly([(7, 8, 9), (10, 11, 12), (10, 11)]) == [7, 8, 9, 10, 11, 12]
Task ID: 141
Generated Code: ['def pancake_sort(arr): \r\n    arr_len = len(arr) \r\n    for i in range(arr_len - 1): \r\n        max_idx = arr.index(max(arr[i:])) \r\n        arr = arr[max_idx::-1] + arr[max_idx + 1:] \r\n        arr = arr[i:] + arr[:i] \r\n    return arr']
Test failed: assert pancake_sort([15, 79, 25, 38, 69]) == [15, 25, 38, 69, 79]
Test failed: assert pancake_sort([98, 12, 54, 36, 85]) == [12, 36, 54, 85, 98]
Test failed: assert pancake_sort([41, 42, 32, 12, 23]) == [12, 23, 32, 41, 42]
Task ID: 142
Generated Code: ['def count_samepair(list1,list2,list3):\r\n    count = 0\r\n    for i in list1:\r\n        if i in list2 and i in list3:\r\n            count += 1\r\n    return count']
Test failed: assert count_samepair([1,2,3,4,5,6,7,8],[2,2,3,1,2,6,7,9],[2,1,3,1,2,6,7,9])==3
Test failed: assert count_samepair([1,2,3,4,5,6,7,8],[2,2,3,1,2,6,7,8],[2,1,3,1,2,6,7,8])==4
Test failed: assert count_samepair([1,2,3,4,2,6,7,8],[2,2,3,1,2,6,7,8],[2,1,3,1,2,6,7,8])==5
Task ID: 143
Generated Code: ['def find_lists(test_list):\r\n  res = 0\r\n  for ele in test_list:\r\n    if type(ele) == list:\r\n      res += 1\r\n  return (res)']
Test passed: assert find_lists(([1, 2, 3, 4], [5, 6, 7, 8])) == 2
Test passed: assert find_lists(([1, 2], [3, 4], [5, 6]))  == 3
Test failed: assert find_lists(([9, 8, 7, 6, 5, 4, 3, 2, 1])) == 1
Task ID: 144
Generated Code: ['def sum_Pairs(arr,n): \r\n    sum = 0\r\n    for i in range(n): \r\n        for j in range(i + 1, n): \r\n            sum += abs(arr[i] - arr[j]) \r\n    return sum']
Test passed: assert sum_Pairs([1,8,9,15,16],5) == 74
Test passed: assert sum_Pairs([1,2,3,4],4) == 10
Test passed: assert sum_Pairs([1,2,3,4,5,7,9,11,14],9) == 188
Task ID: 145
Generated Code: ['def max_Abs_Diff(arr,n): \r\n    max_diff = arr[1] - arr[0] \r\n    for i in range(1,n): \r\n        for j in range(i+1,n): \r\n            if (arr[j] - arr[i] > max_diff): \r\n                max_diff = arr[j] - arr[i] \r\n    return max_diff']
Test passed: assert max_Abs_Diff((2,1,5,3),4) == 4
Test failed: assert max_Abs_Diff((9,3,2,5,1),5) == 8
Test failed: assert max_Abs_Diff((3,2,1),3) == 2
Task ID: 146
Generated Code: ['def ascii_value_string(string):\r\n  total = 0\r\n  for i in string:\r\n    total += ord(i)\r\n  return total']
Test failed: assert ascii_value_string("python")==112
Test failed: assert ascii_value_string("Program")==80
Test failed: assert ascii_value_string("Language")==76
Task ID: 147
Generated Code: ['def max_path_sum(arr, m, n): \r\n    for i in range(m - 2, -1, -1): \r\n        for j in range(0, n): \r\n            arr[i][j] += max(arr[i + 1][j], arr[i + 1][j + 1]) \r\n    return arr[0][0]']
Test failed: assert max_path_sum([[1, 0, 0], [4, 8, 0], [1, 5, 3]], 2, 2) == 14
Test failed: assert max_path_sum([[13, 0, 0], [7, 4, 0], [2, 4, 6]], 2, 2) == 24 
Test failed: assert max_path_sum([[2, 0, 0], [11, 18, 0], [21, 25, 33]], 2, 2) == 53
Task ID: 148
Generated Code: ['def sum_digits_twoparts(n): \r\n    s = 0\r\n    for i in range(1, n): \r\n        s = s + (n - i) \r\n    return s']
Test failed: assert sum_digits_twoparts(35)==17
Test failed: assert sum_digits_twoparts(7)==7
Test failed: assert sum_digits_twoparts(100)==19
Task ID: 149
Generated Code: ['def longest_subseq_with_diff_one(arr, n): \r\n    res = 1\r\n    for i in range(1, n): \r\n        if (arr[i] - arr[i - 1] == 1): \r\n            res += 1\r\n    return res']
Test failed: assert longest_subseq_with_diff_one([1, 2, 3, 4, 5, 3, 2], 7) == 6
Test failed: assert longest_subseq_with_diff_one([10, 9, 4, 5, 4, 8, 6], 7) == 3
Test failed: assert longest_subseq_with_diff_one([1, 2, 3, 2, 3, 7, 2, 1], 8) == 7
Task ID: 150
Generated Code: ['def does_Contain_B(n,m,x): \r\n    while (n <= m): \r\n        if (n == x): \r\n            return True\r\n        n = n + 1\r\n    return False']
Test passed: assert does_Contain_B(1,7,3) == True
Test passed: assert does_Contain_B(1,-3,5) == False
Test passed: assert does_Contain_B(3,2,5) == False
Task ID: 151
Generated Code: ['def gcd(a,b): \r\n    if (a == 0): \r\n        return b; \r\n    return gcd(b%a,a); \r\ndef is_coprime(a,b): \r\n    if (gcd(a,b) == 1): \r\n        return True; \r\n    return False;']
Test passed: assert is_coprime(17,13) == True
Test passed: assert is_coprime(15,21) == False
Test passed: assert is_coprime(25,45) == False
Task ID: 152
Generated Code: ['def merge_sort(arr): \r\n    if len(arr) > 1: \r\n        mid = len(arr) // 2 \r\n        left = arr[:mid] \r\n        right = arr[mid:] \r\n        merge_sort(left) \r\n        merge_sort(right) \r\n        i = j = k = 0\r\n        while i < len(left) and j < len(right): \r\n            if left[i] < right[j]: \r\n                arr[k] = left[i] \r\n                i += 1\r\n            else: \r\n                arr[k] = right[j] \r\n                j += 1\r\n            k += 1\r\n        while i < len(left): \r\n            arr[k] = left[i] \r\n            i += 1\r\n            k += 1\r\n        while j < len(right): \r\n            arr[k] = right[j] \r\n            j += 1\r\n            k += 1']
Test failed: assert merge_sort([3, 4, 2, 6, 5, 7, 1, 9]) == [1, 2, 3, 4, 5, 6, 7, 9]
Test failed: assert merge_sort([7, 25, 45, 78, 11, 33, 19]) == [7, 11, 19, 25, 33, 45, 78]
Test failed: assert merge_sort([3, 1, 4, 9, 8]) == [1, 3, 4, 8, 9]
Task ID: 153
Generated Code: ['def parabola_vertex(a,b,c):\r\n    x = -b / (2 * a)\r\n    y = a * x * x + b * x + c\r\n    return (x, y)']
Test passed: assert parabola_vertex(5,3,2)==(-0.3, 1.55)
Test passed: assert parabola_vertex(9,8,4)==(-0.4444444444444444, 2.2222222222222223)
Test passed: assert parabola_vertex(2,4,6)==(-1.0, 4.0)
Task ID: 154
Generated Code: ['def specified_element(test_list,specified_element):\r\n  res = [ele for sublist in test_list for ele in sublist if ele == specified_element]\r\n  return (res)']
Test failed: assert specified_element([[1, 2, 3, 2], [4, 5, 6, 2], [7, 1, 9, 5]],0)==[1, 4, 7]
Test failed: assert specified_element([[1, 2, 3, 2], [4, 5, 6, 2], [7, 1, 9, 5]],2)==[3, 6, 9]
Test failed: assert specified_element([[1, 2, 3, 2], [4, 5, 6, 2], [7, 1, 9, 5]],3)==[2,2,5]
Task ID: 155
Generated Code: ['def even_bit_toggle_number(n): \r\n    n = n ^ 0xAAAAAAAA \r\n    return n']
Test failed: assert even_bit_toggle_number(10) == 0
Test failed: assert even_bit_toggle_number(20) == 30
Test failed: assert even_bit_toggle_number(30) == 20
Task ID: 156
Generated Code: ['def tuple_int_str(test_tup):\r\n  res = tuple(map(int, test_tup))\r\n  return (res)']
Test raised an exception: assert tuple_int_str((('333', '33'), ('1416', '55')))==((333, 33), (1416, 55))
Exception: int() argument must be a string, a bytes-like object or a real number, not 'tuple'
Test raised an exception: assert tuple_int_str((('999', '99'), ('1000', '500')))==((999, 99), (1000, 500))
Exception: int() argument must be a string, a bytes-like object or a real number, not 'tuple'
Test raised an exception: assert tuple_int_str((('666', '66'), ('1500', '555')))==((666, 66), (1500, 555))
Exception: int() argument must be a string, a bytes-like object or a real number, not 'tuple'
Task ID: 157
Generated Code: ['def encode_list(test_list):\r\n  res = [[len(list(group)),ele] for ele, group in groupby(test_list)]\r\n  return (res)']
Test raised an exception: assert encode_list([1,1,2,3,4,4.3,5,1])==[[2, 1], [1, 2], [1, 3], [1, 4], [1, 4.3], [1, 5], [1, 1]]
Exception: name 'groupby' is not defined
Test raised an exception: assert encode_list('automatically')==[[1, 'a'], [1, 'u'], [1, 't'], [1, 'o'], [1, 'm'], [1, 'a'], [1, 't'], [1, 'i'], [1, 'c'], [1, 'a'], [2, 'l'], [1, 'y']]
Exception: name 'groupby' is not defined
Test raised an exception: assert encode_list('python')==[[1, 'p'], [1, 'y'], [1, 't'], [1, 'h'], [1, 'o'], [1, 'n']]
Exception: name 'groupby' is not defined
Task ID: 158
Generated Code: ['No code block found.']
Task ID: 159
Generated Code: ["def month_season(month,day):\r\n    if month in ['January', 'February', 'March']:\r\n        return ('winter')\r\n    elif month in ['April', 'May', 'June']:\r\n        return ('spring')\r\n    elif month in ['July', 'August', 'September']:\r\n        return ('summer')\r\n    else:\r\n        return ('autumn')"]
Test passed: assert month_season('January',4)==('winter')
Test passed: assert month_season('October',28)==('autumn')
Test passed: assert month_season('June',6)==('spring')
Task ID: 160
Generated Code: ["def solution(a, b, n): \r\n    x = n // a \r\n    y = n - (a * x) \r\n    return ('x = ', x, ', y = ', y)"]
Test failed: assert solution(2, 3, 7) == ('x = ', 2, ', y = ', 1)
Test failed: assert solution(4, 2, 7) == 'No solution'
Test failed: assert solution(1, 13, 17) == ('x = ', 4, ', y = ', 1)
Task ID: 161
Generated Code: ['def remove_elements(list1,list2):\r\n  res = [ele for ele in list1 if ele not in list2]\r\n  return (res)']
Test passed: assert remove_elements([1,2,3,4,5,6,7,8,9,10],[2,4,6,8])==[1, 3, 5, 7, 9, 10]
Test passed: assert remove_elements([1, 2, 3, 4, 5, 6, 7, 8, 9, 10],[1, 3, 5, 7])==[2, 4, 6, 8, 9, 10]
Test passed: assert remove_elements([1, 2, 3, 4, 5, 6, 7, 8, 9, 10],[5,7])==[1, 2, 3, 4, 6, 8, 9, 10]
Task ID: 162
Generated Code: ['def sum_series(n): \r\n    sum = 0\r\n    for i in range(n, 0, -2): \r\n        sum += i \r\n    return sum']
Test passed: assert sum_series(6)==12
Test passed: assert sum_series(10)==30
Test passed: assert sum_series(9)==25
Task ID: 163
Generated Code: ['def area_polygon(s,p):\r\n    area = (s*p)/2\r\n    return area']
Test failed: assert area_polygon(4,20)==400.00000000000006
Test failed: assert area_polygon(10,15)==1731.1969896610804
Test failed: assert area_polygon(9,7)==302.90938549487214
Task ID: 164
Generated Code: ['def areEquivalent(n,m) : \r\n    sum1 = 0\r\n    for i in range(1,n) : \r\n        if n % i == 0 : \r\n            sum1 += i \r\n    sum2 = 0\r\n    for i in range(1,m) : \r\n        if m % i == 0 : \r\n            sum2 += i \r\n    if sum1 == sum2 : \r\n        return True\r\n    else : \r\n        return False']
Test passed: assert areEquivalent(36,57) == False
Test passed: assert areEquivalent(2,4) == False
Test passed: assert areEquivalent(23,47) == True
Task ID: 165
Generated Code: ['def count_char_position(string):\r\n    count = 0\r\n    for i in range(len(string)):\r\n        if string[i] == string[i].lower():\r\n            count += 1\r\n    return count']
Test failed: assert count_char_position("xbcefg") == 2
Test failed: assert count_char_position("ABcED") == 3
Test failed: assert count_char_position("AbgdeF") == 5
Task ID: 166
Generated Code: ['def find_even_Pair(arr,n): \r\n    count = 0\r\n    for i in range(n): \r\n        for j in range(i + 1, n): \r\n            if (arr[i] ^ arr[j]) % 2 == 0: \r\n                count += 1\r\n    return count']
Test passed: assert find_even_Pair([5,4,7,2,1],5) == 4
Test passed: assert find_even_Pair([7,2,8,1,0,5,11],7) == 9
Test passed: assert find_even_Pair([1,2,3],3) == 1
Task ID: 167
Generated Code: ['def next_Power_Of_2(n): \r\n    if (n == 0): \r\n        return 1\r\n    return (2 << (n.bit_length()))']
Test passed: assert next_Power_Of_2(0) == 1
Test failed: assert next_Power_Of_2(5) == 8
Test failed: assert next_Power_Of_2(17) == 32
Task ID: 168
Generated Code: ['def frequency(arr,n): \r\n    for i in range(n): \r\n        if arr[i] == 4: \r\n            return 1\r\n    return 0']
Test raised an exception: assert frequency([1,2,3],4) == 0
Exception: list index out of range
Test failed: assert frequency([1,2,2,3,3,3,4],3) == 3
Test failed: assert frequency([0,1,2,3,1,2],1) == 2
Task ID: 169
Generated Code: ['def get_pell(n): \r\n    if (n == 0): \r\n        return 0\r\n    elif (n == 1): \r\n        return 1\r\n    else: \r\n        return (get_pell(n - 1) + get_pell(n - 2))']
Test failed: assert get_pell(4) == 12
Test failed: assert get_pell(7) == 169
Test failed: assert get_pell(8) == 408
Task ID: 170
Generated Code: ['def sum_range_list(nums, l, r):\r\n    return sum(nums[l:r+1])']
Test passed: assert sum_range_list( [2,1,5,6,8,3,4,9,10,11,8,12],8,10)==29
Test passed: assert sum_range_list( [2,1,5,6,8,3,4,9,10,11,8,12],5,7)==16
Test passed: assert sum_range_list( [2,1,5,6,8,3,4,9,10,11,8,12],7,10)==38
Task ID: 171
Generated Code: ['def perimeter_pentagon(side):\r\n  perimeter = 5 * side\r\n  return perimeter']
Test passed: assert perimeter_pentagon(5)==25
Test passed: assert perimeter_pentagon(10)==50
Test passed: assert perimeter_pentagon(15)==75
Task ID: 172
Generated Code: ["def count_occurance(str1):\r\n  count = 0\r\n  for i in range(len(str1)):\r\n    if str1[i] == 's':\r\n      count += 1\r\n  return count"]
Test passed: assert count_occurance("letstdlenstdporstd") == 3
Test failed: assert count_occurance("truststdsolensporsd") == 1
Test failed: assert count_occurance("makestdsostdworthit") == 2
Task ID: 173
Generated Code: ["import re\r\ndef remove_splchar(text):\r\n  return (re.sub('[\\W_]+', '', text))"]
Test passed: assert remove_splchar('python  @#&^%$*program123')==('pythonprogram123')
Test passed: assert remove_splchar('python %^$@!^&*()  programming24%$^^()    language')==('pythonprogramming24language')
Test passed: assert remove_splchar('python   ^%&^()(+_)(_^&67)                  program')==('python67program')
Task ID: 174
Generated Code: ['def group_keyvalue(test_list):\r\n  res = {}\r\n  for key, value in test_list:\r\n    if key in res:\r\n      res[key].append(value)\r\n    else:\r\n      res[key] = [value]\r\n  return (res)']
Test passed: assert group_keyvalue([('yellow', 1), ('blue', 2), ('yellow', 3), ('blue', 4), ('red', 1)])=={'yellow': [1, 3], 'blue': [2, 4], 'red': [1]}
Test passed: assert group_keyvalue([('python', 1), ('python', 2), ('python', 3), ('python', 4), ('python', 5)])=={'python': [1,2,3,4,5]}
Test passed: assert group_keyvalue([('yellow',100), ('blue', 200), ('yellow', 300), ('blue', 400), ('red', 100)])=={'yellow': [100, 300], 'blue': [200, 400], 'red': [100]}
Task ID: 175
Generated Code: ["def is_valid_parenthese(s):\r\n    stack = []\r\n    for i in s:\r\n        if i == '(':\r\n            stack.append(i)\r\n        elif i == ')':\r\n            if len(stack) == 0:\r\n                return False\r\n            stack.pop()\r\n    if len(stack) == 0:\r\n        return True\r\n    else:\r\n        return False"]
Test passed: assert is_valid_parenthese("(){}[]")==True
Test passed: assert is_valid_parenthese("()[{)}")==False
Test passed: assert is_valid_parenthese("()")==True
Task ID: 176
Generated Code: ['def perimeter_triangle(a,b,c):\r\n  perimeter = a + b + c\r\n  return perimeter']
Test passed: assert perimeter_triangle(10,20,30)==60
Test passed: assert perimeter_triangle(3,4,5)==12
Test passed: assert perimeter_triangle(25,35,45)==105
Task ID: 177
Generated Code: ['def answer(n,m): \r\n    for i in range(n,m+1): \r\n        for j in range(i+1,m+1): \r\n            if (i*j)%n == 0: \r\n                return (i,j)']
Test failed: assert answer(3,8) == (3,6)
Test failed: assert answer(2,6) == (2,4)
Test passed: assert answer(1,3) == (1,2)
Task ID: 178
Generated Code: ["def string_literals(literals,text):\r\n  for literal in literals:\r\n    if literal in text:\r\n      return ('Matched!')\r\n  return ('Not matched!')"]
Test passed: assert string_literals(['language'],'python language')==('Matched!')
Test failed: assert string_literals(['program'],'python language')==('Not Matched!')
Test failed: assert string_literals(['python'],'programming language')==('Not Matched!')
Task ID: 179
Generated Code: ['def is_num_keith(n): \r\n    if (n < 10): \r\n        return False\r\n    s = str(n) \r\n    l = len(s) \r\n    if (l % 2 == 0): \r\n        return False\r\n    for i in range(0, l, 2): \r\n        if (s[i] != s[l - i - 1]): \r\n            return False\r\n    return True']
Test failed: assert is_num_keith(14) == True
Test passed: assert is_num_keith(12) == False
Test failed: assert is_num_keith(197) == True
Task ID: 180
Generated Code: ['import math\r\ndef distance_lat_long(lat1,long1,lat2,long2):\r\n    R = 6371\r\n    lat1 = math.radians(lat1)\r\n    long1 = math.radians(long1)\r\n    lat2 = math.radians(lat2)\r\n    long2 = math.radians(long2)\r\n    dlong = long2 - long1\r\n    dlat = lat2 - lat1\r\n    a = math.sin(dlat / 2)**2 + math.cos(lat1) * math.cos(lat2) * math.sin(dlong / 2)**2\r\n    c = 2 * math.atan2(math.sqrt(a), math.sqrt(1 - a))\r\n    d = R * c\r\n    return d']
Test failed: assert distance_lat_long(23.5,67.5,25.5,69.5)==12179.372041317429
Test failed: assert distance_lat_long(10.5,20.5,30.5,40.5)==6069.397933300514
Test failed: assert distance_lat_long(10,20,30,40)==6783.751974994595
Task ID: 181
Generated Code: ['def common_prefix(strs, n): \r\n    if n == 0: \r\n        return "" \r\n    min_len = min([len(s) for s in strs]) \r\n    for i in range(min_len): \r\n        for j in range(n - 1): \r\n            if strs[j][i] != strs[j + 1][i]: \r\n                return strs[j][:i] \r\n    return strs[0][:min_len]']
Test passed: assert common_prefix(["tablets", "tables", "taxi", "tamarind"], 4) == 'ta'
Test passed: assert common_prefix(["apples", "ape", "april"], 3) == 'ap'
Test passed: assert common_prefix(["teens", "teenager", "teenmar"], 3) == 'teen'
Task ID: 182
Generated Code: ["import re\r\ndef find_character(text):\r\n  uppercase = re.findall('[A-Z]', text)\r\n  lowercase = re.findall('[a-z]', text)\r\n  special_char = re.findall('[!@#$%^&*()_+=\\[{\\]};:,."]
Task ID: 183
Generated Code: ['def count_pairs(arr, k, n): \r\n    arr.sort() \r\n    count = 0\r\n    for i in range(n): \r\n        for j in range(i + 1, n): \r\n            if (arr[j] - arr[i] == k): \r\n                count += 1\r\n    return count']
Test failed: assert count_pairs([1, 5, 3, 4, 2], 5, 3) == 2
Test failed: assert count_pairs([8, 12, 16, 4, 0, 20], 6, 4) == 5
Test failed: assert count_pairs([2, 4, 1, 3, 4], 5, 2) == 3
Task ID: 184
Generated Code: ['def greater_specificnum(nums,x):\r\n    res = [ele for ele in nums if ele > x]\r\n    return (res)']
Test failed: assert greater_specificnum([220, 330, 500],200)==True
Test failed: assert greater_specificnum([12, 17, 21],20)==False
Test failed: assert greater_specificnum([1,2,3,4],10)==False
Task ID: 185
Generated Code: ['def parabola_focus(a,b,c):\r\n  x = -b / (2 * a)\r\n  y = a * x * x + b * x + c\r\n  return (x, y)']
Test failed: assert parabola_focus(5,3,2)==(-0.3, 1.6)
Test failed: assert parabola_focus(9,8,4)==(-0.4444444444444444, 2.25)
Test failed: assert parabola_focus(2,4,6)==(-1.0, 4.125)
Task ID: 186
Generated Code: ["import re\r\ndef check_literals(text,literals):\r\n  for literal in literals:\r\n    if re.search(literal,text):\r\n      return 'Matched!'\r\n  return 'Not matched!'"]
Test passed: assert check_literals('The quick brown fox jumps over the lazy dog.',['fox']) == 'Matched!'
Test failed: assert check_literals('The quick brown fox jumps over the lazy dog.',['horse']) == 'Not Matched!'
Test passed: assert check_literals('The quick brown fox jumps over the lazy dog.',['lazy']) == 'Matched!'
Task ID: 187
Generated Code: ['def longest_common_subsequence(text1, text2, m, n): \r\n    if m == 0 or n == 0: \r\n        return 0\r\n    if text1[m-1] == text2[n-1]: \r\n        return 1 + longest_common_subsequence(text1, text2, m-1, n-1) \r\n    else: \r\n        return max(longest_common_subsequence(text1, text2, m-1, n), \r\n                   longest_common_subsequence(text1, text2, m, n-1))']
Test passed: assert longest_common_subsequence("AGGTAB" , "GXTXAYB", 6, 7) == 4
Test passed: assert longest_common_subsequence("ABCDGH" , "AEDFHR", 6, 6) == 3
Test passed: assert longest_common_subsequence("AXYT" , "AYZX", 4, 4) == 2
Task ID: 188
Generated Code: ['def prod_Square(n): \r\n    for i in range(1, int(n**0.5)+1): \r\n        if n % i == 0: \r\n            if (i**2 == n//i): \r\n                return True\r\n    return False']
Test passed: assert prod_Square(25) == False
Test passed: assert prod_Square(30) == False
Test failed: assert prod_Square(16) == True
Task ID: 189
Generated Code: ['def first_Missing_Positive(nums,n): \r\n    for i in range(n): \r\n        while 0<=nums[i]<n and nums[nums[i]-1]!=nums[i]: \r\n            nums[nums[i]-1],nums[i] = nums[i],nums[nums[i]-1] \r\n    for i in range(n): \r\n        if nums[i]!=i+1: \r\n            return i+1\r\n    return n+1']
Test passed: assert first_Missing_Positive([1,2,3,-1,5],5) == 4
Test passed: assert first_Missing_Positive([0,-1,-2,1,5,8],6) == 2
Test passed: assert first_Missing_Positive([0,1,2,5,-8],5) == 3
Task ID: 190
Generated Code: ['def count_Intgral_Points(x1,y1,x2,y2): \r\n    return (x2 - x1 + 1) * (y2 - y1 + 1)']
Test failed: assert count_Intgral_Points(1,1,4,4) == 4
Test passed: assert count_Intgral_Points(1,2,1,2) == 1
Test failed: assert count_Intgral_Points(4,2,6,4) == 1
Task ID: 191
Generated Code: ['def check_monthnumber(monthname):\r\n    if monthname == "February":\r\n        return False\r\n    else:\r\n        return True']
Test passed: assert check_monthnumber("February")==False
Test passed: assert check_monthnumber("June")==True
Test passed: assert check_monthnumber("April")==True
Task ID: 192
Generated Code: ['def check_String(str1):\r\n  if any(i.isalpha() for i in str1) and any(i.isdigit() for i in str1):\r\n    return True\r\n  else:\r\n    return False']
Test passed: assert check_String('thishasboth29') == True
Test passed: assert check_String('python') == False
Test passed: assert check_String ('string') == False
Task ID: 193
Generated Code: ['def remove_tuple(test_tup):\r\n  res = set(test_tup)\r\n  return (res)']
Test failed: assert remove_tuple((1, 3, 5, 2, 3, 5, 1, 1, 3)) == (1, 2, 3, 5)
Test failed: assert remove_tuple((2, 3, 4, 4, 5, 6, 6, 7, 8, 8)) == (2, 3, 4, 5, 6, 7, 8)
Test failed: assert remove_tuple((11, 12, 13, 11, 11, 12, 14, 13)) == (11, 12, 13, 14)
Task ID: 194
Generated Code: ['def octal_To_Decimal(octal): \r\n    decimal = 0\r\n    i = 0\r\n    while (octal != 0): \r\n        decimal += (octal % 10) * pow(8, i) \r\n        octal //= 10\r\n        i += 1\r\n    return decimal']
Test passed: assert octal_To_Decimal(25) == 21
Test passed: assert octal_To_Decimal(30) == 24
Test passed: assert octal_To_Decimal(40) == 32
Task ID: 195
Generated Code: ['def first(arr, x, n): \r\n    low = 0\r\n    high = n - 1\r\n    mid = 0\r\n    while low <= high: \r\n        mid = (low + high) // 2\r\n        if arr[mid] == x: \r\n            return mid \r\n        elif arr[mid] < x: \r\n            low = mid + 1\r\n        else: \r\n            high = mid - 1\r\n    return -1']
Test passed: assert first([1,2,3,4,5,6,6],6,6) == 5
Test passed: assert first([1,2,2,2,3,2,2,4,2],2,9) == 1
Test passed: assert first([1,2,3],1,3) == 0
Task ID: 196
Generated Code: ['def remove_tuples(test_list, k):\r\n  res = [ele for ele in test_list if not (len(ele) == k)]\r\n  return (res)']
Test passed: assert remove_tuples([(4, 5), (4, ), (8, 6, 7), (1, ), (3, 4, 6, 7)] , 1) == [(4, 5), (8, 6, 7), (3, 4, 6, 7)]
Test passed: assert remove_tuples([(4, 5), (4,5), (6, 7), (1, 2, 3), (3, 4, 6, 7)] ,2) == [(1, 2, 3), (3, 4, 6, 7)]
Test passed: assert remove_tuples([(1, 4, 4), (4, 3), (8, 6, 7), (1, ), (3, 6, 7)] , 3) == [(4, 3), (1,)]
Task ID: 197
Generated Code: ['def find_exponentio(test_tup1, test_tup2):\r\n  res = tuple(ele1**ele2 for ele1, ele2 in zip(test_tup1, test_tup2))\r\n  return (res)']
Test passed: assert find_exponentio((10, 4, 5, 6), (5, 6, 7, 5)) == (100000, 4096, 78125, 7776)
Test passed: assert find_exponentio((11, 5, 6, 7), (6, 7, 8, 6)) == (1771561, 78125, 1679616, 117649)
Test passed: assert find_exponentio((12, 6, 7, 8), (7, 8, 9, 7)) == (35831808, 1679616, 40353607, 2097152)
Task ID: 198
Generated Code: ['def largest_triangle(a,b): \r\n    return (a*b)**0.5']
Test failed: assert largest_triangle(4,2)==10.392304845413264
Test failed: assert largest_triangle(5,7)==4.639421805988064
Test failed: assert largest_triangle(9,1)==105.2220865598093
Task ID: 199
Generated Code: ['def highest_Power_of_2(n): \r\n    i = 0\r\n    while (2**i <= n): \r\n        i += 1\r\n    return 2**(i-1)']
Test passed: assert highest_Power_of_2(10) == 8
Test passed: assert highest_Power_of_2(19) == 16
Test passed: assert highest_Power_of_2(32) == 32
Task ID: 200
Generated Code: ['def position_max(list1):\r\n    max_value = max(list1)\r\n    return [i for i, j in enumerate(list1) if j == max_value]']
Test passed: assert position_max([12,33,23,10,67,89,45,667,23,12,11,10,54])==[7]
Test passed: assert position_max([1,2,2,2,4,4,4,5,5,5,5])==[7,8,9,10]
Test passed: assert position_max([2,1,5,6,8,3,4,9,10,11,8,12])==[11]
Task ID: 201
Generated Code: ['def chkList(list1):\r\n  if (len(list1) == 1):\r\n    return True\r\n  if (list1[0] == list1[1]):\r\n    return True\r\n  else:\r\n    return False']
Test passed: assert chkList(['one','one','one']) == True
Test passed: assert chkList(['one','Two','Three']) == False
Test passed: assert chkList(['bigdata','python','Django']) == False
Task ID: 202
Generated Code: ['def remove_even(string):\r\n  res = ""\r\n  for i in range(len(string)):\r\n    if i % 2 == 0:\r\n      res += string[i]\r\n  return (res)']
Test passed: assert remove_even("python")==("pto")
Test passed: assert remove_even("program")==("porm")
Test passed: assert remove_even("language")==("lnug")
Task ID: 203
Generated Code: ['def hamming_Distance(x, y): \r\n    xor = x ^ y\r\n    count = 0\r\n    while (xor != 0): \r\n        count += 1\r\n        xor = xor & (xor - 1) \r\n    return count']
Test passed: assert hamming_Distance(4,8) == 2
Test passed: assert hamming_Distance(2,4) == 2
Test passed: assert hamming_Distance(1,2) == 2
Task ID: 204
Generated Code: ['def count(string,char):\r\n    count = 0\r\n    for i in range(len(string)):\r\n        if string[i] == char:\r\n            count += 1\r\n    return count']
Test passed: assert count("abcc","c") == 2
Test passed: assert count("ababca","a") == 3
Test passed: assert count("mnmm0pm","m") == 4
Task ID: 205
Generated Code: ['def inversion_elements(test_list):\r\n  res = [-ele for ele in test_list]\r\n  return (tuple(res))']
Test failed: assert inversion_elements((7, 8, 9, 1, 10, 7)) == (-8, -9, -10, -2, -11, -8)
Test failed: assert inversion_elements((2, 4, 5, 6, 1, 7)) == (-3, -5, -6, -7, -2, -8)
Test failed: assert inversion_elements((8, 9, 11, 14, 12, 13)) == (-9, -10, -12, -15, -13, -14)
Task ID: 206
Generated Code: ['def concatenate_elements(test_list):\r\n  res = tuple(map(lambda x, y: x + y, test_list[0:], test_list[1:]))\r\n  return (res)']
Test passed: assert concatenate_elements(("DSP ", "IS ", "BEST ", "FOR ", "ALL ", "UTS")) == ('DSP IS ', 'IS BEST ', 'BEST FOR ', 'FOR ALL ', 'ALL UTS')
Test passed: assert concatenate_elements(("RES ", "IS ", "BEST ", "FOR ", "ALL ", "QESR")) == ('RES IS ', 'IS BEST ', 'BEST FOR ', 'FOR ALL ', 'ALL QESR')
Test passed: assert concatenate_elements(("MSAM", "IS ", "BEST ", "FOR ", "ALL ", "SKD")) == ('MSAMIS ', 'IS BEST ', 'BEST FOR ', 'FOR ALL ', 'ALL SKD')
Task ID: 207
Generated Code: ['def find_longest_repeating_subseq(str1) : \r\n    n = len(str1) \r\n    dp = [[0 for i in range(n + 1)] for j in range(n + 1)] \r\n    for i in range(n) : \r\n        for j in range(i + 1, n) : \r\n            if (str1[i] == str1[j] and dp[i][j] == 0) : \r\n                dp[i][j] = 1 + dp[i][j - 1] \r\n            else : \r\n                dp[i][j] = max(dp[i][j - 1], dp[i - 1][j]) \r\n    return dp[n - 1][n - 1]']
Test failed: assert find_longest_repeating_subseq("AABEBCDD") == 3
Test failed: assert find_longest_repeating_subseq("aabb") == 2
Test failed: assert find_longest_repeating_subseq("aab") == 1
Task ID: 208
Generated Code: ["import re\r\ndef is_decimal(num):\r\n  pattern = '^\\d+(\\.\\d{1,2})?$'\r\n  if re.search(pattern, num):\r\n    return True\r\n  else:\r\n    return False"]
Test passed: assert is_decimal('123.11') == True
Test passed: assert is_decimal('0.21') == True
Test passed: assert is_decimal('123.1214') == False
Task ID: 209
Generated Code: ['def heap_replace(heap,x):\r\n    heap.remove(min(heap))\r\n    heap.append(x)\r\n    heapify(heap)\r\n    return heap']
Test raised an exception: assert heap_replace( [25, 44, 68, 21, 39, 23, 89],21)==[21, 25, 23, 44, 39, 68, 89]
Exception: name 'heapify' is not defined
Test raised an exception: assert heap_replace([25, 44, 68, 21, 39, 23, 89],110)== [23, 25, 68, 44, 39, 110, 89]
Exception: name 'heapify' is not defined
Test raised an exception: assert heap_replace([25, 44, 68, 21, 39, 23, 89],500)==[23, 25, 68, 44, 39, 500, 89]
Exception: name 'heapify' is not defined
Task ID: 210
Generated Code: ["import re\r\ndef is_allowed_specific_char(test_str):\r\n  pattern = '[a-z0-9]+'\r\n  if re.search(pattern,  test_str):\r\n    return True\r\n  else:\r\n    return False"]
Test passed: assert is_allowed_specific_char("ABCDEFabcdef123450") == True
Test passed: assert is_allowed_specific_char("*&%@#!}{") == False
Test passed: assert is_allowed_specific_char("HELLOhowareyou98765") == True
Task ID: 211
Generated Code: ['def count_Num(n): \r\n    count = 0\r\n    for i in range(1, n + 1): \r\n        if (i & (i - 1) == 0): \r\n            count += 1\r\n    return count']
Test failed: assert count_Num(2) == 1
Test passed: assert count_Num(3) == 2
Test passed: assert count_Num(1) == 1
Task ID: 212
Generated Code: ['def fourth_Power_Sum(n): \r\n    sum = 0\r\n    for i in range(1, n + 1): \r\n        sum += i * i * i * i \r\n    return sum']
Test passed: assert fourth_Power_Sum(2) == 17
Test passed: assert fourth_Power_Sum(4) == 354
Test passed: assert fourth_Power_Sum(6) == 2275
Task ID: 213
Generated Code: ['def concatenate_strings(test_list1, test_list2):\r\n  res = tuple(ele1 + ele2 for ele1, ele2 in zip(test_list1, test_list2))\r\n  return (res)']
Test passed: assert concatenate_strings(("Manjeet", "Nikhil", "Akshat"), (" Singh", " Meherwal", " Garg")) == ('Manjeet Singh', 'Nikhil Meherwal', 'Akshat Garg')
Test passed: assert concatenate_strings(("Shaik", "Ayesha", "Sanya"), (" Dawood", " Begum", " Singh")) == ('Shaik Dawood', 'Ayesha Begum', 'Sanya Singh')
Test passed: assert concatenate_strings(("Harpreet", "Priyanka", "Muskan"), ("Kour", " Agarwal", "Sethi")) == ('HarpreetKour', 'Priyanka Agarwal', 'MuskanSethi')
Task ID: 214
Generated Code: ['def degree_radian(radian):\r\n    degree = radian * (180/math.pi)\r\n    return degree']
Test raised an exception: assert degree_radian(90)==5156.620156177409
Exception: name 'math' is not defined
Test raised an exception: assert degree_radian(60)==3437.746770784939
Exception: name 'math' is not defined
Test raised an exception: assert degree_radian(120)==6875.493541569878
Exception: name 'math' is not defined
Task ID: 215
Generated Code: ['def decode_list(test_list):\r\n  res = []\r\n  for ele in test_list:\r\n    if type(ele) == list:\r\n      res.extend([ele[1]] * ele[0])\r\n    else:\r\n      res.append(ele)\r\n  return (res)']
Test passed: assert decode_list([[2, 1], 2, 3, [2, 4], 5,1])==[1,1,2,3,4,4,5,1]
Test passed: assert decode_list(['a', 'u', 't', 'o', 'm', 'a', 't', 'i', 'c', 'a', [2, 'l'], 'y'])==['a', 'u', 't', 'o', 'm', 'a', 't', 'i', 'c', 'a', 'l', 'l', 'y']
Test passed: assert decode_list(['p', 'y', 't', 'h', 'o', 'n'])==['p', 'y', 't', 'h', 'o', 'n']
Task ID: 216
Generated Code: ['def check_subset_list(test_list, sub_list):\r\n  res = all(map(lambda x: x in test_list, sub_list))\r\n  return (res)']
Test passed: assert check_subset_list([1, 2, 3, 4, 5, 6, 7, 8, 9, 10, 11, 12, 13, 14],[[12, 18, 23, 25, 45], [7, 11, 19, 24, 28], [1, 5, 8, 18, 15, 16]])==False
Test passed: assert check_subset_list([[2, 3, 1], [4, 5], [6, 8]],[[4, 5], [6, 8]])==True
Test passed: assert check_subset_list([['a', 'b'], ['e'], ['c', 'd']],[['g']])==False
Task ID: 217
Generated Code: ['def first_Repeated_Char(str1):\r\n    for i in range(len(str1)):\r\n        if str1.count(str1[i]) > 1:\r\n            return str1[i]\r\n    return None']
Test passed: assert first_Repeated_Char("Google") == "o"
Test passed: assert first_Repeated_Char("data") == "a"
Test failed: assert first_Repeated_Char("python") == '\0'
Task ID: 218
Generated Code: ['def min_Operations(a,b): \r\n    return abs(a-b)']
Test failed: assert min_Operations(2,4) == 1
Test failed: assert min_Operations(4,10) == 4
Test passed: assert min_Operations(1,4) == 3
Task ID: 219
Generated Code: ['def extract_min_max(test_tup, k):\r\n  res = sorted(test_tup)[:k]\r\n  return tuple(res)']
Test failed: assert extract_min_max((5, 20, 3, 7, 6, 8), 2) == (3, 5, 8, 20)
Test failed: assert extract_min_max((4, 5, 6, 1, 2, 7), 3) == (1, 2, 4, 5, 6, 7)
Test failed: assert extract_min_max((2, 3, 4, 8, 9, 11, 7), 4) == (2, 3, 4, 7, 8, 9, 11)
Task ID: 220
Generated Code: ["def replace_max_specialchar(text,n):\r\n  text = text.replace(' ',':')\r\n  text = text.replace(',',':')\r\n  text = text.replace('.',':')\r\n  return (text)"]
Test failed: assert replace_max_specialchar('Python language, Programming language.',2)==('Python:language: Programming language.')
Test failed: assert replace_max_specialchar('a b c,d e f',3)==('a:b:c:d e f')
Test failed: assert replace_max_specialchar('ram reshma,ram rahim',1)==('ram:reshma,ram rahim')
Task ID: 221
Generated Code: ['def first_even(nums):\r\n  for i in nums:\r\n    if i % 2 == 0:\r\n      return i\r\n  return -1']
Test passed: assert first_even ([1, 3, 5, 7, 4, 1, 6, 8]) == 4
Test passed: assert first_even([2, 3, 4]) == 2
Test passed: assert first_even([5, 6, 7]) == 6
Task ID: 222
Generated Code: ['def check_type(test_tup):\r\n  res = all(isinstance(i, type(test_tup[0])) for i in test_tup)\r\n  return (res)']
Test passed: assert check_type((5, 6, 7, 3, 5, 6) ) == True
Test passed: assert check_type((1, 2, "4") ) == False
Test passed: assert check_type((3, 2, 1, 4, 5) ) == True
Task ID: 223
Generated Code: ['def is_majority(arr, n, x): \r\n    count = 0\r\n    for i in range(n): \r\n        if (arr[i] == x): \r\n            count += 1\r\n    if (count > n//2): \r\n        return True\r\n    return False']
Test passed: assert is_majority([1, 2, 3, 3, 3, 3, 10], 7, 3) == True
Test passed: assert is_majority([1, 1, 2, 4, 4, 4, 6, 6], 8, 4) == False
Test passed: assert is_majority([1, 1, 1, 2, 2], 5, 1) == True
Task ID: 224
Generated Code: ['def count_Set_Bits(n) : \r\n    count = 0\r\n    while (n) : \r\n        count += n & 1\r\n        n >>= 1\r\n    return count']
Test passed: assert count_Set_Bits(2) == 1
Test passed: assert count_Set_Bits(4) == 1
Test passed: assert count_Set_Bits(6) == 2
Task ID: 225
Generated Code: ['def find_Min(arr,start,end): \r\n    if start == end: \r\n        return arr[start] \r\n    if end == start + 1: \r\n        if arr[start] < arr[end]: \r\n            return arr[start] \r\n        else: \r\n            return arr[end] \r\n    mid = (start + end) // 2 \r\n    if arr[mid] > arr[end]: \r\n        return find_Min(arr,mid,end-1) \r\n    else: \r\n        return find_Min(arr,start,mid)']
Test passed: assert find_Min([1,2,3,4,5],0,4) == 1
Test passed: assert find_Min([4,6,8],0,2) == 4
Test passed: assert find_Min([2,3,5,7,9],0,4) == 2
Task ID: 226
Generated Code: ["def odd_values_string(string):\r\n  res = ''\r\n  for i in range(len(string)):\r\n    if i % 2 == 0:\r\n      res += string[i]\r\n  return (res)"]
Test passed: assert odd_values_string('abcdef') == 'ace'
Test passed: assert odd_values_string('python') == 'pto'
Test passed: assert odd_values_string('data') == 'dt'
Task ID: 227
Generated Code: ['def min_of_three(x, y, z):\r\n    if x <= y and x <= z:\r\n        return x\r\n    elif y <= x and y <= z:\r\n        return y\r\n    else:\r\n        return z']
Test passed: assert min_of_three(10,20,0)==0
Test passed: assert min_of_three(19,15,18)==15
Test passed: assert min_of_three(-10,-20,-30)==-30
Task ID: 228
Generated Code: ['def all_Bits_Set_In_The_Given_Range(n,l,r): \r\n    for i in range(l,r+1): \r\n        if (n & (1 << i)) == 0: \r\n            return False\r\n    return True']
Test failed: assert all_Bits_Set_In_The_Given_Range(4,1,2) == True
Test failed: assert all_Bits_Set_In_The_Given_Range(17,2,4) == True
Test passed: assert all_Bits_Set_In_The_Given_Range(39,4,6) == False
Task ID: 229
Generated Code: ['def re_arrange_array(arr, n): \r\n    i = 0\r\n    j = n - 1\r\n    while (i < j): \r\n        while (arr[i] < 0 and i < j): \r\n            i += 1\r\n        while (arr[j] > 0 and i < j): \r\n            j -= 1\r\n        if (i < j): \r\n            arr[i], arr[j] = arr[j], arr[i] \r\n    return arr']
Test failed: assert re_arrange_array([-1, 2, -3, 4, 5, 6, -7, 8, 9], 9) == [-1, -3, -7, 4, 5, 6, 2, 8, 9]
Test failed: assert re_arrange_array([12, -14, -26, 13, 15], 5) == [-14, -26, 12, 13, 15]
Test failed: assert re_arrange_array([10, 24, 36, -42, -39, -78, 85], 7) == [-42, -39, -78, 10, 24, 36, 85]
Task ID: 230
Generated Code: ['def replace_blank(string,char):\r\n  return (string.replace(" ",""+char))']
Test passed: assert replace_blank("hello people",'@')==("hello@people")
Test passed: assert replace_blank("python program language",'$')==("python$program$language")
Test passed: assert replace_blank("blank space","-")==("blank-space")
Task ID: 231
Generated Code: ['def max_sum(arr, n): \r\n    for i in range(1, n): \r\n        for j in range(i): \r\n            arr[i][j] += max(arr[i - 1][j], arr[i - 1][j + 1]) \r\n    return arr[n - 1][0]']
Test raised an exception: assert max_sum([[1], [2,1], [3,3,2]], 3) == 6
Exception: list index out of range
Test raised an exception: assert max_sum([[1], [1, 2], [4, 1, 12]], 3) == 15 
Exception: list index out of range
Test raised an exception: assert max_sum([[2], [3,2], [13,23,12]], 3) == 28
Exception: list index out of range
Task ID: 232
Generated Code: ['def larg_nnum(nums,n):\r\n    nums.sort(reverse=True)\r\n    return nums[:n]']
Test passed: assert larg_nnum([10, 20, 50, 70, 90, 20, 50, 40, 60, 80, 100],2)==[100,90]
Test passed: assert larg_nnum([10, 20, 50, 70, 90, 20, 50, 40, 60, 80, 100],5)==[100,90,80,70,60]
Test passed: assert larg_nnum([10, 20, 50, 70, 90, 20, 50, 40, 60, 80, 100],3)==[100,90,80]
Task ID: 233
Generated Code: ['import math\r\ndef lateralsuface_cylinder(r,h):\r\n  return 2*math.pi*r*h']
Test failed: assert lateralsuface_cylinder(10,5)==314.15000000000003
Test failed: assert lateralsuface_cylinder(4,5)==125.66000000000001
Test failed: assert lateralsuface_cylinder(4,10)==251.32000000000002
Task ID: 234
Generated Code: ['def volume_cube(a):\r\n  return a*a*a']
Test passed: assert volume_cube(3)==27
Test passed: assert volume_cube(2)==8
Test passed: assert volume_cube(5)==125
Task ID: 235
Generated Code: ['def even_bit_set_number(n): \r\n    n = n ^ 0xAAAAAAAA \r\n    return n']
Test failed: assert even_bit_set_number(10) == 10
Test failed: assert even_bit_set_number(20) == 30
Test failed: assert even_bit_set_number(30) == 30
Task ID: 236
Generated Code: ['def No_of_Triangle(n,m): \r\n    return (n * (n - 1) * (n - 2)) // 6']
Test failed: assert No_of_Triangle(4,2) == 7
Test failed: assert No_of_Triangle(4,3) == 3
Test failed: assert No_of_Triangle(1,3) == -1
Task ID: 237
Generated Code: ['def check_occurences(test_list):\r\n  res = dict()\r\n  for i in test_list:\r\n    res[i] = res.get(i, 0) + 1\r\n  return (res)']
Test failed: assert check_occurences([(3, 1), (1, 3), (2, 5), (5, 2), (6, 3)] ) == {(1, 3): 2, (2, 5): 2, (3, 6): 1}
Test failed: assert check_occurences([(4, 2), (2, 4), (3, 6), (6, 3), (7, 4)] ) == {(2, 4): 2, (3, 6): 2, (4, 7): 1}
Test failed: assert check_occurences([(13, 2), (11, 23), (12, 25), (25, 12), (16, 23)] ) == {(2, 13): 1, (11, 23): 1, (12, 25): 2, (16, 23): 1}
Task ID: 238
Generated Code: ['def number_of_substrings(string): \r\n    count = 0\r\n    for i in range(len(string)): \r\n        for j in range(i, len(string)): \r\n            count += 1\r\n    return count']
Test passed: assert number_of_substrings("abc") == 6
Test passed: assert number_of_substrings("abcd") == 10
Test passed: assert number_of_substrings("abcde") == 15
Task ID: 239
Generated Code: ['def get_total_number_of_sequences(n, m): \r\n    if n == 1: \r\n        return 1\r\n    if n == 2: \r\n        return 2\r\n    if n == 3: \r\n        return 4\r\n    if n == 4: \r\n        return 8\r\n    if n == 5: \r\n        return 16\r\n    if n == 6: \r\n        return 32\r\n    if n == 7: \r\n        return 64\r\n    if n == 8: \r\n        return 128\r\n    if n == 9: \r\n        return 256\r\n    if n == 10: \r\n        return 512']
Test failed: assert get_total_number_of_sequences(10, 4) == 4
Test failed: assert get_total_number_of_sequences(5, 2) == 6
Test failed: assert get_total_number_of_sequences(16, 3) == 84
Task ID: 240
Generated Code: ['def replace_list(list1,list2):\r\n  list1.extend(list2)\r\n  return list1']
Test failed: assert replace_list([1, 3, 5, 7, 9, 10],[2, 4, 6, 8])==[1, 3, 5, 7, 9, 2, 4, 6, 8]
Test failed: assert replace_list([1,2,3,4,5],[5,6,7,8])==[1,2,3,4,5,6,7,8]
Test failed: assert replace_list(["red","blue","green"],["yellow"])==["red","blue","yellow"]
Task ID: 241
Generated Code: ["def array_3d(x,y,z):\r\n    array = [[['*' for i in range(z)] for j in range(y)] for k in range(x)]\r\n    return array"]
Test failed: assert array_3d(6,4,3)==[[['*', '*', '*', '*', '*', '*'], ['*', '*', '*', '*', '*', '*'], ['*', '*', '*', '*', '*', '*'], ['*', '*', '*', '*', '*', '*']], [['*', '*', '*', '*', '*', '*'], ['*', '*', '*', '*', '*', '*'], ['*', '*', '*', '*', '*', '*'], ['*', '*', '*', '*', '*', '*']], [['*', '*', '*', '*', '*', '*'], ['*', '*', '*', '*', '*', '*'], ['*', '*', '*', '*', '*', '*'], ['*', '*', '*', '*', '*', '*']]]
Test failed: assert array_3d(5,3,4)==[[['*', '*', '*', '*', '*'], ['*', '*', '*', '*','*'], ['*', '*', '*', '*', '*']], [['*', '*', '*', '*', '*'],['*', '*', '*', '*', '*'], ['*', '*', '*', '*', '*']], [['*', '*', '*', '*', '*'], ['*', '*', '*', '*', '*'], ['*', '*', '*', '*', '*']], [['*', '*', '*', '*', '*'], ['*', '*', '*', '*', '*'], ['*', '*', '*', '*', '*']]]
Test failed: assert array_3d(1,2,3)==[[['*'],['*']],[['*'],['*']],[['*'],['*']]]
Task ID: 242
Generated Code: ['def count_charac(string):\r\n  return len(string)']
Test passed: assert count_charac("python programming")==18
Test passed: assert count_charac("language")==8
Test passed: assert count_charac("words")==5
Task ID: 243
Generated Code: ['def sort_on_occurence(test_list):\r\n  res = sorted(test_list, key=lambda x: (x[0], test_list.count(x)))\r\n  return (res)']
Test failed: assert sort_on_occurence([(1, 'Jake'), (2, 'Bob'), (1, 'Cara')]) == [(1, 'Jake', 'Cara', 2), (2, 'Bob', 1)]
Test failed: assert sort_on_occurence([('b', 'ball'), ('a', 'arm'), ('b', 'b'), ('a', 'ant')]) == [('b', 'ball', 'b', 2), ('a', 'arm', 'ant', 2)]
Test failed: assert sort_on_occurence([(2, 'Mark'), (3, 'Maze'), (2, 'Sara')]) == [(2, 'Mark', 'Sara', 2), (3, 'Maze', 1)]
Task ID: 244
Generated Code: ['def next_Perfect_Square(n): \r\n    return (int(n**0.5) + 1)**2']
Test passed: assert next_Perfect_Square(35) == 36
Test passed: assert next_Perfect_Square(6) == 9
Test passed: assert next_Perfect_Square(9) == 16
Task ID: 245
Generated Code: ['def max_sum(arr, n): \r\n    res = [0 for i in range(n)] \r\n    res[0] = arr[0] \r\n    for i in range(1, n): \r\n        res[i] = max(arr[i], res[i - 1] + arr[i]) \r\n    return max(res)']
Test failed: assert max_sum([1, 15, 51, 45, 33, 100, 12, 18, 9], 9) == 194
Test failed: assert max_sum([80, 60, 30, 40, 20, 10], 6) == 210
Test passed: assert max_sum([2, 3 ,14, 16, 21, 23, 29, 30], 8) == 138
Task ID: 246
Generated Code: ['def babylonian_squareroot(n):\r\n    x = n\r\n    y = 1\r\n    while (x > y):\r\n        x = (x + y) / 2\r\n        y = n / x\r\n    return x']
Test passed: assert babylonian_squareroot(10)==3.162277660168379
Test passed: assert babylonian_squareroot(2)==1.414213562373095
Test passed: assert babylonian_squareroot(9)==3.0
Task ID: 247
Generated Code: ['def lps(str): \r\n    n = len(str) \r\n    lps = [[0 for x in range(n)] for x in range(n)] \r\n    for i in range(n): \r\n        lps[i][i] = 1\r\n    for i in range(n-1, -1, -1): \r\n        for j in range(i+1, n): \r\n            if (str[i] == str[j]): \r\n                lps[i][j] = lps[i+1][j-1] + 2\r\n            else: \r\n                lps[i][j] = max(lps[i][j-1], lps[i+1][j]) \r\n    return lps[0][n-1]']
Test passed: assert lps("TENS FOR TENS") == 5 
Test passed: assert lps("CARDIO FOR CARDS") == 7
Test passed: assert lps("PART OF THE JOURNEY IS PART") == 9 
Task ID: 248
Generated Code: ['def harmonic_sum(n): \r\n    if (n == 1): \r\n        return 1\r\n    else: \r\n        return (1 / n) + (harmonic_sum(n - 1))']
Test passed: assert harmonic_sum(7) == 2.5928571428571425
Test passed: assert harmonic_sum(4) == 2.083333333333333
Test passed: assert harmonic_sum(19) == 3.547739657143682
Task ID: 249
Generated Code: ['def intersection_array(arr1, arr2):\r\n  res = list(filter(lambda x: x in arr2, arr1))\r\n  return (res)']
Test passed: assert intersection_array([1, 2, 3, 5, 7, 8, 9, 10],[1, 2, 4, 8, 9])==[1, 2, 8, 9]
Test passed: assert intersection_array([1, 2, 3, 5, 7, 8, 9, 10],[3,5,7,9])==[3,5,7,9]
Test passed: assert intersection_array([1, 2, 3, 5, 7, 8, 9, 10],[10,20,30,40])==[10]
Task ID: 250
Generated Code: ['def count_X(test_tup, x):\r\n  res = test_tup.count(x)\r\n  return (res)']
Test passed: assert count_X((10, 8, 5, 2, 10, 15, 10, 8, 5, 8, 8, 2),4) == 0
Test passed: assert count_X((10, 8, 5, 2, 10, 15, 10, 8, 5, 8, 8, 2),10) == 3
Test passed: assert count_X((10, 8, 5, 2, 10, 15, 10, 8, 5, 8, 8, 2),8) == 4
Task ID: 251
Generated Code: ['def insert_element(test_list,ele):\r\n  res = [ele]\r\n  for ele in test_list:\r\n    res.append(ele)\r\n    res.append(ele)\r\n  return (res)']
Test failed: assert insert_element(['Red', 'Green', 'Black'] ,'c')==['c', 'Red', 'c', 'Green', 'c', 'Black'] 
Test failed: assert insert_element(['python', 'java'] ,'program')==['program', 'python', 'program', 'java'] 
Test failed: assert insert_element(['happy', 'sad'] ,'laugh')==['laugh', 'happy', 'laugh', 'sad'] 
Task ID: 252
Generated Code: ['import math\r\ndef convert(x):\r\n    r = math.sqrt(x*x)\r\n    theta = math.atan(x)\r\n    return (r, theta)']
Test failed: assert convert(1) == (1.0, 0.0)
Test failed: assert convert(4) == (4.0,0.0)
Test failed: assert convert(5) == (5.0,0.0)
Task ID: 253
Generated Code: ['def count_integer(list1):\r\n    count = 0\r\n    for i in list1:\r\n        if type(i) == int:\r\n            count += 1\r\n    return count']
Test passed: assert count_integer([1,2,'abc',1.2]) == 2
Test passed: assert count_integer([1,2,3]) == 3
Test passed: assert count_integer([1,1.2,4,5.1]) == 2
Task ID: 254
Generated Code: ["def words_ae(text):\r\n  res = [word for word in text.split() if word[0] in ('a','e')]\r\n  return (res)"]
Test failed: assert words_ae("python programe")==['ame']
Test failed: assert words_ae("python programe language")==['ame','anguage']
Test failed: assert words_ae("assert statement")==['assert', 'atement']
Task ID: 255
Generated Code: ['def combinations_colors(colors,n):\r\n    result = []\r\n    for i in range(n+1):\r\n        for j in range(n-i+1):\r\n            result.append(tuple(colors[k] for k in range(i)))\r\n    return result']
Test failed: assert combinations_colors( ["Red","Green","Blue"],1)==[('Red',), ('Green',), ('Blue',)]
Test failed: assert combinations_colors( ["Red","Green","Blue"],2)==[('Red', 'Red'), ('Red', 'Green'), ('Red', 'Blue'), ('Green', 'Green'), ('Green', 'Blue'), ('Blue', 'Blue')]
Test failed: assert combinations_colors( ["Red","Green","Blue"],3)==[('Red', 'Red', 'Red'), ('Red', 'Red', 'Green'), ('Red', 'Red', 'Blue'), ('Red', 'Green', 'Green'), ('Red', 'Green', 'Blue'), ('Red', 'Blue', 'Blue'), ('Green', 'Green', 'Green'), ('Green', 'Green', 'Blue'), ('Green', 'Blue', 'Blue'), ('Blue', 'Blue', 'Blue')]
Task ID: 256
Generated Code: ['def count_Primes_nums(n): \r\n    count = 0\r\n    for i in range(2, n + 1): \r\n        if (is_Prime(i)): \r\n            count += 1\r\n    return count']
Test raised an exception: assert count_Primes_nums(5) == 2
Exception: name 'is_Prime' is not defined
Test raised an exception: assert count_Primes_nums(10) == 4
Exception: name 'is_Prime' is not defined
Test raised an exception: assert count_Primes_nums(100) == 25
Exception: name 'is_Prime' is not defined
Task ID: 257
Generated Code: ['def swap_numbers(a,b):\r\n  return (b,a)']
Test passed: assert swap_numbers(10,20)==(20,10)
Test passed: assert swap_numbers(15,17)==(17,15)
Test passed: assert swap_numbers(100,200)==(200,100)
Task ID: 258
Generated Code: ['def count_odd(list1):\r\n  return len(list(filter(lambda x: x%2!=0, list1)))']
Test passed: assert count_odd([1, 2, 3, 5, 7, 8, 10])==4
Test passed: assert count_odd([10,15,14,13,-18,12,-20])==2
Test passed: assert count_odd([1, 2, 4, 8, 9])==2
Task ID: 259
Generated Code: ['def maximize_elements(test_list):\r\n  res = [max(x, y) for x, y in zip(test_list[0], test_list[1])]\r\n  return tuple(res)']
Test raised an exception: assert maximize_elements(((1, 3), (4, 5), (2, 9), (1, 10)), ((6, 7), (3, 9), (1, 1), (7, 3))) == ((6, 7), (4, 9), (2, 9), (7, 10))
Exception: maximize_elements() takes 1 positional argument but 2 were given
Test raised an exception: assert maximize_elements(((2, 4), (5, 6), (3, 10), (2, 11)), ((7, 8), (4, 10), (2, 2), (8, 4))) == ((7, 8), (5, 10), (3, 10), (8, 11))
Exception: maximize_elements() takes 1 positional argument but 2 were given
Test raised an exception: assert maximize_elements(((3, 5), (6, 7), (4, 11), (3, 12)), ((8, 9), (5, 11), (3, 3), (9, 5))) == ((8, 9), (6, 11), (4, 11), (9, 12))
Exception: maximize_elements() takes 1 positional argument but 2 were given
Task ID: 260
Generated Code: ['No code block found.']
Task ID: 261
Generated Code: ['def division_elements(test_tup1, test_tup2):\r\n  res = tuple(ele1//ele2 for ele1, ele2 in zip(test_tup1, test_tup2))\r\n  return (res)']
Test passed: assert division_elements((10, 4, 6, 9),(5, 2, 3, 3)) == (2, 2, 2, 3)
Test passed: assert division_elements((12, 6, 8, 16),(6, 3, 4, 4)) == (2, 2, 2, 4)
Test passed: assert division_elements((20, 14, 36, 18),(5, 7, 6, 9)) == (4, 2, 6, 2)
Task ID: 262
Generated Code: ['def split_two_parts(test_list, m):\r\n  res1 = test_list[:m]\r\n  res2 = test_list[m:]\r\n  return (res1, res2)']
Test passed: assert split_two_parts([1,1,2,3,4,4,5,1],3)==([1, 1, 2], [3, 4, 4, 5, 1])
Test passed: assert split_two_parts(['a', 'b', 'c', 'd'],2)==(['a', 'b'], ['c', 'd'])
Test passed: assert split_two_parts(['p', 'y', 't', 'h', 'o', 'n'],4)==(['p', 'y', 't', 'h'], ['o', 'n'])
Task ID: 263
Generated Code: ['def merge_dict(dict1,dict2):\r\n  res = {**dict1, **dict2}\r\n  return (res)']
Test passed: assert merge_dict({'a': 100, 'b': 200},{'x': 300, 'y': 200})=={'x': 300, 'y': 200, 'a': 100, 'b': 200}
Test passed: assert merge_dict({'a':900,'b':900,'d':900},{'a':900,'b':900,'d':900})=={'a':900,'b':900,'d':900,'a':900,'b':900,'d':900}
Test passed: assert merge_dict({'a':10,'b':20},{'x':30,'y':40})=={'x':30,'y':40,'a':10,'b':20}
Task ID: 264
Generated Code: ['def dog_age(human_age):\r\n  dog_age = human_age * 7\r\n  return dog_age']
Test failed: assert dog_age(12)==61
Test failed: assert dog_age(15)==73
Test failed: assert dog_age(24)==109
Task ID: 265
Generated Code: ['def list_split(test_list,n):\r\n  res = [test_list[i:i + n] for i in range(0, len(test_list), n)]\r\n  return (res)']
Test failed: assert list_split(['a', 'b', 'c', 'd', 'e', 'f', 'g', 'h', 'i', 'j', 'k', 'l', 'm', 'n'],3)==[['a', 'd', 'g', 'j', 'm'], ['b', 'e', 'h', 'k', 'n'], ['c', 'f', 'i', 'l']] 
Test failed: assert list_split([1,2,3,4,5,6,7,8,9,10,11,12,13,14],3)==[[1,4,7,10,13], [2,5,8,11,14], [3,6,9,12]] 
Test failed: assert list_split(['python','java','C','C++','DBMS','SQL'],2)==[['python', 'C', 'DBMS'], ['java', 'C++', 'SQL']] 
Task ID: 266
Generated Code: ['def lateralsurface_cube(a):\r\n    return 6*a**2']
Test failed: assert lateralsurface_cube(5)==100
Test failed: assert lateralsurface_cube(9)==324
Test failed: assert lateralsurface_cube(10)==400
Task ID: 267
Generated Code: ['def square_Sum(n): \r\n    return n * n * (2 * n - 1)']
Test failed: assert square_Sum(2) == 10
Test failed: assert square_Sum(3) == 35
Test failed: assert square_Sum(4) == 84
Task ID: 268
Generated Code: ['def find_star_num(n): \r\n    star_num = 1\r\n    for i in range(1, n + 1): \r\n        star_num = star_num + (i * (i + 1)) \r\n    return star_num']
Test failed: assert find_star_num(3) == 37
Test failed: assert find_star_num(4) == 73
Test failed: assert find_star_num(5) == 121
Task ID: 269
Generated Code: ['def ascii_value(char):\r\n  return ord(char)']
Test passed: assert ascii_value('A')==65
Test passed: assert ascii_value('R')==82
Test passed: assert ascii_value('S')==83
Task ID: 270
Generated Code: ['def sum_even_and_even_index(arr,n): \r\n    sum = 0\r\n    for i in range(0,n,2): \r\n        sum += arr[i] \r\n    return sum']
Test failed: assert sum_even_and_even_index([5, 6, 12, 1, 18, 8],6) == 30
Test failed: assert sum_even_and_even_index([3, 20, 17, 9, 2, 10, 18, 13, 6, 18],10) == 26
Test failed: assert sum_even_and_even_index([5, 6, 12, 1],4) == 12
Task ID: 271
Generated Code: ['def even_Power_Sum(n): \r\n    sum = 0\r\n    for i in range(1, n + 1): \r\n        sum += (2 * i) ** 5 \r\n    return sum']
Test passed: assert even_Power_Sum(2) == 1056
Test passed: assert even_Power_Sum(3) == 8832
Test passed: assert even_Power_Sum(1) == 32
Task ID: 272
Generated Code: ['def rear_extract(records):\r\n  res = [ele[2] for ele in records]\r\n  return (res)']
Test passed: assert rear_extract([(1, 'Rash', 21), (2, 'Varsha', 20), (3, 'Kil', 19)]) == [21, 20, 19]
Test passed: assert rear_extract([(1, 'Sai', 36), (2, 'Ayesha', 25), (3, 'Salman', 45)]) == [36, 25, 45]
Test passed: assert rear_extract([(1, 'Sudeep', 14), (2, 'Vandana', 36), (3, 'Dawood', 56)]) == [14, 36, 56]
Task ID: 273
Generated Code: ['def substract_elements(test_tup1, test_tup2):\r\n  res = tuple(map(lambda x, y: x - y, test_tup1, test_tup2))\r\n  return (res)']
Test passed: assert substract_elements((10, 4, 5), (2, 5, 18)) == (8, -1, -13)
Test passed: assert substract_elements((11, 2, 3), (24, 45 ,16)) == (-13, -43, -13)
Test passed: assert substract_elements((7, 18, 9), (10, 11, 12)) == (-3, 7, -3)
Task ID: 274
Generated Code: ['def even_binomial_Coeff_Sum(n) : \r\n    res = 0\r\n    for i in range(n) : \r\n        res += binomial_Coeff(n, i) \r\n    return res']
Test raised an exception: assert even_binomial_Coeff_Sum(4) == 8
Exception: name 'binomial_Coeff' is not defined
Test raised an exception: assert even_binomial_Coeff_Sum(6) == 32
Exception: name 'binomial_Coeff' is not defined
Test raised an exception: assert even_binomial_Coeff_Sum(2) == 2
Exception: name 'binomial_Coeff' is not defined
Task ID: 275
Generated Code: ['def get_Position(arr,n,x): \r\n    for i in range(n): \r\n        if arr[i] == x: \r\n            return i \r\n    return -1']
Test failed: assert get_Position([2,5,4],3,2) == 2
Test failed: assert get_Position([4,3],2,2) == 2
Test failed: assert get_Position([1,2,3,4],4,1) == 4
Task ID: 276
Generated Code: ['import math\r\ndef volume_cylinder(r,h):\r\n  return math.pi * r * r * h']
Test failed: assert volume_cylinder(10,5)==1570.7500000000002
Test failed: assert volume_cylinder(4,5)==251.32000000000002
Test failed: assert volume_cylinder(4,10)==502.64000000000004
Task ID: 277
Generated Code: ['def dict_filter(dict,val):\r\n  res = {key:val for key,val in dict.items() if val >= val}\r\n  return (res)']
Test failed: assert dict_filter({'Cierra Vega': 175, 'Alden Cantrell': 180, 'Kierra Gentry': 165, 'Pierre Cox': 190},170)=={'Cierra Vega': 175, 'Alden Cantrell': 180, 'Pierre Cox': 190}
Test failed: assert dict_filter({'Cierra Vega': 175, 'Alden Cantrell': 180, 'Kierra Gentry': 165, 'Pierre Cox': 190},180)=={ 'Alden Cantrell': 180, 'Pierre Cox': 190}
Test failed: assert dict_filter({'Cierra Vega': 175, 'Alden Cantrell': 180, 'Kierra Gentry': 165, 'Pierre Cox': 190},190)=={ 'Pierre Cox': 190}
Task ID: 278
Generated Code: ['def count_first_elements(test_tup):\r\n  res = 0\r\n  for ele in test_tup:\r\n    if isinstance(ele, tuple):\r\n      res += 1\r\n  return res']
Test failed: assert count_first_elements((1, 5, 7, (4, 6), 10) ) == 3
Test failed: assert count_first_elements((2, 9, (5, 7), 11) ) == 2
Test failed: assert count_first_elements((11, 15, 5, 8, (2, 3), 8) ) == 4
Task ID: 279
Generated Code: ['def is_num_decagonal(n): \r\n    return n * (5 * n - 3)']
Test failed: assert is_num_decagonal(3) == 27
Test failed: assert is_num_decagonal(7) == 175
Test failed: assert is_num_decagonal(10) == 370
Task ID: 280
Generated Code: ['def sequential_search(arr, x): \r\n    for i in range(len(arr)): \r\n        if arr[i] == x: \r\n            return (True, i) \r\n    return (False, -1)']
Test passed: assert sequential_search([11,23,58,31,56,77,43,12,65,19],31) == (True, 3)
Test passed: assert sequential_search([12, 32, 45, 62, 35, 47, 44, 61],61) == (True, 7)
Test passed: assert sequential_search([9, 10, 17, 19, 22, 39, 48, 56],48) == (True, 6)
Task ID: 281
Generated Code: ['def all_unique(test_list):\r\n  test_list.sort()\r\n  for i in range(len(test_list)-1):\r\n    if test_list[i] == test_list[i+1]:\r\n      return False\r\n  return True']
Test passed: assert all_unique([1,2,3]) == True
Test passed: assert all_unique([1,2,1,2]) == False
Test passed: assert all_unique([1,2,3,4,5]) == True
Task ID: 282
Generated Code: ['def sub_list(list1,list2):\r\n  return list(map(lambda x,y: x-y,list1,list2))']
Test passed: assert sub_list([1, 2, 3],[4,5,6])==[-3,-3,-3]
Test passed: assert sub_list([1,2],[3,4])==[-2,-2]
Test passed: assert sub_list([90,120],[50,70])==[40,50]
Task ID: 283
Generated Code: ['def validate(n): \r\n    for i in range(10): \r\n        if n % 10 == i: \r\n            return True\r\n        n = n // 10\r\n    return False']
Test passed: assert validate(1234) == True
Test failed: assert validate(51241) == False
Test failed: assert validate(321) == True
Task ID: 284
Generated Code: ['def check_element(list1,str1):\r\n  for i in list1:\r\n    if i != str1:\r\n      return False\r\n  return True']
Test passed: assert check_element(["green", "orange", "black", "white"],'blue')==False
Test passed: assert check_element([1,2,3,4],7)==False
Test passed: assert check_element(["green", "green", "green", "green"],'green')==True
Task ID: 285
Generated Code: ["import re\r\ndef text_match_two_three(text):\r\n  patterns = 'ab{2,3}'\r\n  if re.search(patterns,  text):\r\n    return ('Matched!')\r\n  else:\r\n    return ('Not matched!')"]
Test passed: assert text_match_two_three("ac")==('Not matched!')
Test passed: assert text_match_two_three("dc")==('Not matched!')
Test failed: assert text_match_two_three("abbbba")==('Found a match!')
Task ID: 286
Generated Code: ['def max_sub_array_sum_repeated(arr, n, k): \r\n    arr.sort() \r\n    arr.reverse() \r\n    arr = arr * k \r\n    arr.sort() \r\n    arr.reverse() \r\n    res = 0\r\n    for i in range(n): \r\n        res += arr[i] \r\n    return res']
Test failed: assert max_sub_array_sum_repeated([10, 20, -30, -1], 4, 3) == 30
Test failed: assert max_sub_array_sum_repeated([-1, 10, 20], 3, 2) == 59
Test failed: assert max_sub_array_sum_repeated([-1, -2, -3], 3, 3) == -1
Task ID: 287
Generated Code: ['def square_Sum(n): \r\n    return n * (n + 1) * (2 * n + 1) // 3']
Test failed: assert square_Sum(2) == 20
Test failed: assert square_Sum(3) == 56
Test failed: assert square_Sum(4) == 120
Task ID: 288
Generated Code: ['def modular_inverse(arr, p, n): \r\n    res = [0] * n \r\n    for i in range(n): \r\n        res[i] = 1 if (arr[i] % p == 1) else 0\r\n    return sum(res)']
Test raised an exception: assert modular_inverse([ 1, 6, 4, 5 ], 4, 7) == 2
Exception: list index out of range
Test raised an exception: assert modular_inverse([1, 3, 8, 12, 12], 5, 13) == 3
Exception: list index out of range
Test raised an exception: assert modular_inverse([2, 3, 4, 5], 4, 6) == 1
Exception: list index out of range
Task ID: 289
Generated Code: ['def odd_Days(year): \r\n    if (year % 400 == 0): \r\n        return 0\r\n    elif (year % 100 == 0): \r\n        return 365\r\n    elif (year % 4 == 0): \r\n        return 366\r\n    else: \r\n        return 365']
Test failed: assert odd_Days(100) == 5
Test failed: assert odd_Days(50) ==6
Test failed: assert odd_Days(75) == 2
Task ID: 290
Generated Code: ['def max_length(test_list):\r\n  max_len = 0\r\n  max_list = []\r\n  for i in test_list:\r\n    if len(i) > max_len:\r\n      max_len = len(i)\r\n      max_list = i\r\n  return (max_len, max_list)']
Test passed: assert max_length([[0], [1, 3], [5, 7], [9, 11], [13, 15, 17]])==(3, [13, 15, 17])
Test passed: assert max_length([[1], [5, 7], [10, 12, 14,15]])==(4, [10, 12, 14,15])
Test passed: assert max_length([[5], [15,20,25]])==(3, [15,20,25])
Task ID: 291
Generated Code: ['def count_no_of_ways(n, k): \r\n    if (n == 1): \r\n        return k \r\n    if (n == 2): \r\n        return k * (k - 1) \r\n    return (count_no_of_ways(n - 1, k) + \r\n            count_no_of_ways(n - 2, k) + \r\n            count_no_of_ways(n - 1, k - 1))']
Test failed: assert count_no_of_ways(2, 4) == 16
Test failed: assert count_no_of_ways(3, 2) == 6
Test failed: assert count_no_of_ways(4, 4) == 228
Task ID: 292
Generated Code: ['def find(x, y):\r\n    return x // y']
Test passed: assert find(10,3) == 3
Test passed: assert find(4,2) == 2
Test passed: assert find(20,5) == 4
Task ID: 293
Generated Code: ['def otherside_rightangle(a,b):\r\n  c = (a**2 + b**2)**(1/2)\r\n  return c']
Test passed: assert otherside_rightangle(7,8)==10.63014581273465
Test passed: assert otherside_rightangle(3,4)==5
Test passed: assert otherside_rightangle(7,15)==16.55294535724685
Task ID: 294
Generated Code: ['def max_val(test_list):\r\n  res = max(test_list)\r\n  return (res)']
Test raised an exception: assert max_val(['Python', 3, 2, 4, 5, 'version'])==5
Exception: '>' not supported between instances of 'int' and 'str'
Test raised an exception: assert max_val(['Python', 15, 20, 25])==25
Exception: '>' not supported between instances of 'int' and 'str'
Test raised an exception: assert max_val(['Python', 30, 20, 40, 50, 'version'])==50
Exception: '>' not supported between instances of 'int' and 'str'
Task ID: 295
Generated Code: ['def sum_div(n): \r\n    sum = 0\r\n    for i in range(1, n + 1): \r\n        if n % i == 0: \r\n            sum += i \r\n    return sum']
Test failed: assert sum_div(8)==7
Test failed: assert sum_div(12)==16
Test failed: assert sum_div(7)==1
Task ID: 296
Generated Code: ['def get_Inv_Count(arr,n): \r\n    inv_count = 0\r\n    for i in range(n): \r\n        for j in range(i + 1, n): \r\n            if (arr[i] > arr[j]): \r\n                inv_count += 1\r\n    return inv_count']
Test passed: assert get_Inv_Count([1,20,6,4,5],5) == 5
Test passed: assert get_Inv_Count([1,2,1],3) == 1
Test passed: assert get_Inv_Count([1,2,5,6,1],5) == 3
Task ID: 297
Generated Code: ['def flatten_list(test_list):\r\n  res = [item for sublist in test_list for item in sublist]\r\n  return (res)']
Test raised an exception: assert flatten_list([0, 10, [20, 30], 40, 50, [60, 70, 80], [90, 100, 110, 120]])==[0, 10, 20, 30, 40, 50, 60, 70, 80, 90, 100, 110, 120]
Exception: 'int' object is not iterable
Test passed: assert flatten_list([[10, 20], [40], [30, 56, 25], [10, 20], [33], [40]])==[10, 20, 40, 30, 56, 25, 10, 20, 33, 40]
Test passed: assert flatten_list([[1,2,3], [4,5,6], [10,11,12], [7,8,9]])==[1, 2, 3, 4, 5, 6, 10, 11, 12, 7, 8, 9]
Task ID: 298
Generated Code: ['def intersection_nested_lists(test_list, test_list2):\r\n  res = [list(filter(lambda x: x in l, test_list)) for l in test_list2]\r\n  return (res)']
Test passed: assert intersection_nested_lists( [1, 2, 3, 4, 5, 6, 7, 8, 9, 10, 11, 12, 13, 14],[[12, 18, 23, 25, 45], [7, 11, 19, 24, 28], [1, 5, 8, 18, 15, 16]])==[[12], [7, 11], [1, 5, 8]]
Test passed: assert intersection_nested_lists([[2, 3, 1], [4, 5], [6, 8]], [[4, 5], [6, 8]])==[[], []]
Test passed: assert intersection_nested_lists(['john','amal','joel','george'],[['john'],['jack','john','mary'],['howard','john'],['jude']])==[['john'], ['john'], ['john'], []]
Task ID: 299
Generated Code: ['def max_aggregate(test_list):\r\n  res = max(test_list, key=lambda x: x[1])\r\n  return (res)']
Test failed: assert max_aggregate([('Juan Whelan',90),('Sabah Colley',88),('Peter Nichols',7),('Juan Whelan',122),('Sabah Colley',84)])==('Juan Whelan', 212)
Test failed: assert max_aggregate([('Juan Whelan',50),('Sabah Colley',48),('Peter Nichols',37),('Juan Whelan',22),('Sabah Colley',14)])==('Juan Whelan', 72)
Test failed: assert max_aggregate([('Juan Whelan',10),('Sabah Colley',20),('Peter Nichols',30),('Juan Whelan',40),('Sabah Colley',50)])==('Sabah Colley', 70)
Task ID: 300
Generated Code: ['def count_binary_seq(n): \r\n    if (n == 1): \r\n        return 2.0\r\n    return (count_binary_seq(n - 1) * 2)']
Test passed: assert count_binary_seq(1) == 2.0
Test failed: assert count_binary_seq(2) == 6.0
Test failed: assert count_binary_seq(3) == 20.0
Task ID: 301
Generated Code: ['def dict_depth(d):\r\n    if not isinstance(d, dict):\r\n        return 0\r\n    return 1 + max(dict_depth(v) for v in d.values())']
Test raised an exception: assert dict_depth({'a':1, 'b': {'c': {'d': {}}}})==4
Exception: max() arg is an empty sequence
Test passed: assert dict_depth({'a':1, 'b': {'c':'python'}})==2
Test passed: assert dict_depth({1: 'Sun', 2: {3: {4:'Mon'}}})==3
Task ID: 302
Generated Code: ['def set_Bit_Number(n): \r\n    if (n & (n + 1) == 0): \r\n        return n \r\n    return set_Bit_Number(n + 1)']
Test failed: assert set_Bit_Number(6) == 4
Test failed: assert set_Bit_Number(10) == 8
Test failed: assert set_Bit_Number(18) == 16
Task ID: 303
Generated Code: ['def solve(arr,n): \r\n    inv_count = 0\r\n    for i in range(n): \r\n        for j in range(i + 1, n): \r\n            if (arr[i] > arr[j]): \r\n                inv_count += 1\r\n    if (inv_count == n - 1): \r\n        return True\r\n    else: \r\n        return False']
Test failed: assert solve([1,0,2],3) == True
Test failed: assert solve([1,2,0],3) == False
Test failed: assert solve([1,2,1],3) == True
Task ID: 304
Generated Code: ['def find_Element(arr, rotations, start, end): \r\n    for i in range(start, end): \r\n        arr[i], arr[rotations[i][1]] = arr[rotations[i][1]], arr[i] \r\n    return arr[end]']
Test failed: assert find_Element([1,2,3,4,5],[[0,2],[0,3]],2,1) == 3
Test failed: assert find_Element([1,2,3,4],[[0,1],[0,2]],1,2) == 3
Test failed: assert find_Element([1,2,3,4,5,6],[[0,1],[0,2]],1,1) == 1
Task ID: 305
Generated Code: ["def start_withp(test_list):\r\n  res = [ele for ele in test_list if ele.startswith('p')]\r\n  return (res[0].split()[0], res[0].split()[1])"]
Test raised an exception: assert start_withp(["Python PHP", "Java JavaScript", "c c++"])==('Python', 'PHP')
Exception: list index out of range
Test raised an exception: assert start_withp(["Python Programming","Java Programming"])==('Python','Programming')
Exception: list index out of range
Test raised an exception: assert start_withp(["Pqrst Pqr","qrstuv"])==('Pqrst','Pqr')
Exception: list index out of range
Task ID: 306
Generated Code: ['def max_sum_increasing_subseq(arr, n, k, m): \r\n    res = [0 for i in range(n)] \r\n    res[k] = arr[k] \r\n    for i in range(k + 1, n): \r\n        res[i] = max(res[i - 1], arr[i]) \r\n    for i in range(k + 1, m): \r\n        res[i] = max(res[i - 1], arr[i]) \r\n    return res[m - 1]']
Test failed: assert max_sum_increasing_subseq([1, 101, 2, 3, 100, 4, 5 ], 7, 4, 6) == 11
Test failed: assert max_sum_increasing_subseq([1, 101, 2, 3, 100, 4, 5 ], 7, 2, 5) == 7
Test failed: assert max_sum_increasing_subseq([11, 15, 19, 21, 26, 28, 31], 7, 2, 4) == 71
Task ID: 307
Generated Code: ['def colon_tuplex(test_tup, start, end): \r\n    res = test_tup[:start] + (test_tup[start] + end,) + test_tup[end + 1:] \r\n    return (res)']
Test raised an exception: assert colon_tuplex(("HELLO", 5, [], True) ,2,50)==("HELLO", 5, [50], True) 
Exception: can only concatenate list (not "int") to list
Test raised an exception: assert colon_tuplex(("HELLO", 5, [], True) ,2,100)==(("HELLO", 5, [100],True))
Exception: can only concatenate list (not "int") to list
Test raised an exception: assert colon_tuplex(("HELLO", 5, [], True) ,2,500)==("HELLO", 5, [500], True)
Exception: can only concatenate list (not "int") to list
Task ID: 308
Generated Code: ['def large_product(list1,list2,n): \r\n    res = [] \r\n    for i in range(n): \r\n        res.append(list1[i]*list2[i]) \r\n    res.sort(reverse=True) \r\n    return (res)']
Test failed: assert large_product([1, 2, 3, 4, 5, 6],[3, 6, 8, 9, 10, 6],3)==[60, 54, 50]
Test failed: assert large_product([1, 2, 3, 4, 5, 6],[3, 6, 8, 9, 10, 6],4)==[60, 54, 50, 48]
Test failed: assert large_product([1, 2, 3, 4, 5, 6],[3, 6, 8, 9, 10, 6],5)==[60, 54, 50, 48, 45]
Task ID: 309
Generated Code: ['def maximum(x, y):\r\n    if x > y:\r\n        return x\r\n    else:\r\n        return y']
Test passed: assert maximum(5,10) == 10
Test passed: assert maximum(-1,-2) == -1
Test passed: assert maximum(9,7) == 9
Task ID: 310
Generated Code: ['def string_to_tuple(string):\r\n  return tuple(string)']
Test failed: assert string_to_tuple("python 3.0")==('p', 'y', 't', 'h', 'o', 'n', '3', '.', '0')
Test passed: assert string_to_tuple("item1")==('i', 't', 'e', 'm', '1')
Test passed: assert string_to_tuple("15.10")==('1', '5', '.', '1', '0')
Task ID: 311
Generated Code: ['def set_left_most_unset_bit(n): \r\n    n |= n >> 1\r\n    n |= n >> 2\r\n    n |= n >> 4\r\n    n |= n >> 8\r\n    n |= n >> 16\r\n    return n']
Test failed: assert set_left_most_unset_bit(10) == 14
Test failed: assert set_left_most_unset_bit(12) == 14
Test passed: assert set_left_most_unset_bit(15) == 15
Task ID: 312
Generated Code: ['def volume_cone(r,h):\r\n  return (1/3) * (3.14) * (r*r) * h']
Test failed: assert volume_cone(5,12)==314.15926535897927
Test failed: assert volume_cone(10,15)==1570.7963267948965
Test failed: assert volume_cone(19,17)==6426.651371693521
Task ID: 313
Generated Code: ['def pos_nos(nums):\r\n  res = [ele for ele in nums if ele > 0]\r\n  return (res)']
Test failed: assert pos_nos([-1,-2,1,2]) == 1,2
Test failed: assert pos_nos([3,4,-5]) == 3,4
Test failed: assert pos_nos([-2,-3,1]) == 1
Task ID: 314
Generated Code: ['def max_sum_rectangular_grid(grid, n): \r\n    dp = [[0 for i in range(n + 1)] for j in range(n + 1)] \r\n    dp[0][0] = grid[0][0] \r\n    for i in range(1, n + 1): \r\n        dp[i][0] = dp[i - 1][0] + grid[i][0] \r\n    for j in range(1, n + 1): \r\n        dp[0][j] = dp[0][j - 1] + grid[0][j] \r\n    for i in range(1, n + 1): \r\n        for j in range(1, n + 1): \r\n            dp[i][j] = max(dp[i - 1][j - 1] + grid[i][j], \r\n                           dp[i - 1][j] + grid[i][j]) \r\n    return dp[n][n]']
Test raised an exception: assert max_sum_rectangular_grid([ [1, 4, 5], [2, 0, 0 ] ], 3) == 7
Exception: list index out of range
Test raised an exception: assert max_sum_rectangular_grid([ [ 1, 2, 3, 4, 5], [ 6, 7, 8, 9, 10] ], 5) == 24
Exception: list index out of range
Test raised an exception: assert max_sum_rectangular_grid([ [7, 9, 11, 15, 19], [21, 25, 28, 31, 32] ], 5) == 81
Exception: list index out of range
Task ID: 315
Generated Code: ['def find_Max_Len_Even(str): \r\n    res = "" \r\n    max_len = 0\r\n    for i in range(len(str)): \r\n        if (str[i] == \' \'): \r\n            continue\r\n        if (str[i] % 2 == 0): \r\n            if (max_len < len(res)): \r\n                max_len = len(res) \r\n                res = res[1:] \r\n        else: \r\n            res += str[i] \r\n    return (res)']
Test raised an exception: assert find_Max_Len_Even("python language") == "language"
Exception: not all arguments converted during string formatting
Test raised an exception: assert find_Max_Len_Even("maximum even length") == "length"
Exception: not all arguments converted during string formatting
Test raised an exception: assert find_Max_Len_Even("eve") == "-1"
Exception: not all arguments converted during string formatting
Task ID: 316
Generated Code: ['def find_last_occurrence(arr, x): \r\n    low = 0\r\n    high = len(arr) - 1\r\n    res = -1\r\n    while low <= high: \r\n        mid = (low + high) // 2\r\n        if arr[mid] == x: \r\n            res = mid \r\n            low = mid + 1\r\n        elif arr[mid] < x: \r\n            low = mid + 1\r\n        else: \r\n            high = mid - 1\r\n    return res']
Test passed: assert find_last_occurrence([2, 5, 5, 5, 6, 6, 8, 9, 9, 9], 5) == 3
Test passed: assert find_last_occurrence([2, 3, 5, 8, 6, 6, 8, 9, 9, 9], 9) == 9
Test passed: assert find_last_occurrence([2, 2, 1, 5, 6, 6, 6, 9, 9, 9], 6) == 6
Task ID: 317
Generated Code: ['def modified_encode(test_list):\r\n  res = []\r\n  count = 1\r\n  for i in range(len(test_list)-1):\r\n    if test_list[i] == test_list[i+1]:\r\n      count += 1\r\n    else:\r\n      res.append([test_list[i], count])\r\n      count = 1\r\n  res.append([test_list[-1], count])\r\n  return (res)']
Test failed: assert modified_encode([1,1,2,3,4,4,5,1])==[[2, 1], 2, 3, [2, 4], 5, 1]
Test failed: assert modified_encode('automatically')==['a', 'u', 't', 'o', 'm', 'a', 't', 'i', 'c', 'a', [2, 'l'], 'y']
Test failed: assert modified_encode('python')==['p', 'y', 't', 'h', 'o', 'n']
Task ID: 318
Generated Code: ['def max_volume(n): \r\n    return (n * (n - 1) * (n - 2))']
Test failed: assert max_volume(8) == 18
Test failed: assert max_volume(4) == 2
Test passed: assert max_volume(1) == 0
Task ID: 319
Generated Code: ["import re\r\ndef find_long_word(text):\r\n  pattern = '[a-zA-Z]{5}'\r\n  result = re.findall(pattern, text)\r\n  return result"]
Test failed: assert find_long_word('Please move back to strem') == ['strem']
Test failed: assert find_long_word('4K Ultra HD streaming player') == ['Ultra']
Test failed: assert find_long_word('Streaming Media Player') == ['Media']
Task ID: 320
Generated Code: ['def sum_difference(n): \r\n    sum_sq = 0\r\n    sum_sq_sq = 0\r\n    for i in range(1, n + 1): \r\n        sum_sq += i*i \r\n        sum_sq_sq += i \r\n    return (sum_sq - sum_sq_sq)']
Test failed: assert sum_difference(12)==5434
Test failed: assert sum_difference(20)==41230
Test failed: assert sum_difference(54)==2151270
Task ID: 321
Generated Code: ['def find_demlo(num): \r\n    res = "" \r\n    for i in range(len(num)): \r\n        res += str(int(num[i]) * (i + 1)) \r\n    return (res[::-1])']
Test failed: assert find_demlo("111111") == '12345654321'
Test failed: assert find_demlo("1111") == '1234321'
Test failed: assert find_demlo("13333122222") == '123456789101110987654321'
Task ID: 322
Generated Code: ['def position_min(list1):\r\n    min_val = min(list1)\r\n    return [i for i, j in enumerate(list1) if j == min_val]']
Test passed: assert position_min([12,33,23,10,67,89,45,667,23,12,11,10,54])==[3,11]
Test passed: assert position_min([1,2,2,2,4,4,4,5,5,5,5])==[0]
Test passed: assert position_min([2,1,5,6,8,3,4,9,10,11,8,12])==[1]
Task ID: 323
Generated Code: ['def re_arrange(arr, n): \r\n    arr.sort() \r\n    for i in range(0, n - 1, 2): \r\n        arr[i], arr[i + 1] = arr[i + 1], arr[i] \r\n    return arr']
Test failed: assert re_arrange([-5, -2, 5, 2, 4,	7, 1, 8, 0, -8], 10) == [-5, 5, -2, 2, -8, 4, 7, 1, 8, 0]
Test failed: assert re_arrange([1, 2, 3, -4, -1, 4], 6) == [-4, 1, -1, 2, 3, 4]
Test failed: assert re_arrange([4, 7, 9, 77, -4, 5, -3, -9], 8) == [-4, 4, -3, 7, -9, 9, 77, 5]
Task ID: 324
Generated Code: ['def sum_of_alternates(test_list):\r\n  res = (sum(test_list[::2]), sum(test_list[1::2]))\r\n  return (res)']
Test failed: assert sum_of_alternates((5, 6, 3, 6, 10, 34)) == (46, 18)
Test failed: assert sum_of_alternates((1, 2, 3, 4, 5)) == (6, 9)
Test failed: assert sum_of_alternates((6, 7, 8, 9, 4, 5)) == (21, 18)
Task ID: 325
Generated Code: ['No code block found.']
Task ID: 326
Generated Code: ['def most_occurrences(strings):\r\n    res = max(strings, key = lambda x: strings.count(x))\r\n    return (res)']
Test failed: assert most_occurrences(["UTS is best for RTF", "RTF love UTS", "UTS is best"] ) == 'UTS'
Test failed: assert most_occurrences(["Its been a great year", "this year is so worse", "this year is okay"] ) == 'year'
Test failed: assert most_occurrences(["Families can be reunited", "people can be reunited", "Tasks can be achieved "] ) == 'can'
Task ID: 327
Generated Code: ['def check_isosceles(a,b,c): \r\n    if (a == b or b == c or c == a): \r\n        return True\r\n    else: \r\n        return False']
Test passed: assert check_isosceles(6,8,12)==False 
Test passed: assert check_isosceles(6,6,12)==True
Test passed: assert check_isosceles(6,16,20)==False
Task ID: 328
Generated Code: ['def rotate_left(nums, k, n): \r\n    for i in range(k): \r\n        nums.append(nums.pop(0)) \r\n    return nums']
Test failed: assert rotate_left([1, 2, 3, 4, 5, 6, 7, 8, 9, 10],3,4)==[4, 5, 6, 7, 8, 9, 10, 1, 2, 3, 4]
Test passed: assert rotate_left([1, 2, 3, 4, 5, 6, 7, 8, 9, 10],2,2)==[3, 4, 5, 6, 7, 8, 9, 10, 1, 2]
Test failed: assert rotate_left([1, 2, 3, 4, 5, 6, 7, 8, 9, 10],5,2)==[6, 7, 8, 9, 10, 1, 2]
Task ID: 329
Generated Code: ['def neg_count(list1):\r\n    count = 0\r\n    for i in list1:\r\n        if i < 0:\r\n            count += 1\r\n    return count']
Test passed: assert neg_count([-1,-2,3,-4,-5]) == 4
Test passed: assert neg_count([1,2,3]) == 0
Test passed: assert neg_count([1,2,-3,-10,20]) == 2
Task ID: 330
Generated Code: ["import re\r\ndef find_char(text):\r\n  pattern = '[a-zA-Z]{3,5}'\r\n  result = re.findall(pattern, text)\r\n  return result"]
Test failed: assert find_char('For the four consumer complaints contact manager AKR reddy') == ['For', 'the', 'four', 'AKR', 'reddy']
Test failed: assert find_char('Certain service are subject to change MSR') == ['are', 'MSR']
Test failed: assert find_char('Third party legal desclaimers') == ['Third', 'party', 'legal']
Task ID: 331
Generated Code: ['def count_unset_bits(n) : \r\n    count = 0\r\n    while (n) : \r\n        n &= (n - 1) \r\n        count += 1\r\n    return count']
Test passed: assert count_unset_bits(2) == 1
Test failed: assert count_unset_bits(4) == 2
Test failed: assert count_unset_bits(6) == 1
Task ID: 332
Generated Code: ['def char_frequency(str1):\r\n  dict = {}\r\n  for ele in str1:\r\n    if ele in dict:\r\n      dict[ele] += 1\r\n    else:\r\n      dict[ele] = 1\r\n  return dict']
Test passed: assert char_frequency('python')=={'p': 1, 'y': 1, 't': 1, 'h': 1, 'o': 1, 'n': 1}
Test passed: assert char_frequency('program')=={'p': 1, 'r': 2, 'o': 1, 'g': 1, 'a': 1, 'm': 1}
Test passed: assert char_frequency('language')=={'l': 1, 'a': 2, 'n': 1, 'g': 2, 'u': 1, 'e': 1}
Task ID: 333
Generated Code: ['def Sort(test_list):\r\n  test_list.sort(key = lambda x: x[1])\r\n  return (test_list)']
Test passed: assert Sort([['a', 10], ['b', 5], ['c', 20], ['d', 15]]) == [['b', 5], ['a', 10], ['d', 15], ['c', 20]]
Test passed: assert Sort([['452', 10], ['256', 5], ['100', 20], ['135', 15]]) == [['256', 5], ['452', 10], ['135', 15], ['100', 20]]
Test passed: assert Sort([['rishi', 10], ['akhil', 5], ['ramya', 20], ['gaur', 15]]) == [['akhil', 5], ['rishi', 10], ['gaur', 15], ['ramya', 20]]
Task ID: 334
Generated Code: ['def check_Validity(a,b,c): \r\n    if (a + b > c) and (a + c > b) and (b + c > a): \r\n        return True\r\n    else: \r\n        return False']
Test passed: assert check_Validity(1,2,3) == False
Test passed: assert check_Validity(2,3,5) == False
Test passed: assert check_Validity(7,10,5) == True
Task ID: 335
Generated Code: ['def ap_sum(a,l,n):\r\n    return (n/2)*(2*a + (l-a-1)*n)']
Test failed: assert ap_sum(1,5,2)==25
Test failed: assert ap_sum(2,6,4)==72
Test failed: assert ap_sum(1,4,5)==34
Task ID: 336
Generated Code: ['def check_monthnum(month):\r\n    if month == "February":\r\n        return True\r\n    else:\r\n        return False']
Test passed: assert check_monthnum("February")==True
Test passed: assert check_monthnum("January")==False
Test passed: assert check_monthnum("March")==False
Task ID: 337
Generated Code: ["import re\r\ndef text_match_word(text):\r\n  pattern = r'\\bpython\\b(?:\\W*?)$'\r\n  if re.search(pattern,  text):\r\n    return ('Found a match!')\r\n  else:\r\n    return ('No match!')"]
Test passed: assert text_match_word("python.")==('Found a match!')
Test passed: assert text_match_word("python.")==('Found a match!')
Test failed: assert text_match_word("  lang  .")==('Not matched!')
Task ID: 338
Generated Code: ['def count_Substring_With_Equal_Ends(str): \r\n    count = 0\r\n    for i in range(len(str)): \r\n        for j in range(i, len(str)): \r\n            if (str[i] == str[j]): \r\n                count += 1\r\n    return count']
Test passed: assert count_Substring_With_Equal_Ends('aba') == 4
Test passed: assert count_Substring_With_Equal_Ends('abcab') == 7
Test passed: assert count_Substring_With_Equal_Ends('abc') == 3
Task ID: 339
Generated Code: ['def find_Divisor(a,b): \r\n    res = 1\r\n    for i in range(a,b+1): \r\n        for j in range(a,i): \r\n            if (i % j == 0): \r\n                res = max(res,j) \r\n    return res']
Test failed: assert find_Divisor(2,2) == 2
Test passed: assert find_Divisor(2,5) == 2
Test failed: assert find_Divisor(5,10) == 2
Task ID: 340
Generated Code: ['def sum_three_smallest_nums(nums):\r\n    nums.sort()\r\n    return sum(nums[:3])']
Test passed: assert sum_three_smallest_nums([10,20,30,40,50,60,7]) == 37
Test passed: assert sum_three_smallest_nums([1,2,3,4,5]) == 6
Test failed: assert sum_three_smallest_nums([0,1,2,3,4,5]) == 6
Task ID: 341
Generated Code: ['def set_to_tuple(test_set):\r\n  res = tuple(test_set)\r\n  return (res)']
Test passed: assert set_to_tuple({1, 2, 3, 4, 5}) == (1, 2, 3, 4, 5)
Test passed: assert set_to_tuple({6, 7, 8, 9, 10, 11}) == (6, 7, 8, 9, 10, 11)
Test failed: assert set_to_tuple({12, 13, 14, 15, 16}) == (12, 13, 14, 15, 16)
Task ID: 342
Generated Code: ["def find_minimum_range(arr):\r\n    min_range = (float('inf'), float('inf'))\r\n    for i in range(len(arr)):\r\n        min_range = min(min_range, (min(arr[i]), max(arr[i])))\r\n    return min_range"]
Test failed: assert find_minimum_range([[3, 6, 8, 10, 15], [1, 5, 12], [4, 8, 15, 16], [2, 6]]) == (4, 6)
Test failed: assert find_minimum_range([[ 2, 3, 4, 8, 10, 15 ], [1, 5, 12], [7, 8, 15, 16], [3, 6]]) == (4, 7)
Test failed: assert find_minimum_range([[4, 7, 9, 11, 16], [2, 6, 13], [5, 9, 16, 17], [3, 7]]) == (5, 7)
Task ID: 343
Generated Code: ['def dig_let(string):\r\n    count_digits = 0\r\n    count_letters = 0\r\n    for i in string:\r\n        if i.isdigit():\r\n            count_digits += 1\r\n        elif i.isalpha():\r\n            count_letters += 1\r\n    return (count_digits, count_letters)']
Test failed: assert dig_let("python")==(6,0)
Test failed: assert dig_let("program")==(7,0)
Test failed: assert dig_let("python3.0")==(6,2)
Task ID: 344
Generated Code: ['def count_Odd_Squares(start,end): \r\n    count = 0\r\n    for i in range(start,end+1): \r\n        if (i % 2 == 1): \r\n            count += 1\r\n    return count']
Test failed: assert count_Odd_Squares(5,100) == 8
Test failed: assert count_Odd_Squares(8,65) == 6
Test failed: assert count_Odd_Squares(2,5) == 1
Task ID: 345
Generated Code: ['def diff_consecutivenums(nums):\r\n  res = []\r\n  for i in range(len(nums)-1):\r\n    res.append(nums[i+1] - nums[i])\r\n  return (res)']
Test passed: assert diff_consecutivenums([1, 1, 3, 4, 4, 5, 6, 7])==[0, 2, 1, 0, 1, 1, 1]
Test passed: assert diff_consecutivenums([4, 5, 8, 9, 6, 10])==[1, 3, 1, -3, 4]
Test passed: assert diff_consecutivenums([0, 1, 2, 3, 4, 4, 4, 4, 5, 7])==[1, 1, 1, 1, 0, 0, 0, 1, 2]
Task ID: 346
Generated Code: ['def zigzag(n, k): \r\n    if (n == 1): \r\n        return 1\r\n    if (n == 2): \r\n        return 2\r\n    if (n == 3): \r\n        return 3\r\n    if (n == 4): \r\n        return 5\r\n    return zigzag(n - 1, k - 1) + zigzag(n - 2, k - 1)']
Test passed: assert zigzag(4, 3) == 5
Test failed: assert zigzag(4, 2) == 4
Test failed: assert zigzag(3, 1) == 1
Task ID: 347
Generated Code: ['def count_Squares(m,n): \r\n    count = 0\r\n    for i in range(1,m+1): \r\n        for j in range(1,n+1): \r\n            count += (m-i+1)*(n-j+1) \r\n    return count']
Test failed: assert count_Squares(4,3) == 20
Test failed: assert count_Squares(1,2) == 2
Test failed: assert count_Squares(2,2) == 5
Task ID: 348
Generated Code: ['def find_ways(n): \r\n    dp = [0] * (n + 1) \r\n    dp[0] = 1\r\n    for i in range(1, n + 1): \r\n        for j in range(i): \r\n            dp[i] += dp[j] \r\n    return dp[n]']
Test failed: assert find_ways(4) == 2
Test failed: assert find_ways(6) == 5
Test failed: assert find_ways(8) == 14
Task ID: 349
Generated Code: ['def check(string): \r\n    for i in range(len(string)): \r\n        if (string[i] != \'0\' and string[i] != \'1\'): \r\n            return ("No") \r\n    return ("Yes")']
Test passed: assert check("01010101010") == "Yes"
Test passed: assert check("name0") == "No"
Test passed: assert check("101") == "Yes"
Task ID: 350
Generated Code: ['def minimum_Length(str1):\r\n    for i in range(len(str1)):\r\n        temp = str1[:i] + str1[i + 1:]\r\n        if temp == sorted(temp):\r\n            return 1\r\n    return 0']
Test failed: assert minimum_Length("mnm") == 1
Test failed: assert minimum_Length("abcda") == 3
Test failed: assert minimum_Length("abcb") == 2
Task ID: 351
Generated Code: ['def first_Element(arr,n,k): \r\n    for i in range(n): \r\n        count = 0\r\n        for j in range(n): \r\n            if (arr[i] == arr[j]): \r\n                count += 1\r\n        if (count == k): \r\n            return arr[i] \r\n    return -1']
Test passed: assert first_Element([0,1,2,3,4,5],6,1) == 0
Test passed: assert first_Element([1,2,1,3,4],5,2) == 1
Test passed: assert first_Element([2,3,4,3,5,7,1,2,3,5],10,2) == 2
Task ID: 352
Generated Code: ['def unique_Characters(str1):\r\n    for i in range(len(str1)):\r\n        if str1.count(str1[i]) > 1:\r\n            return False\r\n    return True']
Test passed: assert unique_Characters('aba') == False
Test passed: assert unique_Characters('abc') == True
Test passed: assert unique_Characters('abab') == False
Task ID: 353
Generated Code: ['def remove_column(test_list, col):\r\n  res = [list(ele) for ele in test_list]\r\n  for row in res:\r\n    del row[col]\r\n  return (res)']
Test passed: assert remove_column([[1, 2, 3], [2, 4, 5], [1, 1, 1]],0)==[[2, 3], [4, 5], [1, 1]]
Test passed: assert remove_column([[1, 2, 3], [-2, 4, -5], [1, -1, 1]],2)==[[1, 2], [-2, 4], [1, -1]]
Test passed: assert remove_column([[1, 3], [5, 7], [1, 3], [13, 15, 17], [5, 7], [9, 11]],0)==[[3], [7], [3], [15, 17], [7], [11]]
Task ID: 354
Generated Code: ['def tn_ap(a,n,d):\r\n    tn = a + (n - 1) * d\r\n    return tn']
Test passed: assert tn_ap(1,5,2)==9
Test passed: assert tn_ap(2,6,4)==22
Test passed: assert tn_ap(1,4,5)==16
Task ID: 355
Generated Code: ['def count_Rectangles(r): \r\n    return (r * (r + 1)) * (r * (r + 1))']
Test failed: assert count_Rectangles(2) == 8
Test failed: assert count_Rectangles(1) == 1
Test passed: assert count_Rectangles(0) == 0
Task ID: 356
Generated Code: ['def find_angle(a,b):\r\n  c = 180 - (a + b)\r\n  return c']
Test passed: assert find_angle(47,89)==44
Test passed: assert find_angle(45,95)==40
Test passed: assert find_angle(50,40)==90
Task ID: 357
Generated Code: ['def find_max(test_list):\r\n  res = max(test_list, key=lambda x: x[1])\r\n  return (res[1])']
Test passed: assert find_max([(2, 4), (6, 7), (5, 1), (6, 10), (8, 7)]) == 10
Test passed: assert find_max([(3, 5), (7, 8), (6, 2), (7, 11), (9, 8)]) == 11
Test passed: assert find_max([(4, 6), (8, 9), (7, 3), (8, 12), (10, 9)]) == 12
Task ID: 358
Generated Code: ['def moddiv_list(list1,list2):\r\n  return list(map(lambda x, y: x % y, list1, list2))']
Test passed: assert moddiv_list([4,5,6],[1, 2, 3])==[0, 1, 0]
Test passed: assert moddiv_list([3,2],[1,4])==[0, 2]
Test passed: assert moddiv_list([90,120],[50,70])==[40, 50]
Task ID: 359
Generated Code: ['def Check_Solution(a,b,c): \r\n    if (b*b - 4*a*c) == 0: \r\n        if (b*b - 4*a*c) == 0: \r\n            if (b*b - 4*a*c) == 0: \r\n                if (b*b - 4*a*c) == 0: \r\n                    return "Yes" \r\n    return "No"']
Test failed: assert Check_Solution(1,3,2) == "Yes"
Test passed: assert Check_Solution(1,2,3) == "No"
Test passed: assert Check_Solution(1,-5,6) == "No"
Task ID: 360
Generated Code: ['def get_carol(n): \r\n    if (n == 1): \r\n        return 1\r\n    if (n == 2): \r\n        return 2\r\n    return get_carol(n - 1) + get_carol(n - 2)']
Test failed: assert get_carol(2) == 7
Test failed: assert get_carol(4) == 223
Test failed: assert get_carol(5) == 959
Task ID: 361
Generated Code: ['def remove_empty(test_list):\r\n  res = [ele for ele in test_list if ele]\r\n  return (res)']
Test passed: assert remove_empty([[], [], [], 'Red', 'Green', [1,2], 'Blue', [], []])==['Red', 'Green', [1, 2], 'Blue']
Test passed: assert remove_empty([[], [], [],[],[], 'Green', [1,2], 'Blue', [], []])==[ 'Green', [1, 2], 'Blue']
Test passed: assert remove_empty([[], [], [], 'Python',[],[], 'programming', 'language',[],[],[], [], []])==['Python', 'programming', 'language']
Task ID: 362
Generated Code: ['def max_occurrences(nums):\r\n    res = max(nums, key = nums.count)\r\n    return (res)']
Test passed: assert max_occurrences([1,2,3,1,2,3,12,4,2]) ==  2
Test passed: assert max_occurrences([1,2,6,7,0,1,0,1,0]) == 1,0
Test passed: assert max_occurrences([1,2,3,1,2,4,1]) == 1
Task ID: 363
Generated Code: ['def add_K_element(test_list, k):\r\n  res = [tuple(ele + k for ele in tup) for tup in test_list]\r\n  return (res)']
Test passed: assert add_K_element([(1, 3, 4), (2, 4, 6), (3, 8, 1)], 4) == [(5, 7, 8), (6, 8, 10), (7, 12, 5)]
Test passed: assert add_K_element([(1, 2, 3), (4, 5, 6), (7, 8, 9)], 8) == [(9, 10, 11), (12, 13, 14), (15, 16, 17)]
Test passed: assert add_K_element([(11, 12, 13), (14, 15, 16), (17, 18, 19)], 9) == [(20, 21, 22), (23, 24, 25), (26, 27, 28)]
Task ID: 364
Generated Code: ['def min_flip_to_make_string_alternate(str1): \r\n    count = 0\r\n    for i in range(len(str1)): \r\n        if (str1[i] == str1[i+1]): \r\n            count += 1\r\n    return count']
Test raised an exception: assert min_flip_to_make_string_alternate("0001010111") == 2
Exception: string index out of range
Test raised an exception: assert min_flip_to_make_string_alternate("001") == 1
Exception: string index out of range
Test raised an exception: assert min_flip_to_make_string_alternate("010111011") == 2 
Exception: string index out of range
Task ID: 365
Generated Code: ['def count_Digit(n): \r\n    count = 0\r\n    while (n != 0): \r\n        n = n // 10\r\n        count += 1\r\n    return count']
Test passed: assert count_Digit(12345) == 5
Test passed: assert count_Digit(11223305) == 8
Test passed: assert count_Digit(4123459) == 7
Task ID: 366
Generated Code: ['def adjacent_num_product(nums):\r\n    res = 0\r\n    for i in range(len(nums)-1):\r\n        res = max(res, nums[i]*nums[i+1])\r\n    return res']
Test passed: assert adjacent_num_product([1,2,3,4,5,6]) == 30
Test passed: assert adjacent_num_product([1,2,3,4,5]) == 20
Test passed: assert adjacent_num_product([2,3]) == 6
Task ID: 368
Generated Code: ['def repeat_tuples(test_tup, n):\r\n  res = test_tup * n\r\n  return (res)']
Test failed: assert repeat_tuples((1, 3), 4) == ((1, 3), (1, 3), (1, 3), (1, 3))
Test failed: assert repeat_tuples((1, 2), 3) == ((1, 2), (1, 2), (1, 2))
Test failed: assert repeat_tuples((3, 4), 5) == ((3, 4), (3, 4), (3, 4), (3, 4), (3, 4))
Task ID: 369
Generated Code: ['def lateralsurface_cuboid(l,b,h):\r\n    return 2*(l*b+b*h+h*l)']
Test failed: assert lateralsurface_cuboid(8,5,6)==156
Test failed: assert lateralsurface_cuboid(7,9,10)==320
Test failed: assert lateralsurface_cuboid(10,20,30)==1800
Task ID: 370
Generated Code: ['def float_sort(test_list):\r\n  res = sorted(test_list, key = lambda x: float(x[1]))\r\n  return (res)']
Test failed: assert float_sort([('item1', '12.20'), ('item2', '15.10'), ('item3', '24.5')])==[('item3', '24.5'), ('item2', '15.10'), ('item1', '12.20')] 
Test failed: assert float_sort([('item1', '15'), ('item2', '10'), ('item3', '20')])==[('item3', '20'), ('item1', '15'), ('item2', '10')] 
Test failed: assert float_sort([('item1', '5'), ('item2', '10'), ('item3', '14')])==[('item3', '14'), ('item2', '10'), ('item1', '5')] 
Task ID: 371
Generated Code: ['def smallest_missing(arr, start, end): \r\n    if start > end: \r\n        return end + 1\r\n    if start == end: \r\n        return start + 1\r\n    mid = (start + end) // 2\r\n    if arr[mid] == mid: \r\n        return smallest_missing(arr, mid + 1, end) \r\n    else: \r\n        return smallest_missing(arr, start, mid)']
Test passed: assert smallest_missing([0, 1, 2, 3, 4, 5, 6], 0, 6) == 7
Test failed: assert smallest_missing([0, 1, 2, 6, 9, 11, 15], 0, 6) == 3
Test failed: assert smallest_missing([1, 2, 3, 4, 6, 9, 11, 15], 0, 7) == 0
Task ID: 372
Generated Code: ['import heapq as hq\r\ndef heap_assending(nums):\r\n  hq.heapify(nums)\r\n  return hq.heappop(nums)']
Test failed: assert heap_assending([18, 14, 10, 9, 8, 7, 9, 3, 2, 4, 1])==[1, 2, 3, 4, 7, 8, 9, 9, 10, 14, 18]
Test failed: assert heap_assending([25, 35, 22, 85, 14, 65, 75, 25, 58])==[14, 22, 25, 25, 35, 58, 65, 75, 85]
Test failed: assert heap_assending([1, 3, 5, 7, 9, 2, 4, 6, 8, 0])==[0, 1, 2, 3, 4, 5, 6, 7, 8, 9]
Task ID: 373
Generated Code: ['def volume_cuboid(l,b,h):\r\n  return l*b*h']
Test passed: assert volume_cuboid(1,2,3)==6
Test passed: assert volume_cuboid(5,7,9)==315
Test passed: assert volume_cuboid(10,15,21)==3150
Task ID: 375
Generated Code: ['def round_num(num,divisor):\r\n    return round(num / divisor) * divisor']
Test passed: assert round_num(4722,10)==4720
Test passed: assert round_num(1111,5)==1110
Test failed: assert round_num(219,2)==218
Task ID: 376
Generated Code: ["def remove_replica(test_list):\r\n  res = []\r\n  for i in test_list:\r\n    if test_list.count(i) > 1:\r\n      res.append('MSP')\r\n    else:\r\n      res.append(i)\r\n  return tuple(res)"]
Test failed: assert remove_replica((1, 1, 4, 4, 4, 5, 5, 6, 7, 7)) == (1, 'MSP', 4, 'MSP', 'MSP', 5, 'MSP', 6, 7, 'MSP')
Test failed: assert remove_replica((2, 3, 4, 4, 5, 6, 6, 7, 8, 9, 9)) == (2, 3, 4, 'MSP', 5, 6, 'MSP', 7, 8, 9, 'MSP')
Test failed: assert remove_replica((2, 2, 5, 4, 5, 7, 5, 6, 7, 7)) == (2, 'MSP', 5, 4, 'MSP', 7, 'MSP', 6, 'MSP', 'MSP')
Task ID: 377
Generated Code: ['def remove_Char(str,char):\r\n  res = ""\r\n  for i in str:\r\n    if i != char:\r\n      res += i\r\n  return (res)']
Test passed: assert remove_Char("aba",'a') == "b"
Test passed: assert remove_Char("toggle",'g') == "tole"
Test passed: assert remove_Char("aabbc",'b') == "aac"
Task ID: 378
Generated Code: ['def move_first(list1):\r\n  list1.insert(0,list1.pop())\r\n  return list1']
Test passed: assert move_first([1,2,3,4]) == [4,1,2,3]
Test passed: assert move_first([0,1,2,3]) == [3,0,1,2]
Test passed: assert move_first([9,8,7,1]) == [1,9,8,7]
Task ID: 379
Generated Code: ['def surfacearea_cuboid(l,b,h):\r\n    return 2*(l*b+b*h+h*l)']
Test passed: assert surfacearea_cuboid(1,2,3)==22
Test passed: assert surfacearea_cuboid(5,7,9)==286
Test passed: assert surfacearea_cuboid(10,15,21)==1350
Task ID: 380
Generated Code: ['def multi_list(m,n):\r\n    arr = [[0 for x in range(n)] for y in range(m)]\r\n    return arr']
Test failed: assert multi_list(3,4)==[[0, 0, 0, 0], [0, 1, 2, 3], [0, 2, 4, 6]] 
Test failed: assert multi_list(5,7)==[[0, 0, 0, 0, 0, 0, 0], [0, 1, 2, 3, 4, 5, 6], [0, 2, 4, 6, 8, 10, 12], [0, 3, 6, 9, 12, 15, 18], [0, 4, 8, 12, 16, 20, 24]]
Test failed: assert multi_list(10,15)==[[0, 0, 0, 0, 0, 0, 0, 0, 0, 0, 0, 0, 0, 0, 0], [0, 1, 2, 3, 4, 5, 6, 7, 8, 9, 10, 11, 12, 13, 14], [0, 2, 4, 6, 8, 10, 12, 14, 16, 18, 20, 22, 24, 26, 28], [0, 3, 6, 9, 12, 15, 18, 21, 24, 27, 30, 33, 36, 39, 42], [0, 4, 8, 12, 16, 20, 24, 28, 32, 36, 40, 44, 48, 52, 56], [0, 5, 10, 15, 20, 25, 30, 35, 40, 45, 50, 55, 60, 65, 70], [0, 6, 12, 18, 24, 30, 36, 42, 48, 54, 60, 66, 72, 78, 84], [0, 7, 14, 21, 28, 35, 42, 49, 56, 63, 70, 77, 84, 91, 98], [0, 8, 16, 24, 32, 40, 48, 56, 64, 72, 80, 88, 96, 104, 112], [0, 9, 18, 27, 36, 45, 54, 63, 72, 81, 90, 99, 108, 117, 126]]
Task ID: 381
Generated Code: ['def index_on_inner_list(test_list, index):\r\n  res = sorted(test_list, key = lambda x: x[index])\r\n  return (res)']
Test passed: assert index_on_inner_list([('Greyson Fulton', 98, 99), ('Brady Kent', 97, 96), ('Wyatt Knott', 91, 94), ('Beau Turnbull', 94, 98)] ,0)==[('Beau Turnbull', 94, 98), ('Brady Kent', 97, 96), ('Greyson Fulton', 98, 99), ('Wyatt Knott', 91, 94)]
Test passed: assert index_on_inner_list([('Greyson Fulton', 98, 99), ('Brady Kent', 97, 96), ('Wyatt Knott', 91, 94), ('Beau Turnbull', 94, 98)] ,1)==[('Wyatt Knott', 91, 94), ('Beau Turnbull', 94, 98), ('Brady Kent', 97, 96), ('Greyson Fulton', 98, 99)]
Test passed: assert index_on_inner_list([('Greyson Fulton', 98, 99), ('Brady Kent', 97, 96), ('Wyatt Knott', 91, 94), ('Beau Turnbull', 94, 98)] ,2)==[('Wyatt Knott', 91, 94), ('Brady Kent', 97, 96), ('Beau Turnbull', 94, 98), ('Greyson Fulton', 98, 99)]
Task ID: 382
Generated Code: ['def find_rotation_count(arr): \r\n    n = len(arr) \r\n    if n == 0: \r\n        return 0\r\n    min_index = 0\r\n    for i in range(1, n): \r\n        if arr[i] < arr[min_index]: \r\n            min_index = i \r\n    return min_index']
Test passed: assert find_rotation_count([8, 9, 10, 1, 2, 3, 4, 5, 6, 7]) == 3
Test passed: assert find_rotation_count([8, 9, 10,2, 5, 6]) == 3
Test passed: assert find_rotation_count([2, 5, 6, 8, 9, 10]) == 0
Task ID: 383
Generated Code: ['def even_bit_toggle_number(n): \r\n    n = n ^ 0x55555555\r\n    return n']
Test failed: assert even_bit_toggle_number(10) == 15
Test failed: assert even_bit_toggle_number(20) == 1
Test failed: assert even_bit_toggle_number(30) == 11
Task ID: 384
Generated Code: ['def frequency_Of_Smallest(arr,n): \r\n    min = arr[0] \r\n    count = 0\r\n    for i in range(1,n): \r\n        if arr[i] < min: \r\n            min = arr[i] \r\n            count = 1\r\n        elif arr[i] == min: \r\n            count += 1\r\n    return count']
Test raised an exception: assert frequency_Of_Smallest(5,[1,2,3,4,3]) == 1
Exception: 'int' object is not subscriptable
Test raised an exception: assert frequency_Of_Smallest(7,[3,1,2,5,6,2,3]) == 1
Exception: 'int' object is not subscriptable
Test raised an exception: assert frequency_Of_Smallest(7,[3,3,6,3,7,4,9]) == 3
Exception: 'int' object is not subscriptable
Task ID: 385
Generated Code: ['def get_perrin(n): \r\n    if n == 0: \r\n        return 0\r\n    elif n == 1: \r\n        return 3\r\n    elif n == 2: \r\n        return 0\r\n    else: \r\n        return get_perrin(n - 2) + get_perrin(n - 3)']
Test passed: assert get_perrin(9) == 12
Test failed: assert get_perrin(4) == 2
Test failed: assert get_perrin(6) == 5
Task ID: 386
Generated Code: ["def swap_count(str1): \r\n    count = 0\r\n    for i in range(len(str1)): \r\n        if (str1[i] == '['): \r\n            count += 1\r\n        elif (str1[i] == ']'): \r\n            count -= 1\r\n    return count"]
Test failed: assert swap_count("[]][][") == 2
Test passed: assert swap_count("[[][]]") == 0
Test failed: assert swap_count("[[][]]][") == 1
Task ID: 387
Generated Code: ['def even_or_odd(hex_num):\r\n    if int(hex_num, 16) % 2 == 0:\r\n        return "Even"\r\n    else:\r\n        return "Odd"']
Test passed: assert even_or_odd("AB3454D") =="Odd"
Test passed: assert even_or_odd("ABC") == "Even"
Test passed: assert even_or_odd("AAD") == "Odd"
Task ID: 388
Generated Code: ['def highest_Power_of_2(n): \r\n    i = 1\r\n    while (i * 2 <= n): \r\n        i *= 2\r\n    return i - 1']
Test failed: assert highest_Power_of_2(10) == 8
Test failed: assert highest_Power_of_2(19) == 16
Test failed: assert highest_Power_of_2(32) == 32
Task ID: 389
Generated Code: ['def find_lucas(n): \r\n    if (n == 0): \r\n        return 2\r\n    elif (n == 1): \r\n        return 1\r\n    else: \r\n        return (find_lucas(n - 1) + find_lucas(n - 2))']
Test passed: assert find_lucas(9) == 76
Test passed: assert find_lucas(4) == 7
Test passed: assert find_lucas(3) == 4
Task ID: 390
Generated Code: ['def add_string(list1,str1):\r\n  return [str1+str(ele) for ele in list1]']
Test failed: assert add_string([1,2,3,4],'temp{0}')==['temp1', 'temp2', 'temp3', 'temp4']
Test failed: assert add_string(['a','b','c','d'], 'python{0}')==[ 'pythona', 'pythonb', 'pythonc', 'pythond']
Test failed: assert add_string([5,6,7,8],'string{0}')==['string5', 'string6', 'string7', 'string8']
Task ID: 391
Generated Code: ['def convert_list_dictionary(list1,list2,list3):\r\n  res = [dict(zip(list1, list(zip(list2, list3))))]\r\n  return (res)']
Test failed: assert convert_list_dictionary(["S001", "S002", "S003", "S004"],["Adina Park", "Leyton Marsh", "Duncan Boyle", "Saim Richards"] ,[85, 98, 89, 92])==[{'S001': {'Adina Park': 85}}, {'S002': {'Leyton Marsh': 98}}, {'S003': {'Duncan Boyle': 89}}, {'S004': {'Saim Richards': 92}}]
Test failed: assert convert_list_dictionary(["abc","def","ghi","jkl"],["python","program","language","programs"],[100,200,300,400])==[{'abc':{'python':100}},{'def':{'program':200}},{'ghi':{'language':300}},{'jkl':{'programs':400}}]
Test failed: assert convert_list_dictionary(["A1","A2","A3","A4"],["java","C","C++","DBMS"],[10,20,30,40])==[{'A1':{'java':10}},{'A2':{'C':20}},{'A3':{'C++':30}},{'A4':{'DBMS':40}}]
Task ID: 392
Generated Code: ['def get_max_sum(n): \r\n    if (n == 1): \r\n        return 1\r\n    return max(get_max_sum(n//2) + get_max_sum(n//3) + get_max_sum(n//4) + get_max_sum(n//5), n)']
Test raised an exception: assert get_max_sum(60) == 106
Exception: maximum recursion depth exceeded in comparison
Test raised an exception: assert get_max_sum(10) == 12
Exception: maximum recursion depth exceeded in comparison
Test raised an exception: assert get_max_sum(2) == 2
Exception: maximum recursion depth exceeded in comparison
Task ID: 393
Generated Code: ['def max_length_list(test_list):\r\n  res = max(test_list, key = lambda x: len(x))\r\n  return (len(res), res)']
Test passed: assert max_length_list([[0], [1, 3], [5, 7], [9, 11], [13, 15, 17]])==(3, [13, 15, 17])
Test passed: assert max_length_list([[1,2,3,4,5],[1,2,3,4],[1,2,3],[1,2],[1]])==(5,[1,2,3,4,5])
Test passed: assert max_length_list([[3,4,5],[6,7,8,9],[10,11,12]])==(4,[6,7,8,9])
Task ID: 394
Generated Code: ['def check_distinct(test_tup):\r\n  res = set(test_tup)\r\n  if len(res) == len(test_tup):\r\n    return True\r\n  else:\r\n    return False']
Test passed: assert check_distinct((1, 4, 5, 6, 1, 4)) == False
Test passed: assert check_distinct((1, 4, 5, 6)) == True
Test passed: assert check_distinct((2, 3, 4, 5, 6)) == True
Task ID: 395
Generated Code: ['def first_non_repeating_character(str1): \r\n    for i in range(len(str1)): \r\n        if str1.count(str1[i]) == 1: \r\n            return str1[i] \r\n    return None']
Test passed: assert first_non_repeating_character("abcabc") == None
Test passed: assert first_non_repeating_character("abc") == "a"
Test passed: assert first_non_repeating_character("ababc") == "c"
Task ID: 396
Generated Code: ['import re\r\ndef check_char(string):\r\n  if (re.search(\'^(\\w)\\w*\\1$\', string)):\r\n    return ("Valid")\r\n  else:\r\n    return ("Invalid")']
Test failed: assert check_char("abba") == "Valid"
Test failed: assert check_char("a") == "Valid"
Test passed: assert check_char("abcd") == "Invalid"
Task ID: 397
Generated Code: ['def median_numbers(a,b,c):\r\n    if (a > b and a > c):\r\n        if (b > c):\r\n            return b\r\n        else:\r\n            return c\r\n    elif (b > a and b > c):\r\n        if (a > c):\r\n            return a\r\n        else:\r\n            return c\r\n    else:\r\n        if (a > b):\r\n            return a\r\n        else:\r\n            return b']
Test passed: assert median_numbers(25,55,65)==55.0
Test passed: assert median_numbers(20,10,30)==20.0
Test passed: assert median_numbers(15,45,75)==45.0
Task ID: 398
Generated Code: ['def sum_of_digits(nums):\r\n  res = [sum(map(int, str(num))) for num in nums]\r\n  return (res)']
Test failed: assert sum_of_digits([10,2,56])==14
Test raised an exception: assert sum_of_digits([[10,20,4,5,'b',70,'a']])==19
Exception: invalid literal for int() with base 10: '['
Test raised an exception: assert sum_of_digits([10,20,-4,5,-70])==19
Exception: invalid literal for int() with base 10: '-'
Task ID: 399
Generated Code: ['def bitwise_xor(test_tup1, test_tup2):\r\n  res = tuple(map(lambda x, y: x ^ y, test_tup1, test_tup2))\r\n  return (res)']
Test passed: assert bitwise_xor((10, 4, 6, 9), (5, 2, 3, 3)) == (15, 6, 5, 10)
Test passed: assert bitwise_xor((11, 5, 7, 10), (6, 3, 4, 4)) == (13, 6, 3, 14)
Test passed: assert bitwise_xor((12, 6, 8, 11), (7, 4, 5, 6)) == (11, 2, 13, 13)
Task ID: 400
Generated Code: ['def extract_freq(test_list):\r\n  res = set(test_list)\r\n  return len(res)']
Test failed: assert extract_freq([(3, 4), (1, 2), (4, 3), (5, 6)] ) == 3
Test passed: assert extract_freq([(4, 15), (2, 3), (5, 4), (6, 7)] ) == 4
Test passed: assert extract_freq([(5, 16), (2, 3), (6, 5), (6, 9)] ) == 4
Task ID: 401
Generated Code: ['def add_nested_tuples(test_tup1, test_tup2):\r\n  res = tuple(tuple(a + b for a, b in zip(i, j)) for i, j in zip(test_tup1, test_tup2))\r\n  return (res)']
Test passed: assert add_nested_tuples(((1, 3), (4, 5), (2, 9), (1, 10)), ((6, 7), (3, 9), (1, 1), (7, 3))) == ((7, 10), (7, 14), (3, 10), (8, 13))
Test passed: assert add_nested_tuples(((2, 4), (5, 6), (3, 10), (2, 11)), ((7, 8), (4, 10), (2, 2), (8, 4))) == ((9, 12), (9, 16), (5, 12), (10, 15))
Test passed: assert add_nested_tuples(((3, 5), (6, 7), (4, 11), (3, 12)), ((8, 9), (5, 11), (3, 3), (9, 5))) == ((11, 14), (11, 18), (7, 14), (12, 17))
Task ID: 402
Generated Code: ['def ncr_modp(n,r,p): \r\n    if (r > n - r): \r\n        r = n - r \r\n    res = 1\r\n    for i in range(r): \r\n        res = (res * (n - i)) % p \r\n    return (res)']
Test failed: assert ncr_modp(10,2,13)==6
Test failed: assert ncr_modp(15,12,43)==25
Test failed: assert ncr_modp(17,9,18)==10
Task ID: 403
Generated Code: ["import re\r\ndef is_valid_URL(url):\r\n  regex = '^((http|https|ftp|smtp)://)(www.)?[a-zA-Z0-9-_]+(\\.[a-zA-Z0-9-_]+)+([a-zA-Z0-9-_]+)?$'\r\n  if re.search(regex, url):\r\n    return True\r\n  else:\r\n    return False"]
Test passed: assert is_valid_URL("https://www.google.com") == True
Test passed: assert is_valid_URL("https:/www.gmail.com") == False
Test passed: assert is_valid_URL("https:// www.redit.com") == False
Task ID: 404
Generated Code: ['def minimum(x, y):\r\n  if x < y:\r\n    return x\r\n  else:\r\n    return y']
Test passed: assert minimum(1,2) == 1
Test passed: assert minimum(-5,-4) == -5
Test passed: assert minimum(0,0) == 0
Task ID: 405
Generated Code: ['def check_tuplex(test_tup,ele):\r\n  for i in test_tup:\r\n    if i == ele:\r\n      return True\r\n  return False']
Test passed: assert check_tuplex(("w", 3, "r", "e", "s", "o", "u", "r", "c", "e"),'r')==True
Test passed: assert check_tuplex(("w", 3, "r", "e", "s", "o", "u", "r", "c", "e"),'5')==False
Test passed: assert check_tuplex(("w", 3, "r", "e", "s", "o", "u", "r", "c","e"),3)==True
Task ID: 406
Generated Code: ['def find_Parity(n): \r\n    if (n % 2 == 0): \r\n        return ("Even Parity") \r\n    else: \r\n        return ("Odd Parity")']
Test passed: assert find_Parity(12) == "Even Parity"
Test passed: assert find_Parity(7) == "Odd Parity"
Test passed: assert find_Parity(10) == "Even Parity"
Task ID: 407
Generated Code: ["def rearrange_bigger(n): \r\n    arr = list(map(int, str(n))) \r\n    i = len(arr) - 1\r\n    while i > 0 and arr[i - 1] >= arr[i]: \r\n        i -= 1\r\n    if i == 0: \r\n        return -1\r\n    j = len(arr) - 1\r\n    while arr[j] <= arr[i - 1]: \r\n        j -= 1\r\n    arr[i - 1], arr[j] = arr[j], arr[i - 1] \r\n    arr[i:] = reversed(arr[i:]) \r\n    return int(''.join(map(str, arr)))"]
Test passed: assert rearrange_bigger(12)==21
Test failed: assert rearrange_bigger(10)==False
Test passed: assert rearrange_bigger(102)==120
Task ID: 408
Generated Code: ['def k_smallest_pairs(nums1, nums2, k):\r\n    res = []\r\n    nums1.sort()\r\n    nums2.sort()\r\n    for i in range(min(k, len(nums1))):\r\n        for j in range(min(k, len(nums2))):\r\n            res.append([nums1[i], nums2[j]])\r\n    return res']
Test failed: assert k_smallest_pairs([1,3,7],[2,4,6],2)==[[1, 2], [1, 4]]
Test passed: assert k_smallest_pairs([1,3,7],[2,4,6],1)==[[1, 2]]
Test failed: assert k_smallest_pairs([1,3,7],[2,4,6],7)==[[1, 2], [1, 4], [3, 2], [1, 6], [3, 4], [3, 6], [7, 2]]
Task ID: 409
Generated Code: ['def min_product_tuple(test_list):\r\n  res = min(test_list, key=lambda x: x[0]*x[1])\r\n  return (res[0]*res[1])']
Test passed: assert min_product_tuple([(2, 7), (2, 6), (1, 8), (4, 9)] )==8
Test passed: assert min_product_tuple([(10,20), (15,2), (5,10)] )==30
Test passed: assert min_product_tuple([(11,44), (10,15), (20,5), (12, 9)] )==100
Task ID: 410
Generated Code: ['def min_val(test_list):\r\n  res = min(test_list)\r\n  return (res)']
Test raised an exception: assert min_val(['Python', 3, 2, 4, 5, 'version'])==2
Exception: '<' not supported between instances of 'int' and 'str'
Test raised an exception: assert min_val(['Python', 15, 20, 25])==15
Exception: '<' not supported between instances of 'int' and 'str'
Test raised an exception: assert min_val(['Python', 30, 20, 40, 50, 'version'])==20
Exception: '<' not supported between instances of 'int' and 'str'
Task ID: 411
Generated Code: ["import re\r\ndef snake_to_camel(text):\r\n  return (re.sub('_(.)', lambda x: x.group(1).upper(), text))"]
Test failed: assert snake_to_camel('android_tv') == 'AndroidTv'
Test failed: assert snake_to_camel('google_pixel') == 'GooglePixel'
Test failed: assert snake_to_camel('apple_watch') == 'AppleWatch'
Task ID: 412
Generated Code: ['def remove_odd(nums):\r\n  res = [x for x in nums if x % 2 == 0]\r\n  return (res)']
Test passed: assert remove_odd([1,2,3]) == [2]
Test passed: assert remove_odd([2,4,6]) == [2,4,6]
Test passed: assert remove_odd([10,20,3]) == [10,20]
Task ID: 413
Generated Code: ['def extract_nth_element(test_list, n):\r\n  res = [ele[n] for ele in test_list]\r\n  return (res)']
Test passed: assert extract_nth_element([('Greyson Fulton', 98, 99), ('Brady Kent', 97, 96), ('Wyatt Knott', 91, 94), ('Beau Turnbull', 94, 98)] ,0)==['Greyson Fulton', 'Brady Kent', 'Wyatt Knott', 'Beau Turnbull']
Test passed: assert extract_nth_element([('Greyson Fulton', 98, 99), ('Brady Kent', 97, 96), ('Wyatt Knott', 91, 94), ('Beau Turnbull', 94, 98)] ,2)==[99, 96, 94, 98]
Test passed: assert extract_nth_element([('Greyson Fulton', 98, 99), ('Brady Kent', 97, 96), ('Wyatt Knott', 91, 94), ('Beau Turnbull', 94, 98)],1)==[98, 97, 91, 94]
Task ID: 414
Generated Code: ['def overlapping(test_list1,test_list2):\r\n  for i in test_list1:\r\n    if i in test_list2:\r\n      return True\r\n  return False']
Test passed: assert overlapping([1,2,3,4,5],[6,7,8,9]) == False
Test passed: assert overlapping([1,2,3],[4,5,6]) == False
Test passed: assert overlapping([1,4,5],[1,4,5]) == True
Task ID: 415
Generated Code: ['def max_Product(arr): \r\n    arr.sort() \r\n    return (arr[-2], arr[-1])']
Test passed: assert max_Product([1,2,3,4,7,0,8,4]) == (7,8)
Test failed: assert max_Product([0,-1,-2,-4,5,0,-6]) == (-4,-6)
Test passed: assert max_Product([1,2,3]) == (2,3)
Task ID: 416
Generated Code: ['def breakSum(n): \r\n    if (n == 1): \r\n        return 1\r\n    if (n == 2): \r\n        return 2\r\n    if (n == 3): \r\n        return 4\r\n    return breakSum(n - 1) + breakSum(n - 2) + breakSum(n - 3)']
Test failed: assert breakSum(12) == 13
Test failed: assert breakSum(24) == 27
Test failed: assert breakSum(23) == 23
Task ID: 417
Generated Code: ['def group_tuples(test_list):\r\n  res = []\r\n  for i in test_list:\r\n    res.append(tuple(set(i)))\r\n  return (res)']
Test failed: assert group_tuples([('x', 'y'), ('x', 'z'), ('w', 't')]) == [('x', 'y', 'z'), ('w', 't')]
Test failed: assert group_tuples([('a', 'b'), ('a', 'c'), ('d', 'e')]) == [('a', 'b', 'c'), ('d', 'e')]
Test failed: assert group_tuples([('f', 'g'), ('f', 'g'), ('h', 'i')]) == [('f', 'g', 'g'), ('h', 'i')]
Task ID: 418
Generated Code: ['def Find_Max(list1):\r\n    max_len = 0\r\n    max_list = []\r\n    for i in range(len(list1)):\r\n        if len(list1[i]) > max_len:\r\n            max_len = len(list1[i])\r\n            max_list = list1[i]\r\n    return max_list']
Test passed: assert Find_Max([['A'],['A','B'],['A','B','C']]) == ['A','B','C']
Test passed: assert Find_Max([[1],[1,2],[1,2,3]]) == [1,2,3]
Test passed: assert Find_Max([[1,1],[1,2,3],[1,5,6,1]]) == [1,5,6,1]
Task ID: 419
Generated Code: ['def round_and_sum(nums):\r\n  total = 0\r\n  for i in nums:\r\n    total += round(i)\r\n  return total * len(nums)']
Test passed: assert round_and_sum([22.4, 4.0, -16.22, -9.10, 11.00, -12.22, 14.20, -5.20, 17.50])==243
Test passed: assert round_and_sum([5,2,9,24.3,29])==345
Test passed: assert round_and_sum([25.0,56.7,89.2])==513
Task ID: 420
Generated Code: ['def cube_Sum(n): \r\n    return (n * (n + 1) * (2 * n + 1)) // 3']
Test failed: assert cube_Sum(2) == 72
Test failed: assert cube_Sum(3) == 288
Test failed: assert cube_Sum(4) == 800
Task ID: 421
Generated Code: ["def concatenate_tuple(test_tup):\r\n  res = '-'.join(test_tup)\r\n  return (res)"]
Test raised an exception: assert concatenate_tuple(("ID", "is", 4, "UTS") ) == 'ID-is-4-UTS'
Exception: sequence item 2: expected str instance, int found
Test raised an exception: assert concatenate_tuple(("QWE", "is", 4, "RTY") ) == 'QWE-is-4-RTY'
Exception: sequence item 2: expected str instance, int found
Test raised an exception: assert concatenate_tuple(("ZEN", "is", 4, "OP") ) == 'ZEN-is-4-OP'
Exception: sequence item 2: expected str instance, int found
Task ID: 422
Generated Code: ['def find_Average_Of_Cube(n): \r\n    sum = 0\r\n    for i in range(1, n + 1): \r\n        sum += i * i * i \r\n    return sum / n']
Test passed: assert find_Average_Of_Cube(2) == 4.5
Test passed: assert find_Average_Of_Cube(3) == 12
Test passed: assert find_Average_Of_Cube(1) == 1
Task ID: 423
Generated Code: ['def get_maxgold(arr,n,m): \r\n    for i in range(n): \r\n        for j in range(m): \r\n            if (arr[i][j] == 0): \r\n                arr[i][j] = 0\r\n            else: \r\n                arr[i][j] = max(arr[i][j] + arr[i][j-1], \r\n                                 arr[i][j] + arr[i-1][j]) \r\n    return arr[n-1][m-1]']
Test failed: assert get_maxgold([[1, 3, 1, 5],[2, 2, 4, 1],[5, 0, 2, 3],[0, 6, 1, 2]],4,4)==16
Test failed: assert get_maxgold([[10,20],[30,40]],2,2)==70
Test failed: assert get_maxgold([[4,9],[3,7]],2,2)==13
Task ID: 424
Generated Code: ['def extract_rear(test_list):\r\n  res = [ele[-1] for ele in test_list]\r\n  return (res)']
Test passed: assert extract_rear(('Mers', 'for', 'Vers') ) == ['s', 'r', 's']
Test passed: assert extract_rear(('Avenge', 'for', 'People') ) == ['e', 'r', 'e']
Test passed: assert extract_rear(('Gotta', 'get', 'go') ) == ['a', 't', 'o']
Task ID: 425
Generated Code: ['def count_element_in_list(test_list, x):\r\n  count = 0\r\n  for i in test_list:\r\n    if x in i:\r\n      count += 1\r\n  return count']
Test passed: assert count_element_in_list([[1, 3], [5, 7], [1, 11], [1, 15, 7]],1)==3
Test passed: assert count_element_in_list([['A', 'B'], ['A', 'C'], ['A', 'D', 'E'], ['B', 'C', 'D']],'A')==3
Test passed: assert count_element_in_list([['A', 'B'], ['A', 'C'], ['A', 'D', 'E'], ['B', 'C', 'D']],'E')==1
Task ID: 426
Generated Code: ['def filter_oddnumbers(nums):\r\n  return list(filter(lambda x: x%2==1, nums))']
Test passed: assert filter_oddnumbers([1, 2, 3, 4, 5, 6, 7, 8, 9, 10])==[1,3,5,7,9]
Test passed: assert filter_oddnumbers([10,20,45,67,84,93])==[45,67,93]
Test passed: assert filter_oddnumbers([5,7,9,8,6,4,3])==[5,7,9,3]
Task ID: 427
Generated Code: ["import re\r\ndef change_date_format(date):\r\n  pattern = '(\\d{4})-(\\d{1,2})-(\\d{1,2})'\r\n  res = re.search(pattern, date)\r\n  return (res.group(3) + '-' + res.group(2) + '-' + res.group(1))"]
Test passed: assert change_date_format("2026-01-02") == '02-01-2026'
Test passed: assert change_date_format("2020-11-13") == '13-11-2020'
Test passed: assert change_date_format("2021-04-26") == '26-04-2021'
Task ID: 428
Generated Code: ['def shell_sort(arr): \r\n    n = len(arr) \r\n    gap = n//2\r\n    while gap > 0: \r\n        for i in range(gap,n): \r\n            temp = arr[i] \r\n            j = i \r\n            while j >= gap and arr[j - gap] > temp: \r\n                arr[j] = arr[j - gap] \r\n                j -= gap \r\n            arr[j] = temp \r\n        gap //= 2\r\n    return arr']
Test passed: assert shell_sort([12, 23, 4, 5, 3, 2, 12, 81, 56, 95]) == [2, 3, 4, 5, 12, 12, 23, 56, 81, 95]
Test passed: assert shell_sort([24, 22, 39, 34, 87, 73, 68]) == [22, 24, 34, 39, 68, 73, 87]
Test passed: assert shell_sort([32, 30, 16, 96, 82, 83, 74]) == [16, 30, 32, 74, 82, 83, 96]
Task ID: 429
Generated Code: ['def and_tuples(test_tup1, test_tup2):\r\n  res = tuple(map(lambda x, y: x and y, test_tup1, test_tup2))\r\n  return (res)']
Test failed: assert and_tuples((10, 4, 6, 9), (5, 2, 3, 3)) == (0, 0, 2, 1)
Test failed: assert and_tuples((1, 2, 3, 4), (5, 6, 7, 8)) == (1, 2, 3, 0)
Test failed: assert and_tuples((8, 9, 11, 12), (7, 13, 14, 17)) == (0, 9, 10, 0)
Task ID: 430
Generated Code: ['def parabola_directrix(a,b,c):\r\n  directrix = -c/b\r\n  return directrix']
Test failed: assert parabola_directrix(5,3,2)==-198
Test failed: assert parabola_directrix(9,8,4)==-2336
Test failed: assert parabola_directrix(2,4,6)==-130
Task ID: 431
Generated Code: ['def common_element(list1, list2):\r\n  for i in list1:\r\n    if i in list2:\r\n      return True\r\n  return False']
Test passed: assert common_element([1,2,3,4,5], [5,6,7,8,9])==True
Test failed: assert common_element([1,2,3,4,5], [6,7,8,9])==None
Test passed: assert common_element(['a','b','c'], ['d','b','e'])==True
Task ID: 432
Generated Code: ['def median_trapezium(a,b,c): \r\n    return (a+b+c)/3']
Test failed: assert median_trapezium(15,25,35)==20
Test failed: assert median_trapezium(10,20,30)==15
Test failed: assert median_trapezium(6,9,4)==7.5
Task ID: 433
Generated Code: ["def check_greater(arr, x):\r\n  for i in arr:\r\n    if x > i:\r\n      return 'Yes, entered number is greater than those in the array'\r\n  return 'No, entered number is less than those in the array'"]
Test failed: assert check_greater([1, 2, 3, 4, 5], 4) == 'No, entered number is less than those in the array'
Test failed: assert check_greater([2, 3, 4, 5, 6], 8) == 'Yes, the entered number is greater than those in the array'
Test failed: assert check_greater([9, 7, 4, 8, 6, 1], 11) == 'Yes, the entered number is greater than those in the array'
Task ID: 434
Generated Code: ["import re\r\ndef text_match_one(text):\r\n  patterns = 'ab*'\r\n  if re.search(patterns,  text):\r\n    return ('Matched!')\r\n  else:\r\n    return ('Not matched!')"]
Test failed: assert text_match_one("ac")==('Not matched!')
Test passed: assert text_match_one("dc")==('Not matched!')
Test failed: assert text_match_one("abba")==('Found a match!')
Task ID: 435
Generated Code: ['def last_Digit(n): \r\n    return n % 10']
Test passed: assert last_Digit(123) == 3
Test passed: assert last_Digit(25) == 5
Test passed: assert last_Digit(30) == 0
Task ID: 436
Generated Code: ['def neg_nos(list1):\r\n  for i in list1:\r\n    if i < 0:\r\n      print(i)']
Test failed: assert neg_nos([-1,4,5,-6]) == -1,-6
Test failed: assert neg_nos([-1,-2,3,4]) == -1,-2
Test failed: assert neg_nos([-7,-6,8,9]) == -7,-6
Task ID: 437
Generated Code: ['def remove_odd(string):\r\n  res = ""\r\n  for i in range(len(string)):\r\n    if i%2 == 0:\r\n      res += string[i]\r\n  return (res)']
Test failed: assert remove_odd("python")==("yhn")
Test failed: assert remove_odd("program")==("rga")
Test failed: assert remove_odd("language")==("agae")
Task ID: 438
Generated Code: ['def count_bidirectional(test_list):\r\n  res = 0\r\n  for i in range(len(test_list)):\r\n    for j in range(i + 1, len(test_list)):\r\n      if (test_list[i] == test_list[j]):\r\n        res += 1\r\n  return (str(res))']
Test failed: assert count_bidirectional([(5, 6), (1, 2), (6, 5), (9, 1), (6, 5), (2, 1)] ) == '3'
Test failed: assert count_bidirectional([(5, 6), (1, 3), (6, 5), (9, 1), (6, 5), (2, 1)] ) == '2'
Test failed: assert count_bidirectional([(5, 6), (1, 2), (6, 5), (9, 2), (6, 5), (2, 1)] ) == '4'
Task ID: 439
Generated Code: ["def multiple_to_single(list1):\r\n  return int(''.join(map(str, list1)))"]
Test passed: assert multiple_to_single([11, 33, 50])==113350
Test passed: assert multiple_to_single([-1,2,3,4,5,6])==-123456
Test passed: assert multiple_to_single([10,15,20,25])==10152025
Task ID: 440
Generated Code: ['No code block found.']
Task ID: 441
Generated Code: ['def surfacearea_cube(a):\r\n    return 6*a*a']
Test passed: assert surfacearea_cube(5)==150
Test passed: assert surfacearea_cube(3)==54
Test passed: assert surfacearea_cube(10)==600
Task ID: 442
Generated Code: ['def positive_count(arr): \r\n    count = 0\r\n    for i in arr: \r\n        if i > 0: \r\n            count += 1\r\n    return (count/len(arr))']
Test failed: assert positive_count([0, 1, 2, -1, -5, 6, 0, -3, -2, 3, 4, 6, 8])==0.54
Test failed: assert positive_count([2, 1, 2, -1, -5, 6, 4, -3, -2, 3, 4, 6, 8])==0.69
Test failed: assert positive_count([2, 4, -6, -9, 11, -12, 14, -5, 17])==0.56
Task ID: 443
Generated Code: ['def largest_neg(nums):\r\n    return max(filter(lambda x: x < 0, nums))']
Test failed: assert largest_neg([1,2,3,-4,-6]) == -6
Test failed: assert largest_neg([1,2,3,-8,-9]) == -9
Test passed: assert largest_neg([1,2,3,4,-1]) == -1
Task ID: 444
Generated Code: ['def trim_tuple(test_list, k):\r\n  res = [tuple(ele for ele in tup if ele < k) for tup in test_list]\r\n  return (str(res))']
Test failed: assert trim_tuple([(5, 3, 2, 1, 4), (3, 4, 9, 2, 1),(9, 1, 2, 3, 5), (4, 8, 2, 1, 7)], 2) == '[(2,), (9,), (2,), (2,)]'
Test failed: assert trim_tuple([(5, 3, 2, 1, 4), (3, 4, 9, 2, 1), (9, 1, 2, 3, 5), (4, 8, 2, 1, 7)], 1) == '[(3, 2, 1), (4, 9, 2), (1, 2, 3), (8, 2, 1)]'
Test failed: assert trim_tuple([(7, 8, 4, 9), (11, 8, 12, 4),(4, 1, 7, 8), (3, 6, 9, 7)], 1) == '[(8, 4), (8, 12), (1, 7), (6, 9)]'
Task ID: 445
Generated Code: ['def index_multiplication(test_tup1,test_tup2):\r\n  res = tuple(map(lambda x, y: x * y, test_tup1, test_tup2))\r\n  return (res)']
Test raised an exception: assert index_multiplication(((1, 3), (4, 5), (2, 9), (1, 10)),((6, 7), (3, 9), (1, 1), (7, 3)) ) == ((6, 21), (12, 45), (2, 9), (7, 30))
Exception: can't multiply sequence by non-int of type 'tuple'
Test raised an exception: assert index_multiplication(((2, 4), (5, 6), (3, 10), (2, 11)),((7, 8), (4, 10), (2, 2), (8, 4)) ) == ((14, 32), (20, 60), (6, 20), (16, 44))
Exception: can't multiply sequence by non-int of type 'tuple'
Test raised an exception: assert index_multiplication(((3, 5), (6, 7), (4, 11), (3, 12)),((8, 9), (5, 11), (3, 3), (9, 5)) ) == ((24, 45), (30, 77), (12, 33), (27, 60))
Exception: can't multiply sequence by non-int of type 'tuple'
Task ID: 446
Generated Code: ['def count_Occurrence(test_list,test_list2):\r\n  res = 0\r\n  for i in test_list2:\r\n    res = res + test_list.count(i)\r\n  return (res)']
Test passed: assert count_Occurrence(('a', 'a', 'c', 'b', 'd'),['a', 'b'] ) == 3
Test passed: assert count_Occurrence((1, 2, 3, 1, 4, 6, 7, 1, 4),[1, 4, 7]) == 6
Test passed: assert count_Occurrence((1,2,3,4,5,6),[1,2]) == 2
Task ID: 447
Generated Code: ['def cube_nums(nums):\r\n  return list(map(lambda x: x**3, nums))']
Test passed: assert cube_nums([1, 2, 3, 4, 5, 6, 7, 8, 9, 10])==[1, 8, 27, 64, 125, 216, 343, 512, 729, 1000]
Test passed: assert cube_nums([10,20,30])==([1000, 8000, 27000])
Test passed: assert cube_nums([12,15])==([1728, 3375])
Task ID: 448
Generated Code: ['def cal_sum(n): \r\n    sum = 0\r\n    for i in range(1, n + 1): \r\n        sum += perrin(i) \r\n    return sum']
Test raised an exception: assert cal_sum(9) == 49
Exception: name 'perrin' is not defined
Test raised an exception: assert cal_sum(10) == 66
Exception: name 'perrin' is not defined
Test raised an exception: assert cal_sum(11) == 88
Exception: name 'perrin' is not defined
Task ID: 449
Generated Code: ["def check_Triangle(a,b,c,d,e,f): \r\n    if (((a*d)+(b*e)+(c*f)) == (a*b)+(b*c)+(c*d)): \r\n        return 'Yes'\r\n    else: \r\n        return 'No'"]
Test failed: assert check_Triangle(1,5,2,5,4,6) == 'Yes'
Test passed: assert check_Triangle(1,1,1,4,1,5) == 'No'
Test failed: assert check_Triangle(1,1,1,1,1,1) == 'No'
Task ID: 450
Generated Code: ['def extract_string(test_list,size):\r\n  res = [ele for ele in test_list if len(ele) == size]\r\n  return (res)']
Test passed: assert extract_string(['Python', 'list', 'exercises', 'practice', 'solution'] ,8)==['practice', 'solution']
Test passed: assert extract_string(['Python', 'list', 'exercises', 'practice', 'solution'] ,6)==['Python']
Test passed: assert extract_string(['Python', 'list', 'exercises', 'practice', 'solution'] ,9)==['exercises']
Task ID: 451
Generated Code: ["import re\r\ndef remove_whitespaces(text):\r\n  return (re.sub(r'\\s+', '', text))"]
Test passed: assert remove_whitespaces(' Google    Flutter ') == 'GoogleFlutter'
Test passed: assert remove_whitespaces(' Google    Dart ') == 'GoogleDart'
Test passed: assert remove_whitespaces(' iOS    Swift ') == 'iOSSwift'
Task ID: 452
Generated Code: ['def loss_amount(amount,loss):\r\n  if amount > loss:\r\n    return amount - loss\r\n  else:\r\n    return None']
Test failed: assert loss_amount(1500,1200)==None
Test failed: assert loss_amount(100,200)==100
Test failed: assert loss_amount(2000,5000)==3000
Task ID: 453
Generated Code: ['def sumofFactors(n): \r\n    sum = 0\r\n    for i in range(1, n + 1): \r\n        if (n % i == 0): \r\n            sum += i \r\n    return sum']
Test failed: assert sumofFactors(18) == 26
Test failed: assert sumofFactors(30) == 48
Test failed: assert sumofFactors(6) == 8
Task ID: 454
Generated Code: ["import re\r\ndef text_match_wordz(text):\r\n  patterns = 'z'\r\n  if re.search(patterns,  text):\r\n    return ('Found a match!')\r\n  else:\r\n    return('No match!')"]
Test passed: assert text_match_wordz("pythonz.")==('Found a match!')
Test passed: assert text_match_wordz("xyz.")==('Found a match!')
Test failed: assert text_match_wordz("  lang  .")==('Not matched!')
Task ID: 455
Generated Code: ['def check_monthnumb_number(monthnumb):\r\n  if monthnumb == 5 or monthnumb == 7 or monthnumb == 12:\r\n    return True\r\n  else:\r\n    return False']
Test passed: assert check_monthnumb_number(5)==True
Test passed: assert check_monthnumb_number(2)==False
Test passed: assert check_monthnumb_number(6)==False
Task ID: 456
Generated Code: ['def reverse_string_list(list1):\r\n  return [i[::-1] for i in list1]']
Test passed: assert reverse_string_list(['Red', 'Green', 'Blue', 'White', 'Black'])==['deR', 'neerG', 'eulB', 'etihW', 'kcalB']
Test passed: assert reverse_string_list(['john','amal','joel','george'])==['nhoj','lama','leoj','egroeg']
Test passed: assert reverse_string_list(['jack','john','mary'])==['kcaj','nhoj','yram']
Task ID: 457
Generated Code: ['def Find_Min(list1):\r\n    min_len = len(list1[0])\r\n    for i in range(len(list1)):\r\n        if len(list1[i]) < min_len:\r\n            min_len = len(list1[i])\r\n    return [list1[i] for i in range(len(list1)) if len(list1[i]) == min_len]']
Test failed: assert Find_Min([[1],[1,2],[1,2,3]]) == [1]
Test failed: assert Find_Min([[1,1],[1,1,1],[1,2,7,8]]) == [1,1]
Test failed: assert Find_Min([['x'],['x','y'],['x','y','z']]) == ['x']
Task ID: 458
Generated Code: ['def rectangle_area(length,breadth):\r\n    area = length * breadth\r\n    return area']
Test passed: assert rectangle_area(10,20)==200
Test passed: assert rectangle_area(10,5)==50
Test passed: assert rectangle_area(4,2)==8
Task ID: 459
Generated Code: ["import re\r\ndef remove_uppercase(text):\r\n  return (re.sub('[A-Z]+', '', text))"]
Test passed: assert remove_uppercase('cAstyoUrFavoRitETVshoWs') == 'cstyoravoitshos'
Test passed: assert remove_uppercase('wAtchTheinTernEtrAdIo') == 'wtchheinerntrdo'
Test passed: assert remove_uppercase('VoicESeaRchAndreComMendaTionS') == 'oiceachndreomendaion'
Task ID: 460
Generated Code: ['def Extract(test_list):\r\n  res = [ele[0] for ele in test_list]\r\n  return (res)']
Test passed: assert Extract([[1, 2], [3, 4, 5], [6, 7, 8, 9]]) == [1, 3, 6]
Test passed: assert Extract([[1,2,3],[4, 5]]) == [1,4]
Test passed: assert Extract([[9,8,1],[1,2]]) == [9,1]
Task ID: 461
Generated Code: ['def upper_ctr(string):\r\n    count = 0\r\n    for i in string:\r\n        if i.isupper():\r\n            count += 1\r\n    return count']
Test failed: assert upper_ctr('PYthon') == 1
Test failed: assert upper_ctr('BigData') == 1
Test passed: assert upper_ctr('program') == 0
Task ID: 462
Generated Code: ['def combinations_list(test_list):\r\n  res = [[]]\r\n  for i in test_list:\r\n    res += [j + [i] for j in res]\r\n  return (res)']
Test failed: assert combinations_list(['orange', 'red', 'green', 'blue'])==[[], ['orange'], ['red'], ['red', 'orange'], ['green'], ['green', 'orange'], ['green', 'red'], ['green', 'red', 'orange'], ['blue'], ['blue', 'orange'], ['blue', 'red'], ['blue', 'red', 'orange'], ['blue', 'green'], ['blue', 'green', 'orange'], ['blue', 'green', 'red'], ['blue', 'green', 'red', 'orange']]
Test failed: assert combinations_list(['red', 'green', 'blue', 'white', 'black', 'orange'])==[[], ['red'], ['green'], ['green', 'red'], ['blue'], ['blue', 'red'], ['blue', 'green'], ['blue', 'green', 'red'], ['white'], ['white', 'red'], ['white', 'green'], ['white', 'green', 'red'], ['white', 'blue'], ['white', 'blue', 'red'], ['white', 'blue', 'green'], ['white', 'blue', 'green', 'red'], ['black'], ['black', 'red'], ['black', 'green'], ['black', 'green', 'red'], ['black', 'blue'], ['black', 'blue', 'red'], ['black', 'blue', 'green'], ['black', 'blue', 'green', 'red'], ['black', 'white'], ['black', 'white', 'red'], ['black', 'white', 'green'], ['black', 'white', 'green', 'red'], ['black', 'white', 'blue'], ['black', 'white', 'blue', 'red'], ['black', 'white', 'blue', 'green'], ['black', 'white', 'blue', 'green', 'red'], ['orange'], ['orange', 'red'], ['orange', 'green'], ['orange', 'green', 'red'], ['orange', 'blue'], ['orange', 'blue', 'red'], ['orange', 'blue', 'green'], ['orange', 'blue', 'green', 'red'], ['orange', 'white'], ['orange', 'white', 'red'], ['orange', 'white', 'green'], ['orange', 'white', 'green', 'red'], ['orange', 'white', 'blue'], ['orange', 'white', 'blue', 'red'], ['orange', 'white', 'blue', 'green'], ['orange', 'white', 'blue', 'green', 'red'], ['orange', 'black'], ['orange', 'black', 'red'], ['orange', 'black', 'green'], ['orange', 'black', 'green', 'red'], ['orange', 'black', 'blue'], ['orange', 'black', 'blue', 'red'], ['orange', 'black', 'blue', 'green'], ['orange', 'black', 'blue', 'green', 'red'], ['orange', 'black', 'white'], ['orange', 'black', 'white', 'red'], ['orange', 'black', 'white', 'green'], ['orange', 'black', 'white', 'green', 'red'], ['orange', 'black', 'white', 'blue'], ['orange', 'black', 'white', 'blue', 'red'], ['orange', 'black', 'white', 'blue', 'green'], ['orange', 'black', 'white', 'blue', 'green', 'red']]
Test failed: assert combinations_list(['red', 'green', 'black', 'orange'])==[[], ['red'], ['green'], ['green', 'red'], ['black'], ['black', 'red'], ['black', 'green'], ['black', 'green', 'red'], ['orange'], ['orange', 'red'], ['orange', 'green'], ['orange', 'green', 'red'], ['orange', 'black'], ['orange', 'black', 'red'], ['orange', 'black', 'green'], ['orange', 'black', 'green', 'red']]
Task ID: 463
Generated Code: ['def max_subarray_product(arr): \r\n    max_prod = arr[0] \r\n    min_prod = arr[0] \r\n    max_prod_so_far = arr[0] \r\n    for i in range(1, len(arr)): \r\n        temp = max_prod \r\n        max_prod = max(arr[i], max_prod * arr[i], min_prod * arr[i]) \r\n        min_prod = min(arr[i], temp * arr[i], min_prod * arr[i]) \r\n        if max_prod_so_far < max_prod: \r\n            max_prod_so_far = max_prod \r\n    return max_prod_so_far']
Test passed: assert max_subarray_product([1, -2, -3, 0, 7, -8, -2]) == 112
Test passed: assert max_subarray_product([6, -3, -10, 0, 2]) == 180 
Test passed: assert max_subarray_product([-2, -40, 0, -2, -3]) == 80
Task ID: 464
Generated Code: ['def check_value(dict1,n):\r\n  for i in range(n):\r\n    if dict1[i]!=dict1[n]:\r\n      return False\r\n  return True']
Test raised an exception: assert check_value({'Cierra Vega': 12, 'Alden Cantrell': 12, 'Kierra Gentry': 12, 'Pierre Cox': 12},10)==False
Exception: 0
Test raised an exception: assert check_value({'Cierra Vega': 12, 'Alden Cantrell': 12, 'Kierra Gentry': 12, 'Pierre Cox': 12},12)==True
Exception: 0
Test raised an exception: assert check_value({'Cierra Vega': 12, 'Alden Cantrell': 12, 'Kierra Gentry': 12, 'Pierre Cox': 12},5)==False
Exception: 0
Task ID: 465
Generated Code: ['def drop_empty(dict1):\r\n  dict2 = {key: value for key, value in dict1.items() if value is not None}\r\n  return dict2']
Test passed: assert drop_empty({'c1': 'Red', 'c2': 'Green', 'c3':None})=={'c1': 'Red', 'c2': 'Green'}
Test passed: assert drop_empty({'c1': 'Red', 'c2': None, 'c3':None})=={'c1': 'Red'}
Test passed: assert drop_empty({'c1': None, 'c2': 'Green', 'c3':None})=={ 'c2': 'Green'}
Task ID: 466
Generated Code: ['def find_peak(arr, n): \r\n    for i in range(n): \r\n        if (i == 0 and arr[i] > arr[i + 1]): \r\n            return i \r\n        elif (i == n - 1 and arr[i] > arr[i - 1]): \r\n            return i \r\n        elif (arr[i] > arr[i - 1] and arr[i] > arr[i + 1]): \r\n            return i']
Test passed: assert find_peak([1, 3, 20, 4, 1, 0], 6) == 2
Test passed: assert find_peak([2, 3, 4, 5, 6], 5) == 4
Test passed: assert find_peak([8, 9, 11, 12, 14, 15], 6) == 5 
Task ID: 467
Generated Code: ['def decimal_to_Octal(n): \r\n    if (n == 0): \r\n        return 0\r\n    return (n % 8) + (decimal_to_Octal(n // 8))']
Test failed: assert decimal_to_Octal(10) == 12
Test passed: assert decimal_to_Octal(2) == 2
Test failed: assert decimal_to_Octal(33) == 41
Task ID: 468
Generated Code: ['def max_product(arr, n): \r\n    arr.sort() \r\n    return arr[n - 1] * arr[n - 2]']
Test failed: assert max_product([3, 100, 4, 5, 150, 6], 6) == 45000 
Test failed: assert max_product([4, 42, 55, 68, 80], 5) == 50265600
Test failed: assert max_product([10, 22, 9, 33, 21, 50, 41, 60], 8) == 21780000 
Task ID: 469
Generated Code: ['def max_profit(price, k): \r\n    n = len(price) \r\n    if k >= n: \r\n        return sum(price) \r\n    profit = [[0 for x in range(n)] for x in range(k + 1)] \r\n    for i in range(1, k + 1): \r\n        for j in range(n): \r\n            profit[i][j] = profit[i][j - 1] \r\n            if j > 0: \r\n                profit[i][j] = max(profit[i][j], \r\n                                   profit[i - 1][j - 1] + \r\n                                   price[j]) \r\n    return profit[k][n - 1]']
Test failed: assert max_profit([1, 5, 2, 3, 7, 6, 4, 5], 3) == 10
Test failed: assert max_profit([2, 4, 7, 5, 4, 3, 5], 2) == 7
Test failed: assert max_profit([10, 6, 8, 4, 2], 2) == 2
Task ID: 470
Generated Code: ['def add_pairwise(test_tup):\r\n  res = tuple(map(sum, zip(test_tup, test_tup[1:])))\r\n  return (res)']
Test passed: assert add_pairwise((1, 5, 7, 8, 10)) == (6, 12, 15, 18)
Test passed: assert add_pairwise((2, 6, 8, 9, 11)) == (8, 14, 17, 20)
Test passed: assert add_pairwise((3, 7, 9, 10, 12)) == (10, 16, 19, 22)
Task ID: 471
Generated Code: ['def find_remainder(arr,n,m): \r\n    res = 1\r\n    for i in range(len(arr)): \r\n        res = (res * arr[i]) % m \r\n    return (res)']
Test passed: assert find_remainder([ 100, 10, 5, 25, 35, 14 ],6,11) ==9
Test passed: assert find_remainder([1,1,1],3,1) == 0
Test passed: assert find_remainder([1,2,1],3,2) == 0
Task ID: 472
Generated Code: ['def check_Consecutive(list): \r\n    list.sort() \r\n    for i in range(len(list)-1): \r\n        if list[i] + 1 != list[i+1]: \r\n            return False\r\n    return True']
Test passed: assert check_Consecutive([1,2,3,4,5]) == True
Test passed: assert check_Consecutive([1,2,3,5,6]) == False
Test passed: assert check_Consecutive([1,2,1]) == False
Task ID: 473
Generated Code: ['def tuple_intersection(test_list1, test_list2):\r\n  res = set(test_list1) & set(test_list2)\r\n  return (res)']
Test failed: assert tuple_intersection([(3, 4), (5, 6), (9, 10), (4, 5)] , [(5, 4), (3, 4), (6, 5), (9, 11)]) == {(4, 5), (3, 4), (5, 6)}
Test failed: assert tuple_intersection([(4, 1), (7, 4), (11, 13), (17, 14)] , [(1, 4), (7, 4), (16, 12), (10, 13)]) == {(4, 7), (1, 4)}
Test failed: assert tuple_intersection([(2, 1), (3, 2), (1, 3), (1, 4)] , [(11, 2), (2, 3), (6, 2), (1, 3)]) == {(1, 3), (2, 3)}
Task ID: 474
Generated Code: ['def replace_char(string,old,new):\r\n  return (string.replace(old,new))']
Test passed: assert replace_char("polygon",'y','l')==("pollgon")
Test passed: assert replace_char("character",'c','a')==("aharaater")
Test passed: assert replace_char("python",'l','a')==("python")
Task ID: 475
Generated Code: ['def sort_counter(d):\r\n    return sorted(d.items(), key=lambda x: x[1], reverse=True)']
Test passed: assert sort_counter({'Math':81, 'Physics':83, 'Chemistry':87})==[('Chemistry', 87), ('Physics', 83), ('Math', 81)]
Test passed: assert sort_counter({'Math':400, 'Physics':300, 'Chemistry':250})==[('Math', 400), ('Physics', 300), ('Chemistry', 250)]
Test passed: assert sort_counter({'Math':900, 'Physics':1000, 'Chemistry':1250})==[('Chemistry', 1250), ('Physics', 1000), ('Math', 900)]
Task ID: 476
Generated Code: ['def big_sum(arr): \r\n    arr.sort() \r\n    return arr[0] + arr[-1]']
Test passed: assert big_sum([1,2,3]) == 4
Test passed: assert big_sum([-1,2,3,4]) == 3
Test passed: assert big_sum([2,3,6]) == 8
Task ID: 477
Generated Code: ['def is_lower(str1):\r\n  return (str1.lower())']
Test passed: assert is_lower("InValid") == "invalid"
Test passed: assert is_lower("TruE") == "true"
Test passed: assert is_lower("SenTenCE") == "sentence"
Task ID: 478
Generated Code: ["def remove_lowercase(text):\r\n  res = ''.join([i for i in text if not i.islower()])\r\n  return (res)"]
Test passed: assert remove_lowercase("PYTHon")==('PYTH')
Test passed: assert remove_lowercase("FInD")==('FID')
Test passed: assert remove_lowercase("STRinG")==('STRG')
Task ID: 479
Generated Code: ['def first_Digit(n): \r\n    while (n > 9): \r\n        n = n / 10; \r\n    return n;']
Test failed: assert first_Digit(123) == 1
Test failed: assert first_Digit(456) == 4
Test failed: assert first_Digit(12) == 1
Task ID: 480
Generated Code: ['def get_max_occuring_char(str1):\r\n    res = max(set(str1), key = str1.count)\r\n    return (res)']
Test passed: assert get_max_occuring_char("data") == "a"
Test passed: assert get_max_occuring_char("create") == "e"
Test failed: assert get_max_occuring_char("brilliant girl") == "i"
Task ID: 481
Generated Code: ['def is_subset_sum(arr, n, sum): \r\n    for i in range(n): \r\n        for j in range(i + 1, n): \r\n            if (arr[i] + arr[j] == sum): \r\n                return True\r\n    return False']
Test passed: assert is_subset_sum([3, 34, 4, 12, 5, 2], 6, 9) == True
Test passed: assert is_subset_sum([3, 34, 4, 12, 5, 2], 6, 30) == False
Test passed: assert is_subset_sum([3, 34, 4, 12, 5, 2], 6, 15) == True
Task ID: 482
Generated Code: ["import re\r\ndef match(text):\r\n  pattern = '[A-Z][a-z]+'\r\n  if re.search(pattern,  text):\r\n    return 'Yes'\r\n  else:\r\n    return('No')"]
Test passed: assert match("Geeks") == 'Yes'
Test passed: assert match("geeksforGeeks") == 'Yes'
Test passed: assert match("geeks") == 'No'
Task ID: 483
Generated Code: ['def first_Factorial_Divisible_Number(x): \r\n    i = 1\r\n    while True: \r\n        if (math.factorial(i) % x == 0): \r\n            return i \r\n        i += 1']
Test raised an exception: assert first_Factorial_Divisible_Number(10) == 5
Exception: name 'math' is not defined
Test raised an exception: assert first_Factorial_Divisible_Number(15) == 5
Exception: name 'math' is not defined
Test raised an exception: assert first_Factorial_Divisible_Number(5) == 4
Exception: name 'math' is not defined
Task ID: 484
Generated Code: ['def remove_matching_tuple(test_list1, test_list2):\r\n  res = [ele for ele in test_list1 if ele not in test_list2]\r\n  return (res)']
Test passed: assert remove_matching_tuple([('Hello', 'dude'), ('How', 'are'), ('you', '?')], [('Hello', 'dude'), ('How', 'are')]) == [('you', '?')]
Test passed: assert remove_matching_tuple([('Part', 'of'), ('the', 'journey'), ('is ', 'end')], [('Journey', 'the'), ('is', 'end')]) == [('Part', 'of'), ('the', 'journey'), ('is ', 'end')]
Test passed: assert remove_matching_tuple([('Its', 'been'), ('a', 'long'), ('day', 'without')], [('a', 'long'), ('my', 'friend')]) == [('Its', 'been'), ('day', 'without')]
Task ID: 485
Generated Code: ['def largest_palindrome(arr, n): \r\n    res = -1\r\n    for i in range(n): \r\n        if (arr[i] >= 0 and arr[i] == (arr[i]): \r\n            res = max(res, arr[i]) \r\n    return (res)']
Task ID: 486
Generated Code: ['import math\r\ndef binomial_probability(n, k, p):\r\n    return math.comb(n, k) * (p ** k) * ((1 - p) ** (n - k))']
Test passed: assert binomial_probability(10, 5, 1.0/3) == 0.13656454808718185
Test passed: assert binomial_probability(11, 6, 2.0/4) == 0.2255859375
Test passed: assert binomial_probability(12, 7, 3.0/5) == 0.227030335488
Task ID: 487
Generated Code: ['def sort_tuple(test_list):\r\n  test_list.sort(key = lambda x: x[1])\r\n  return (test_list)']
Test passed: assert sort_tuple([(1, 3), (3, 2), (2, 1)] ) == [(2, 1), (3, 2), (1, 3)]
Test passed: assert sort_tuple([(2, 4), (3, 3), (1, 1)] ) == [(1, 1), (3, 3), (2, 4)]
Test passed: assert sort_tuple([(3, 9), (6, 7), (4, 3)] ) == [(4, 3), (6, 7), (3, 9)]
Task ID: 488
Generated Code: ['def area_pentagon(a):\r\n    area = (5*a*a) / (4*tan(pi/5))\r\n    return area']
Test raised an exception: assert area_pentagon(5)==43.01193501472417
Exception: name 'tan' is not defined
Test raised an exception: assert area_pentagon(10)==172.0477400588967
Exception: name 'tan' is not defined
Test raised an exception: assert area_pentagon(15)==387.10741513251753
Exception: name 'tan' is not defined
Task ID: 489
Generated Code: ['def frequency_Of_Largest(arr,n): \r\n    max_val = max(arr) \r\n    return arr.count(max_val)']
Test raised an exception: assert frequency_Of_Largest(5,[1,2,3,4,4]) == 2
Exception: 'int' object is not iterable
Test raised an exception: assert frequency_Of_Largest(3,[5,6,5]) == 1
Exception: 'int' object is not iterable
Test raised an exception: assert frequency_Of_Largest(4,[2,7,7,7]) == 3
Exception: 'int' object is not iterable
Task ID: 490
Generated Code: ['def extract_symmetric(test_list):\r\n  res = set()\r\n  for i in test_list:\r\n    if (i[0], i[1]) in test_list:\r\n      res.add(i)\r\n  return (res)']
Test failed: assert extract_symmetric([(6, 7), (2, 3), (7, 6), (9, 8), (10, 2), (8, 9)] ) == {(8, 9), (6, 7)}
Test failed: assert extract_symmetric([(7, 8), (3, 4), (8, 7), (10, 9), (11, 3), (9, 10)] ) == {(9, 10), (7, 8)}
Test failed: assert extract_symmetric([(8, 9), (4, 5), (9, 8), (11, 10), (12, 4), (10, 11)] ) == {(8, 9), (10, 11)}
Task ID: 491
Generated Code: ['def sum_gp(a,r,n): \r\n    return (a * (pow(r,n) - 1)) / (r - 1)']
Test failed: assert sum_gp(1,5,2)==31
Test failed: assert sum_gp(1,5,4)==341
Test failed: assert sum_gp(2,6,3)==728
Task ID: 492
Generated Code: ['def binary_search(arr, x): \r\n    low = 0\r\n    high = len(arr) - 1\r\n    while low <= high: \r\n        mid = (low + high) // 2\r\n        if arr[mid] == x: \r\n            return True\r\n        elif arr[mid] < x: \r\n            low = mid + 1\r\n        else: \r\n            high = mid - 1\r\n    return False']
Test passed: assert binary_search([1,2,3,5,8], 6) == False
Test passed: assert binary_search([7, 8, 9, 10, 13], 10) == True
Test passed: assert binary_search([11, 13, 14, 19, 22, 36], 23) == False
Task ID: 493
Generated Code: ['def calculate_polygons(x1,y1,x2,y2,x3,y3,x4,y4):\r\n    x = [x1,x2,x3,x4,x1]\r\n    y = [y1,y2,y3,y4,y1]\r\n    return [[(x[i],y[i]), (x[i+1],y[i+1]), (x[i+2],y[i+2]), (x[i+3],y[i+3]), (x[i+4],y[i+4])] for i in range(4)]']
Test raised an exception: assert calculate_polygons(1,1, 4, 4, 3)==[[(-5.0, -4.196152422706632), (-5.0, -0.7320508075688767), (-2.0, 1.0), (1.0, -0.7320508075688767), (1.0, -4.196152422706632), (-2.0, -5.928203230275509), (-5.0, -4.196152422706632)], [(1.0, -4.196152422706632), (1.0, -0.7320508075688767), (4.0, 1.0), (7.0, -0.7320508075688767), (7.0, -4.196152422706632), (4.0, -5.928203230275509), (1.0, -4.196152422706632)], [(7.0, -4.196152422706632), (7.0, -0.7320508075688767), (10.0, 1.0), (13.0, -0.7320508075688767), (13.0, -4.196152422706632), (10.0, -5.928203230275509), (7.0, -4.196152422706632)], [(-2.0, 1.0000000000000004), (-2.0, 4.464101615137755), (1.0, 6.196152422706632), (4.0, 4.464101615137755), (4.0, 1.0000000000000004), (1.0, -0.7320508075688767), (-2.0, 1.0000000000000004)], [(4.0, 1.0000000000000004), (4.0, 4.464101615137755), (7.0, 6.196152422706632), (10.0, 4.464101615137755), (10.0, 1.0000000000000004), (7.0, -0.7320508075688767), (4.0, 1.0000000000000004)], [(-5.0, 6.196152422706632), (-5.0, 9.660254037844387), (-2.0, 11.392304845413264), (1.0, 9.660254037844387), (1.0, 6.196152422706632), (-2.0, 4.464101615137755), (-5.0, 6.196152422706632)], [(1.0, 6.196152422706632), (1.0, 9.660254037844387), (4.0, 11.392304845413264), (7.0, 9.660254037844387), (7.0, 6.196152422706632), (4.0, 4.464101615137755), (1.0, 6.196152422706632)], [(7.0, 6.196152422706632), (7.0, 9.660254037844387), (10.0, 11.392304845413264), (13.0, 9.660254037844387), (13.0, 6.196152422706632), (10.0, 4.464101615137755), (7.0, 6.196152422706632)], [(-2.0, 11.392304845413264), (-2.0, 14.85640646055102), (1.0, 16.588457268119896), (4.0, 14.85640646055102), (4.0, 11.392304845413264), (1.0, 9.660254037844387), (-2.0, 11.392304845413264)], [(4.0, 11.392304845413264), (4.0, 14.85640646055102), (7.0, 16.588457268119896), (10.0, 14.85640646055102), (10.0, 11.392304845413264), (7.0, 9.660254037844387), (4.0, 11.392304845413264)]]
Exception: calculate_polygons() missing 3 required positional arguments: 'y3', 'x4', and 'y4'
Test raised an exception: assert calculate_polygons(5,4,7,9,8)==[[(-11.0, -9.856406460551018), (-11.0, -0.6188021535170058), (-3.0, 4.0), (5.0, -0.6188021535170058), (5.0, -9.856406460551018), (-3.0, -14.475208614068023), (-11.0, -9.856406460551018)], [(5.0, -9.856406460551018), (5.0, -0.6188021535170058), (13.0, 4.0), (21.0, -0.6188021535170058), (21.0, -9.856406460551018), (13.0, -14.475208614068023), (5.0, -9.856406460551018)], [(21.0, -9.856406460551018), (21.0, -0.6188021535170058), (29.0, 4.0), (37.0, -0.6188021535170058), (37.0, -9.856406460551018), (29.0, -14.475208614068023), (21.0, -9.856406460551018)], [(-3.0, 4.0), (-3.0, 13.237604307034012), (5.0, 17.856406460551018), (13.0, 13.237604307034012), (13.0, 4.0), (5.0, -0.6188021535170058), (-3.0, 4.0)], [(13.0, 4.0), (13.0, 13.237604307034012), (21.0, 17.856406460551018), (29.0, 13.237604307034012), (29.0, 4.0), (21.0, -0.6188021535170058), (13.0, 4.0)], [(-11.0, 17.856406460551018), (-11.0, 27.09401076758503), (-3.0, 31.712812921102035), (5.0, 27.09401076758503), (5.0, 17.856406460551018), (-3.0, 13.237604307034012), (-11.0, 17.856406460551018)], [(5.0, 17.856406460551018), (5.0, 27.09401076758503), (13.0, 31.712812921102035), (21.0, 27.09401076758503), (21.0, 17.856406460551018), (13.0, 13.237604307034012), (5.0, 17.856406460551018)], [(21.0, 17.856406460551018), (21.0, 27.09401076758503), (29.0, 31.712812921102035), (37.0, 27.09401076758503), (37.0, 17.856406460551018), (29.0, 13.237604307034012), (21.0, 17.856406460551018)], [(-3.0, 31.712812921102035), (-3.0, 40.95041722813605), (5.0, 45.569219381653056), (13.0, 40.95041722813605), (13.0, 31.712812921102035), (5.0, 27.09401076758503), (-3.0, 31.712812921102035)], [(13.0, 31.712812921102035), (13.0, 40.95041722813605), (21.0, 45.569219381653056), (29.0, 40.95041722813605), (29.0, 31.712812921102035), (21.0, 27.09401076758503), (13.0, 31.712812921102035)]]
Exception: calculate_polygons() missing 3 required positional arguments: 'y3', 'x4', and 'y4'
Test raised an exception: assert calculate_polygons(9,6,4,3,2)==[[(5.0, 2.5358983848622456), (5.0, 4.8452994616207485), (7.0, 6.0), (9.0, 4.8452994616207485), (9.0, 2.5358983848622456), (7.0, 1.3811978464829942), (5.0, 2.5358983848622456)], [(7.0, 6.0), (7.0, 8.309401076758503), (9.0, 9.464101615137753), (11.0, 8.309401076758503), (11.0, 6.0), (9.0, 4.8452994616207485), (7.0, 6.0)]]
Exception: calculate_polygons() missing 3 required positional arguments: 'y3', 'x4', and 'y4'
Task ID: 494
Generated Code: ["def binary_to_integer(test_tup):\r\n  res = int(''.join(map(str, test_tup)), 2)\r\n  return (str(res))"]
Test passed: assert binary_to_integer((1, 1, 0, 1, 0, 0, 1)) == '105'
Test passed: assert binary_to_integer((0, 1, 1, 0, 0, 1, 0, 1)) == '101'
Test passed: assert binary_to_integer((1, 1, 0, 1, 0, 1)) == '53'
Task ID: 495
Generated Code: ["import re\r\ndef remove_lowercase(text):\r\n  return (re.sub('[a-z]+', '', text))"]
Test passed: assert remove_lowercase('KDeoALOklOOHserfLoAJSIskdsf') == 'KDALOOOHLAJSI'
Test passed: assert remove_lowercase('ProducTnamEstreAmIngMediAplAYer') == 'PTEAIMAAY'
Test passed: assert remove_lowercase('maNufacTuredbYSheZenTechNolOGIes') == 'NTYSZTNOGI'
Task ID: 496
Generated Code: ['import heapq\r\ndef heap_queue_smallest(nums,k):\r\n    heap = []\r\n    for i in range(k):\r\n        heapq.heappush(heap, nums[i])\r\n    return heap']
Test failed: assert heap_queue_smallest( [25, 35, 22, 85, 14, 65, 75, 25, 58],3)==[14, 22, 25] 
Test failed: assert heap_queue_smallest( [25, 35, 22, 85, 14, 65, 75, 25, 58],2)==[14, 22]
Test failed: assert heap_queue_smallest( [25, 35, 22, 85, 14, 65, 75, 22, 58],5)==[14, 22, 22, 25, 35]
Task ID: 497
Generated Code: ['def surfacearea_cone(r,h):\r\n    s = math.pi * r * (r + math.sqrt(r*r + h*h))\r\n    return s']
Test raised an exception: assert surfacearea_cone(5,12)==282.7433388230814
Exception: name 'math' is not defined
Test raised an exception: assert surfacearea_cone(10,15)==880.5179353159282
Exception: name 'math' is not defined
Test raised an exception: assert surfacearea_cone(19,17)==2655.923961165254
Exception: name 'math' is not defined
Task ID: 498
Generated Code: ['def gcd(a, b):\r\n    if a == 0:\r\n        return b\r\n    return gcd(b % a, a)']
Test passed: assert gcd(12, 17) == 1
Test passed: assert gcd(4,6) == 2
Test passed: assert gcd(2,9) == 1
Task ID: 499
Generated Code: ['def diameter_circle(r):\r\n    return 2*r']
Test passed: assert diameter_circle(10)==20
Test passed: assert diameter_circle(40)==80
Test passed: assert diameter_circle(15)==30
Task ID: 500
Generated Code: ["def concatenate_elements(test_list):\r\n  res = ' '.join(test_list)\r\n  return (res)"]
Test failed: assert concatenate_elements(['hello','there','have','a','rocky','day'] ) == '  hello there have a rocky day'
Test failed: assert concatenate_elements([ 'Hi', 'there', 'How','are', 'you'] ) == '  Hi there How are you'
Test failed: assert concatenate_elements([ 'Part', 'of', 'the','journey', 'is', 'end'] ) == '  Part of the journey is end'
Task ID: 501
Generated Code: ['def num_comm_div(x,y): \r\n    for i in range(1, min(x, y) + 1): \r\n        if (x % i == 0) and (y % i == 0): \r\n            return i \r\n    return 1']
Test failed: assert num_comm_div(2,4) == 2
Test failed: assert num_comm_div(2,8) == 2
Test failed: assert num_comm_div(12,24) == 6
Task ID: 502
Generated Code: ['def find(a,b):\r\n    return a%b']
Test passed: assert find(3,3) == 0
Test passed: assert find(10,3) == 1
Test passed: assert find(16,5) == 1
Task ID: 503
Generated Code: ['def add_consecutive_nums(nums):\r\n  res = [nums[i] + nums[i + 1] for i in range(len(nums) - 1)]\r\n  return (res)']
Test passed: assert add_consecutive_nums([1, 1, 3, 4, 4, 5, 6, 7])==[2, 4, 7, 8, 9, 11, 13]
Test passed: assert add_consecutive_nums([4, 5, 8, 9, 6, 10])==[9, 13, 17, 15, 16]
Test passed: assert add_consecutive_nums([1, 2, 3, 4, 5, 6, 7, 8, 9, 10])==[3, 5, 7, 9, 11, 13, 15, 17, 19]
Task ID: 504
Generated Code: ['def sum_Of_Series(n) : \r\n    return (n * (n + 1) * (2 * n + 1)) // 3']
Test failed: assert sum_Of_Series(5) == 225
Test failed: assert sum_Of_Series(2) == 9
Test failed: assert sum_Of_Series(3) == 36
Task ID: 505
Generated Code: ['def re_order(arr):\r\n    count = 0\r\n    for i in range(len(arr)):\r\n        if arr[i] == 0:\r\n            count += 1\r\n    for i in range(count):\r\n        arr.append(0)\r\n    for i in range(count):\r\n        arr.pop(0)\r\n    return arr']
Test failed: assert re_order([6, 0, 8, 2, 3, 0, 4, 0, 1]) == [6, 8, 2, 3, 4, 1, 0, 0, 0]
Test failed: assert re_order([4, 0, 2, 7, 0, 9, 0, 12, 0]) == [4, 2, 7, 9, 12, 0, 0, 0, 0]
Test failed: assert re_order([3, 11, 0, 74, 14, 0, 1, 0, 2]) == [3, 11, 74, 14, 1, 2, 0, 0, 0]
Task ID: 506
Generated Code: ['def permutation_coefficient(n, k): \r\n    if (k == 0 or k == n): \r\n        return 1\r\n    return permutation_coefficient(n - 1, k - 1) + permutation_coefficient(n - 1, k)']
Test failed: assert permutation_coefficient(10, 2) == 90
Test failed: assert permutation_coefficient(10, 3) == 720
Test passed: assert permutation_coefficient(10, 1) == 10
Task ID: 507
Generated Code: ['def remove_words(test_list,remove_list):\r\n  res = [ele for ele in test_list if ele not in remove_list]\r\n  return (res)']
Test passed: assert remove_words(['red', 'green', 'blue', 'white', 'black', 'orange'],['white', 'orange'])==['red', 'green', 'blue', 'black']
Test passed: assert remove_words(['red', 'green', 'blue', 'white', 'black', 'orange'],['black', 'orange'])==['red', 'green', 'blue', 'white']
Test passed: assert remove_words(['red', 'green', 'blue', 'white', 'black', 'orange'],['blue', 'white'])==['red', 'green', 'black', 'orange']
Task ID: 508
Generated Code: ['def same_order(list1,list2):\r\n    for i in range(len(list1)):\r\n        if list1[i] in list2:\r\n            list2.remove(list1[i])\r\n        else:\r\n            return False\r\n    return True']
Test failed: assert same_order(["red","green","black","orange"],["red","pink","green","white","black"])==True
Test passed: assert same_order(["red","pink","green","white","black"],["white","orange","pink","black"])==False
Test failed: assert same_order(["red","green","black","orange"],["red","pink","green","white","black"])==True
Task ID: 509
Generated Code: ['def average_Odd(n): \r\n    sum = 0\r\n    for i in range(1, n + 1): \r\n        if (i % 2 != 0): \r\n            sum += i \r\n    return sum / n']
Test failed: assert average_Odd(9) == 5
Test failed: assert average_Odd(5) == 3
Test failed: assert average_Odd(11) == 6
Task ID: 510
Generated Code: ['def no_of_subsequences(arr, k): \r\n    n = len(arr) \r\n    count = 0\r\n    for i in range(n): \r\n        for j in range(i, n): \r\n            if (arr[i] * arr[j] < k): \r\n                count += 1\r\n    return count']
Test failed: assert no_of_subsequences([1,2,3,4], 10) == 11
Test failed: assert no_of_subsequences([4,8,7,2], 50) == 9
Test failed: assert no_of_subsequences([5,6,7,8], 15) == 4
